INFO  [2015-09-23 14:32:00.328] - set logback configuration file '/root/sakuli/sakuli-v0.9.1-SNAPSHOT/config/sakuli-log-config.xml'
INFO  [2015-09-23 14:32:00.354] - initialize test suite with id 'consol_cm_assign_ticket'
INFO  [2015-09-23 14:32:00.359] - 
--- TestSuite initialization: read test suite information of file "/root/Desktop/git/sakuli-example-testautomation-day/docker_e2e/consol_cm_test_suites/test_assign_ticket/testsuite.suite" ----
// format:
// testcase_folder/testcase.sah http://www.starturl.de
//
test_case_1/tc_assign_ticket.js http://sahi.example.com/_s_/dyn/Driver_initialized
 --- End of File "/root/Desktop/git/sakuli-example-testautomation-day/docker_e2e/consol_cm_test_suites/test_assign_ticket/testsuite.suite" ---
INFO  [2015-09-23 14:32:00.360] - test suite with guid 'consol_cm_assign_ticket__2015_09_23_14_32_00_354' has been initialized!
INFO  [2015-09-23 14:32:00.361] - Initialize Sahi Proxy! 
INFO  [2015-09-23 14:32:00.376] - START Sahi-PROXY: Sahi-Home folder '/root/sakuli/sahi', Sahi-Configuration folder '/root/sakuli/sahi/userdata'
INFO  [2015-09-23 14:32:00.605] - Start Sakuli-Test-Suite from folder "/root/Desktop/git/sakuli-example-testautomation-day/docker_e2e/consol_cm_test_suites/test_assign_ticket"
INFO  [2015-09-23 14:32:00.606] - connect Sahi-TestRunner:http://localhost:9999
INFO  [2015-09-23 14:32:00.610] - Sahi-Script-Runner starts!

INFO  [2015-09-23 14:32:00.838] - Add RhinoScriptRunner to the JavaBackEnd
INFO  [2015-09-23 14:32:03.017] - set default path for images to the test case folder "/root/Desktop/git/sakuli-example-testautomation-day/docker_e2e/consol_cm_test_suites/test_assign_ticket/test_case_1"
INFO  [2015-09-23 14:32:03.037] - "test case not initialized" TestCaseAction.getIdFromPath() - convert the path of the test case file to a valid test case ID with arg(s) [/root/Desktop/git/sakuli-example-testautomation-day/docker_e2e/consol_cm_test_suites/test_assign_ticket/test_case_1/undefined]
INFO  [2015-09-23 14:32:03.038] - Return a test-case-id for "/root/Desktop/git/sakuli-example-testautomation-day/docker_e2e/consol_cm_test_suites/test_assign_ticket/test_case_1/undefined"
INFO  [2015-09-23 14:32:03.038] - test-case-id = test_case_1
INFO  [2015-09-23 14:32:03.038] - "test case not initialized" TestCaseAction.init() - init a new test case with arg(s) [test_case_1, 60, 70, [/root/Desktop/git/sakuli-example-testautomation-day/docker_e2e/consol_cm_test_suites/test_assign_ticket/test_case_1]]
INFO  [2015-09-23 14:32:03.038] - load all pics from "/root/Desktop/git/sakuli-example-testautomation-day/docker_e2e/consol_cm_test_suites/test_assign_ticket/test_case_1" in picLib
INFO  [2015-09-23 14:32:03.064] - loaded image [id=browser_maximize, path=/root/Desktop/git/sakuli-example-testautomation-day/docker_e2e/consol_cm_test_suites/test_assign_ticket/test_case_1/browser_maximize.png ]
INFO  [2015-09-23 14:32:03.064] - set isRequestDelayActive=true
INFO  [2015-09-23 14:32:03.065] - Now start to execute the test case 'test_case_1' ! 
 ....
 ...
....
INFO  [2015-09-23 14:32:03.067] - [info] runcmd: wmctrl -m 
INFO  [2015-09-23 14:32:03.082] - [info] runcmd: xdotool version 
INFO  [2015-09-23 14:32:03.094] - [error] RunTimeAPI: fatal error: java.io.IOException: Cannot run program "xdotool": error=2, No such file or directory
INFO  [2015-09-23 14:32:03.095] - "Firefox" Application.focusWindow() - focus application in window with arg(s) [0]
INFO  [2015-09-23 14:32:03.114] - [log] App.focus:  [0:Firefox]
INFO  [2015-09-23 14:32:04.115] - "Firefox" Application.getRegion() - get a Region object from the application
INFO  [2015-09-23 14:32:04.127] - "R[0,75 1280x922]@S(0)" Region.move() - move this region with arg(s) [0, -40]
INFO  [2015-09-23 14:32:04.128] - "R[0,35 1280x922]@S(0)" Region.setH() - set new height for this region with arg(s) [40]
INFO  [2015-09-23 14:32:04.129] - "R[0,35 1280x40]@S(0)" Region.exists() - check if this region is visible with arg(s) [browser_maximize, 1]
INFO  [2015-09-23 14:32:05.213] - _navigateTo("ENTER YOUR URL");
INFO  [2015-09-23 14:33:36.285] - set logback configuration file '/root/sakuli/sakuli-v0.9.1-SNAPSHOT/config/sakuli-log-config.xml'
INFO  [2015-09-23 14:33:36.293] - initialize test suite with id 'consol_cm_assign_ticket'
INFO  [2015-09-23 14:33:36.312] - 
--- TestSuite initialization: read test suite information of file "/root/Desktop/git/sakuli-example-testautomation-day/docker_e2e/consol_cm_test_suites/test_assign_ticket/testsuite.suite" ----
// format:
// testcase_folder/testcase.sah http://www.starturl.de
//
test_case_1/tc_assign_ticket.js http://sahi.example.com/_s_/dyn/Driver_initialized
 --- End of File "/root/Desktop/git/sakuli-example-testautomation-day/docker_e2e/consol_cm_test_suites/test_assign_ticket/testsuite.suite" ---
INFO  [2015-09-23 14:33:36.314] - test suite with guid 'consol_cm_assign_ticket__2015_09_23_14_33_36_293' has been initialized!
INFO  [2015-09-23 14:33:36.315] - Initialize Sahi Proxy! 
INFO  [2015-09-23 14:33:36.315] - START Sahi-PROXY: Sahi-Home folder '/root/sakuli/sahi', Sahi-Configuration folder '/root/sakuli/sahi/userdata'
INFO  [2015-09-23 14:33:36.533] - Start Sakuli-Test-Suite from folder "/root/Desktop/git/sakuli-example-testautomation-day/docker_e2e/consol_cm_test_suites/test_assign_ticket"
INFO  [2015-09-23 14:33:36.534] - connect Sahi-TestRunner:http://localhost:9999
INFO  [2015-09-23 14:33:36.535] - Sahi-Script-Runner starts!

INFO  [2015-09-23 14:33:36.765] - Add RhinoScriptRunner to the JavaBackEnd
INFO  [2015-09-23 14:33:38.676] - set default path for images to the test case folder "/root/Desktop/git/sakuli-example-testautomation-day/docker_e2e/consol_cm_test_suites/test_assign_ticket/test_case_1"
INFO  [2015-09-23 14:33:38.717] - "test case not initialized" TestCaseAction.getIdFromPath() - convert the path of the test case file to a valid test case ID with arg(s) [/root/Desktop/git/sakuli-example-testautomation-day/docker_e2e/consol_cm_test_suites/test_assign_ticket/test_case_1/undefined]
INFO  [2015-09-23 14:33:38.717] - Return a test-case-id for "/root/Desktop/git/sakuli-example-testautomation-day/docker_e2e/consol_cm_test_suites/test_assign_ticket/test_case_1/undefined"
INFO  [2015-09-23 14:33:38.717] - test-case-id = test_case_1
INFO  [2015-09-23 14:33:38.718] - "test case not initialized" TestCaseAction.init() - init a new test case with arg(s) [test_case_1, 60, 70, [/root/Desktop/git/sakuli-example-testautomation-day/docker_e2e/consol_cm_test_suites/test_assign_ticket/test_case_1]]
INFO  [2015-09-23 14:33:38.718] - load all pics from "/root/Desktop/git/sakuli-example-testautomation-day/docker_e2e/consol_cm_test_suites/test_assign_ticket/test_case_1" in picLib
INFO  [2015-09-23 14:33:38.759] - loaded image [id=browser_maximize, path=/root/Desktop/git/sakuli-example-testautomation-day/docker_e2e/consol_cm_test_suites/test_assign_ticket/test_case_1/browser_maximize.png ]
INFO  [2015-09-23 14:33:38.760] - set isRequestDelayActive=true
INFO  [2015-09-23 14:33:38.761] - Now start to execute the test case 'test_case_1' ! 
 ....
 ...
....
INFO  [2015-09-23 14:33:38.763] - [info] runcmd: wmctrl -m 
INFO  [2015-09-23 14:33:38.782] - [info] runcmd: xdotool version 
INFO  [2015-09-23 14:33:38.784] - [error] RunTimeAPI: fatal error: java.io.IOException: Cannot run program "xdotool": error=2, No such file or directory
INFO  [2015-09-23 14:33:38.785] - "Firefox" Application.focusWindow() - focus application in window with arg(s) [0]
INFO  [2015-09-23 14:33:38.814] - [log] App.focus:  [0:Firefox]
INFO  [2015-09-23 14:33:39.815] - "Firefox" Application.getRegion() - get a Region object from the application
INFO  [2015-09-23 14:33:39.822] - "R[0,75 1280x922]@S(0)" Region.move() - move this region with arg(s) [0, -40]
INFO  [2015-09-23 14:33:39.822] - "R[0,35 1280x922]@S(0)" Region.setH() - set new height for this region with arg(s) [40]
INFO  [2015-09-23 14:33:39.823] - "R[0,35 1280x40]@S(0)" Region.exists() - check if this region is visible with arg(s) [browser_maximize, 1]
INFO  [2015-09-23 14:33:40.963] - _navigateTo("http://10.4.14.128:8080/cm-client/");
INFO  [2015-09-23 14:33:41.550] - _call(top.location.reload());
INFO  [2015-09-23 14:33:41.649] - "test case [id=test_case_1, name=test_case_1]" TestCaseAction.addTestCaseStep() - add a step to the current test case with arg(s) [Load Consol CM, 1443011618718, 1443011621649, 0]
INFO  [2015-09-23 14:33:41.651] - Environment.sleep() - sleep and do nothing for x seconds with arg(s) [2]
INFO  [2015-09-23 14:33:43.728] - _focus(_textbox("username"));
INFO  [2015-09-23 14:33:43.882] - _click(_textbox("username"));
INFO  [2015-09-23 14:33:43.955] - wait 500ms for sahi refresh
INFO  [2015-09-23 14:33:44.456] - sahi-proxy-timer modified to 2040 ms
INFO  [2015-09-23 14:33:44.457] - Environment.type() - type over system keyboard with arg(s) [bearbeiter_2]
INFO  [2015-09-23 14:33:44.462] - [log]  TYPE "bearbeiter_2"
INFO  [2015-09-23 14:33:45.623] - reset sahi-proxy-timer
INFO  [2015-09-23 14:33:46.081] - _sahi.setServerVar('___lastValue___1443011625626', _getValue(_textbox("username")));
INFO  [2015-09-23 14:33:46.246] - _setValue(_textbox("username"), "bearbeiter_2");
INFO  [2015-09-23 14:33:46.401] - _setValue(_password("password"), "sakuli");
INFO  [2015-09-23 14:33:46.434] - Environment.sleep() - sleep and do nothing for x seconds with arg(s) [1]
INFO  [2015-09-23 14:33:47.435] - wait 500ms for sahi refresh
INFO  [2015-09-23 14:33:47.936] - sahi-proxy-timer modified to 170 ms
INFO  [2015-09-23 14:33:47.936] - Environment.type() - type over system keyboard with arg(s) [
]
INFO  [2015-09-23 14:33:47.937] - [profile] TStart: Region.type
INFO  [2015-09-23 14:33:47.937] - [log]  TYPE "#ENTER."
INFO  [2015-09-23 14:33:47.937] - [profile] TLap: (0.000 sec): (before getting Robot) Region.type
INFO  [2015-09-23 14:33:47.938] - [profile] TLap: (0.001 sec): (before typing) Region.type
INFO  [2015-09-23 14:33:48.045] - [profile] TLap: (0.108 sec): (after typing, before waitForIdle) Region.type
INFO  [2015-09-23 14:33:48.047] - [profile] TEnd (0.109 sec): Region.type
INFO  [2015-09-23 14:33:48.047] - reset sahi-proxy-timer
INFO  [2015-09-23 14:33:48.048] - wait 500ms for sahi refresh
INFO  [2015-09-23 14:33:48.548] - sahi-proxy-timer modified to 170 ms
INFO  [2015-09-23 14:33:48.549] - Environment.type() - type over system keyboard with arg(s) [
]
INFO  [2015-09-23 14:33:48.549] - [profile] TStart: Region.type
INFO  [2015-09-23 14:33:48.549] - [log]  TYPE "#ENTER."
INFO  [2015-09-23 14:33:48.550] - [profile] TLap: (0.001 sec): (before getting Robot) Region.type
INFO  [2015-09-23 14:33:48.550] - [profile] TLap: (0.001 sec): (before typing) Region.type
INFO  [2015-09-23 14:33:48.687] - [profile] TLap: (0.138 sec): (after typing, before waitForIdle) Region.type
INFO  [2015-09-23 14:33:48.690] - [profile] TEnd (0.141 sec): Region.type
INFO  [2015-09-23 14:33:48.690] - reset sahi-proxy-timer
INFO  [2015-09-23 14:34:29.505] - set logback configuration file '/root/sakuli/sakuli-v0.9.1-SNAPSHOT/config/sakuli-log-config.xml'
INFO  [2015-09-23 14:34:29.513] - initialize test suite with id 'consol_cm_assign_ticket'
INFO  [2015-09-23 14:34:29.534] - 
--- TestSuite initialization: read test suite information of file "/root/Desktop/git/sakuli-example-testautomation-day/docker_e2e/consol_cm_test_suites/test_assign_ticket/testsuite.suite" ----
// format:
// testcase_folder/testcase.sah http://www.starturl.de
//
test_case_1/tc_assign_ticket.js http://sahi.example.com/_s_/dyn/Driver_initialized
 --- End of File "/root/Desktop/git/sakuli-example-testautomation-day/docker_e2e/consol_cm_test_suites/test_assign_ticket/testsuite.suite" ---
INFO  [2015-09-23 14:34:29.536] - test suite with guid 'consol_cm_assign_ticket__2015_09_23_14_34_29_513' has been initialized!
INFO  [2015-09-23 14:34:29.537] - Initialize Sahi Proxy! 
INFO  [2015-09-23 14:34:29.537] - START Sahi-PROXY: Sahi-Home folder '/root/sakuli/sahi', Sahi-Configuration folder '/root/sakuli/sahi/userdata'
INFO  [2015-09-23 14:34:29.775] - Start Sakuli-Test-Suite from folder "/root/Desktop/git/sakuli-example-testautomation-day/docker_e2e/consol_cm_test_suites/test_assign_ticket"
INFO  [2015-09-23 14:34:29.776] - connect Sahi-TestRunner:http://localhost:9999
INFO  [2015-09-23 14:34:29.777] - Sahi-Script-Runner starts!

INFO  [2015-09-23 14:34:29.999] - Add RhinoScriptRunner to the JavaBackEnd
INFO  [2015-09-23 14:34:32.101] - set default path for images to the test case folder "/root/Desktop/git/sakuli-example-testautomation-day/docker_e2e/consol_cm_test_suites/test_assign_ticket/test_case_1"
INFO  [2015-09-23 14:34:32.105] - "test case not initialized" TestCaseAction.getIdFromPath() - convert the path of the test case file to a valid test case ID with arg(s) [/root/Desktop/git/sakuli-example-testautomation-day/docker_e2e/consol_cm_test_suites/test_assign_ticket/test_case_1/undefined]
INFO  [2015-09-23 14:34:32.105] - Return a test-case-id for "/root/Desktop/git/sakuli-example-testautomation-day/docker_e2e/consol_cm_test_suites/test_assign_ticket/test_case_1/undefined"
INFO  [2015-09-23 14:34:32.105] - test-case-id = test_case_1
INFO  [2015-09-23 14:34:32.115] - "test case not initialized" TestCaseAction.init() - init a new test case with arg(s) [test_case_1, 60, 70, [/root/Desktop/git/sakuli-example-testautomation-day/docker_e2e/consol_cm_test_suites/test_assign_ticket/test_case_1]]
INFO  [2015-09-23 14:34:32.116] - load all pics from "/root/Desktop/git/sakuli-example-testautomation-day/docker_e2e/consol_cm_test_suites/test_assign_ticket/test_case_1" in picLib
INFO  [2015-09-23 14:34:32.143] - loaded image [id=browser_maximize, path=/root/Desktop/git/sakuli-example-testautomation-day/docker_e2e/consol_cm_test_suites/test_assign_ticket/test_case_1/browser_maximize.png ]
INFO  [2015-09-23 14:34:32.143] - set isRequestDelayActive=true
INFO  [2015-09-23 14:34:32.144] - Now start to execute the test case 'test_case_1' ! 
 ....
 ...
....
INFO  [2015-09-23 14:34:32.146] - [info] runcmd: wmctrl -m 
INFO  [2015-09-23 14:34:32.209] - [info] runcmd: xdotool version 
INFO  [2015-09-23 14:34:32.210] - [error] RunTimeAPI: fatal error: java.io.IOException: Cannot run program "xdotool": error=2, No such file or directory
INFO  [2015-09-23 14:34:32.211] - "Firefox" Application.focusWindow() - focus application in window with arg(s) [0]
INFO  [2015-09-23 14:34:32.220] - [log] App.focus:  [0:Firefox]
INFO  [2015-09-23 14:34:33.221] - "Firefox" Application.getRegion() - get a Region object from the application
INFO  [2015-09-23 14:34:33.239] - "R[0,75 1280x922]@S(0)" Region.move() - move this region with arg(s) [0, -40]
INFO  [2015-09-23 14:34:33.239] - "R[0,35 1280x922]@S(0)" Region.setH() - set new height for this region with arg(s) [40]
INFO  [2015-09-23 14:34:33.240] - "R[0,35 1280x40]@S(0)" Region.exists() - check if this region is visible with arg(s) [browser_maximize, 1]
INFO  [2015-09-23 14:34:34.352] - _navigateTo("http://10.4.14.128:8080/cm-client/");
INFO  [2015-09-23 14:34:34.874] - _call(top.location.reload());
INFO  [2015-09-23 14:34:34.974] - "test case [id=test_case_1, name=test_case_1]" TestCaseAction.addTestCaseStep() - add a step to the current test case with arg(s) [Load Consol CM, 1443011672115, 1443011674974, 0]
INFO  [2015-09-23 14:34:34.975] - Environment.sleep() - sleep and do nothing for x seconds with arg(s) [2]
INFO  [2015-09-23 14:34:37.091] - _focus(_textbox("username"));
INFO  [2015-09-23 14:34:37.242] - _click(_textbox("username"));
INFO  [2015-09-23 14:34:37.280] - wait 500ms for sahi refresh
INFO  [2015-09-23 14:34:37.781] - sahi-proxy-timer modified to 2040 ms
INFO  [2015-09-23 14:34:37.781] - Environment.type() - type over system keyboard with arg(s) [bearbeiter_2]
INFO  [2015-09-23 14:34:37.787] - [log]  TYPE "bearbeiter_2"
INFO  [2015-09-23 14:34:38.941] - reset sahi-proxy-timer
INFO  [2015-09-23 14:34:39.455] - _sahi.setServerVar('___lastValue___1443011678944', _getValue(_textbox("username")));
INFO  [2015-09-23 14:34:39.616] - _setValue(_textbox("username"), "bearbeiter_2");
INFO  [2015-09-23 14:34:39.775] - _setValue(_password("password"), "5akuli");
INFO  [2015-09-23 14:34:39.854] - Environment.sleep() - sleep and do nothing for x seconds with arg(s) [1]
INFO  [2015-09-23 14:34:40.855] - wait 500ms for sahi refresh
INFO  [2015-09-23 14:34:41.356] - sahi-proxy-timer modified to 170 ms
INFO  [2015-09-23 14:34:41.356] - Environment.type() - type over system keyboard with arg(s) [
]
INFO  [2015-09-23 14:34:41.356] - [profile] TStart: Region.type
INFO  [2015-09-23 14:34:41.357] - [log]  TYPE "#ENTER."
INFO  [2015-09-23 14:34:41.357] - [profile] TLap: (0.001 sec): (before getting Robot) Region.type
INFO  [2015-09-23 14:34:41.357] - [profile] TLap: (0.001 sec): (before typing) Region.type
INFO  [2015-09-23 14:34:41.465] - [profile] TLap: (0.108 sec): (after typing, before waitForIdle) Region.type
INFO  [2015-09-23 14:34:41.614] - [profile] TEnd (0.258 sec): Region.type
INFO  [2015-09-23 14:34:41.614] - reset sahi-proxy-timer
INFO  [2015-09-23 14:34:41.615] - wait 500ms for sahi refresh
INFO  [2015-09-23 14:34:42.123] - sahi-proxy-timer modified to 170 ms
INFO  [2015-09-23 14:34:42.123] - Environment.type() - type over system keyboard with arg(s) [
]
INFO  [2015-09-23 14:34:42.124] - [profile] TStart: Region.type
INFO  [2015-09-23 14:34:42.124] - [log]  TYPE "#ENTER."
INFO  [2015-09-23 14:34:42.124] - [profile] TLap: (0.000 sec): (before getting Robot) Region.type
INFO  [2015-09-23 14:34:42.124] - [profile] TLap: (0.000 sec): (before typing) Region.type
INFO  [2015-09-23 14:34:42.265] - [profile] TLap: (0.140 sec): (after typing, before waitForIdle) Region.type
INFO  [2015-09-23 14:34:42.266] - [profile] TEnd (0.142 sec): Region.type
INFO  [2015-09-23 14:34:42.267] - reset sahi-proxy-timer
INFO  [2015-09-23 14:34:42.388] - _highlight(_span("Angemeldet als:"));
INFO  [2015-09-23 14:34:42.469] - Environment.sleep() - sleep and do nothing for x seconds with arg(s) [1]
INFO  [2015-09-23 14:34:43.548] - _highlight(_span("user"));
INFO  [2015-09-23 14:34:43.570] - "test case [id=test_case_1, name=test_case_1]" TestCaseAction.addTestCaseStep() - add a step to the current test case with arg(s) [Login, 1443011674974, 1443011683570, 0]
INFO  [2015-09-23 14:34:43.728] - _highlight(_div(0, _in(_div("/accordion_item first .*/"))));
INFO  [2015-09-23 14:34:43.919] - _highlight(_div(1, _in(_div("/accordion_item first .*/"))));
INFO  [2015-09-23 14:34:44.101] - _click(_link(0, _in(_div(1, _in(_div("/accordion_item first .*/"))))));
INFO  [2015-09-23 14:34:45.908] - _sahi.setServerVar('___lastValue___1443011684191', _count("_div", "/cl_item tt_init .*/"));
INFO  [2015-09-23 14:34:56.815] - create screen shot for error "_highlight(_div("/cl_item tt_init .*/[indexOfLast]"));
TypeError: el is undefined
Sahi.prototype._highlight@http://10.4.14.128:8080/_s_/spr/concat.js:1210:9
@http://10.4.14.128:8080/_s_/spr/concat.js line 3607 > eval:1:1
Sahi.prototype.ex@http://10.4.14.128:8080/_s_/spr/concat.js:3607:9
Sahi.prototype.ex@http://10.4.14.128:8080/_s_/spr/sakuli/inject.js:46:12
@http://10.4.14.128:8080/_s_/spr/concat.js:3373:5

<a href='/_s_/dyn/Log_getBrowserScript?href=/root/Desktop/git/sakuli-example-testautomation-day/docker_e2e/consol_cm_test_suites/test_assign_ticket/test_case_1/tc_assign_ticket.js&n=1210'><b>Click for browser script</b></a>"
INFO  [2015-09-23 14:34:56.944] - screen shot saved to file "/root/Desktop/git/sakuli-example-testautomation-day/docker_e2e/consol_cm_test_suites/test_assign_ticket/_logs/_screenshots/2015_09_23_14_34_56_815__highlight_div_cl_item_tt_.jpg"
ERROR [2015-09-23 14:34:56.944] - org.sakuli.exceptions.SakuliException: _highlight(_div("/cl_item tt_init .*/[indexOfLast]"));
TypeError: el is undefined
Sahi.prototype._highlight@http://10.4.14.128:8080/_s_/spr/concat.js:1210:9
@http://10.4.14.128:8080/_s_/spr/concat.js line 3607 > eval:1:1
Sahi.prototype.ex@http://10.4.14.128:8080/_s_/spr/concat.js:3607:9
Sahi.prototype.ex@http://10.4.14.128:8080/_s_/spr/sakuli/inject.js:46:12
@http://10.4.14.128:8080/_s_/spr/concat.js:3373:5

<a href='/_s_/dyn/Log_getBrowserScript?href=/root/Desktop/git/sakuli-example-testautomation-day/docker_e2e/consol_cm_test_suites/test_assign_ticket/test_case_1/tc_assign_ticket.js&n=1210'><b>Click for browser script</b></a>
org.sakuli.exceptions.SakuliExceptionWithScreenshot: org.sakuli.exceptions.SakuliException: _highlight(_div("/cl_item tt_init .*/[indexOfLast]"));
TypeError: el is undefined
Sahi.prototype._highlight@http://10.4.14.128:8080/_s_/spr/concat.js:1210:9
@http://10.4.14.128:8080/_s_/spr/concat.js line 3607 > eval:1:1
Sahi.prototype.ex@http://10.4.14.128:8080/_s_/spr/concat.js:3607:9
Sahi.prototype.ex@http://10.4.14.128:8080/_s_/spr/sakuli/inject.js:46:12
@http://10.4.14.128:8080/_s_/spr/concat.js:3373:5

<a href='/_s_/dyn/Log_getBrowserScript?href=/root/Desktop/git/sakuli-example-testautomation-day/docker_e2e/consol_cm_test_suites/test_assign_ticket/test_case_1/tc_assign_ticket.js&n=1210'><b>Click for browser script</b></a>
	at org.sakuli.exceptions.SakuliExceptionHandler.transformException(SakuliExceptionHandler.java:302) [sakuli.jar:na]
	at org.sakuli.exceptions.SakuliExceptionHandler.processException(SakuliExceptionHandler.java:182) [sakuli.jar:na]
	at org.sakuli.exceptions.SakuliExceptionHandler.handleException(SakuliExceptionHandler.java:170) [sakuli.jar:na]
	at org.sakuli.exceptions.SakuliExceptionHandler.handleException(SakuliExceptionHandler.java:313) [sakuli.jar:na]
	at org.sakuli.exceptions.SakuliExceptionHandler.handleException(SakuliExceptionHandler.java:317) [sakuli.jar:na]
	at org.sakuli.actions.TestCaseAction.handleException(TestCaseAction.java:235) [sakuli.jar:na]
	at sun.reflect.NativeMethodAccessorImpl.invoke0(Native Method) ~[na:1.8.0_60]
	at sun.reflect.NativeMethodAccessorImpl.invoke(Unknown Source) ~[na:1.8.0_60]
	at sun.reflect.DelegatingMethodAccessorImpl.invoke(Unknown Source) ~[na:1.8.0_60]
	at java.lang.reflect.Method.invoke(Unknown Source) ~[na:1.8.0_60]
	at org.mozilla.javascript.MemberBox.invoke(MemberBox.java:161) [js-1.7R2.jar:na]
	at org.mozilla.javascript.NativeJavaMethod.call(NativeJavaMethod.java:247) [js-1.7R2.jar:na]
	at org.mozilla.javascript.Interpreter.interpretLoop(Interpreter.java:3330) [js-1.7R2.jar:na]
	at org.mozilla.javascript.Interpreter.interpret(Interpreter.java:2487) [js-1.7R2.jar:na]
	at org.mozilla.javascript.InterpretedFunction.call(InterpretedFunction.java:164) [js-1.7R2.jar:na]
	at org.mozilla.javascript.ContextFactory.doTopCall(ContextFactory.java:398) [js-1.7R2.jar:na]
	at org.mozilla.javascript.ScriptRuntime.doTopCall(ScriptRuntime.java:3065) [js-1.7R2.jar:na]
	at org.mozilla.javascript.InterpretedFunction.exec(InterpretedFunction.java:175) [js-1.7R2.jar:na]
	at org.mozilla.javascript.Context.evaluateString(Context.java:1104) [js-1.7R2.jar:na]
	at net.sf.sahi.rhino.RhinoScriptRunner.run(RhinoScriptRunner.java:114) [sakuli.jar:na]
	at java.lang.Thread.run(Unknown Source) [na:1.8.0_60]
Caused by: org.sakuli.exceptions.SakuliException: _highlight(_div("/cl_item tt_init .*/[indexOfLast]"));
TypeError: el is undefined
Sahi.prototype._highlight@http://10.4.14.128:8080/_s_/spr/concat.js:1210:9
@http://10.4.14.128:8080/_s_/spr/concat.js line 3607 > eval:1:1
Sahi.prototype.ex@http://10.4.14.128:8080/_s_/spr/concat.js:3607:9
Sahi.prototype.ex@http://10.4.14.128:8080/_s_/spr/sakuli/inject.js:46:12
@http://10.4.14.128:8080/_s_/spr/concat.js:3373:5

<a href='/_s_/dyn/Log_getBrowserScript?href=/root/Desktop/git/sakuli-example-testautomation-day/docker_e2e/consol_cm_test_suites/test_assign_ticket/test_case_1/tc_assign_ticket.js&n=1210'><b>Click for browser script</b></a>
	... 17 common frames omitted
INFO  [2015-09-23 14:34:57.052] - _click(_image("logout.png"));
INFO  [2015-09-23 14:34:57.153] - =========== SAVE Test Case 'test_case_1' ==================
INFO  [2015-09-23 14:34:57.422] - _sahi.setServerVar('lastURL', window.document.location.href);
INFO  [2015-09-23 14:34:57.543] - _sahi.setServerVar('browser', navigator.userAgent);
INFO  [2015-09-23 14:34:57.558] - "test case [id=test_case_1, name=test_case_1]" TestCaseAction.saveResult() - save the result of the current test case with arg(s) [test_case_1, 1443011672115, 1443011697154, http://10.4.14.128:8080/cm-client/login?signoutRedirect=true, Mozilla/5.0 (X11, Linux x86_64, rv:38.0) Gecko/20100101 Firefox/38.0]
INFO  [2015-09-23 14:34:57.560] - Total Memory in JVM (Xmx) is: 446.625 MB;<br/>Memory currently in use is: 29.3125 MB;<br/>Memory increment during this test is: 0.25 MB
INFO  [2015-09-23 14:35:02.015] - test suite 'consol_cm_assign_ticket' stopped at 2015_09_23_14_35_02_15
INFO  [2015-09-23 14:35:02.015] - Sahi-Script-Runner executed with FAILURE
INFO  [2015-09-23 14:35:02.016] - test suite finished
INFO  [2015-09-23 14:35:02.016] - SHUTDOWN SAHI-Proxy SUCCESSFULLY
INFO  [2015-09-23 14:35:02.064] - 
=========== RESULT of SAKULI Testsuite "consol_cm_assign_ticket" - ERRORS =================
test suite id: consol_cm_assign_ticket
guid: consol_cm_assign_ticket__2015_09_23_14_34_29_513
name: CM-Showroom Comment
RESULT STATE: ERRORS
result code: 6
db primary key: -1
duration: 32.502 sec.
warning time: 120 sec.
critical time: 140 sec.
start time: 23-09-2015 14:34:29
end time: 23-09-2015 14:35:02
db primary key of job table: -1
browser: Mozilla/5.0 (X11, Linux x86_64, rv:38.0) Gecko/20100101 Firefox/38.0
	======== test case "test_case_1" ended with ERRORS =================
	test case id: test_case_1
	name: test_case_1
	RESULT STATE: ERRORS
	result code: 4
	ERRORS: _highlight(_div("/cl_item tt_init .*/[indexOfLast]"));
	TypeError: el is undefined
	Sahi.prototype._highlight@http://10.4.14.128:8080/_s_/spr/concat.js:1210:9
	@http://10.4.14.128:8080/_s_/spr/concat.js line 3607 > eval:1:1
	Sahi.prototype.ex@http://10.4.14.128:8080/_s_/spr/concat.js:3607:9
	Sahi.prototype.ex@http://10.4.14.128:8080/_s_/spr/sakuli/inject.js:46:12
	@http://10.4.14.128:8080/_s_/spr/concat.js:3373:5
	
	<a href='/_s_/dyn/Log_getBrowserScript?href=/root/Desktop/git/sakuli-example-testautomation-day/docker_e2e/consol_cm_test_suites/test_assign_ticket/test_case_1/tc_assign_ticket.js&n=1210'><b>Click for browser script</b></a>
	ERROR - SCREENSHOT: /root/Desktop/git/sakuli-example-testautomation-day/docker_e2e/consol_cm_test_suites/test_assign_ticket/_logs/_screenshots/2015_09_23_14_34_56_815__highlight_div_cl_item_tt_.jpg
	db primary key: -1
	duration: 25.039 sec.
	warning time: 60 sec.
	critical time: 70 sec.
	start time: 23-09-2015 14:34:32
	end time: 23-09-2015 14:34:57
	start URL: http://sahi.example.com/_s_/dyn/Driver_initialized
	last URL: http://10.4.14.128:8080/cm-client/login?signoutRedirect=true
		======== test case step "Load_Consol_CM" ended with OK =================
		name: Load_Consol_CM
		RESULT STATE: OK
		result code: 0
		db primary key: -1
		duration: 2.859 sec.
		warning time: 0 sec.
		start time: 23-09-2015 14:34:32
		end time: 23-09-2015 14:34:34
		======== test case step "Login" ended with OK =================
		name: Login
		RESULT STATE: OK
		result code: 0
		db primary key: -1
		duration: 8.596 sec.
		warning time: 0 sec.
		start time: 23-09-2015 14:34:34
		end time: 23-09-2015 14:34:43
===========  SAKULI Testsuite "consol_cm_assign_ticket" execution FINISHED - ERRORS ======================

ERROR [2015-09-23 14:35:02.065] - ERROR:
CASE 'test_case_1':  _highlight(_div("/cl_item tt_init .*/[indexOfLast]"));
TypeError: el is undefined
Sahi.prototype._highlight@http://10.4.14.128:8080/_s_/spr/concat.js:1210:9
@http://10.4.14.128:8080/_s_/spr/concat.js line 3607 > eval:1:1
Sahi.prototype.ex@http://10.4.14.128:8080/_s_/spr/concat.js:3607:9
Sahi.prototype.ex@http://10.4.14.128:8080/_s_/spr/sakuli/inject.js:46:12
@http://10.4.14.128:8080/_s_/spr/concat.js:3373:5

<a href='/_s_/dyn/Log_getBrowserScript?href=/root/Desktop/git/sakuli-example-testautomation-day/docker_e2e/consol_cm_test_suites/test_assign_ticket/test_case_1/tc_assign_ticket.js&n=1210'><b>Click for browser script</b></a>

INFO  [2015-09-23 14:42:32.510] - set logback configuration file '/root/sakuli/sakuli-v0.9.1-SNAPSHOT/config/sakuli-log-config.xml'
INFO  [2015-09-23 14:42:32.535] - initialize test suite with id 'consol_cm_assign_ticket'
INFO  [2015-09-23 14:42:32.556] - 
--- TestSuite initialization: read test suite information of file "/root/Desktop/git/sakuli-example-testautomation-day/docker_e2e/consol_cm_test_suites/test_assign_ticket/testsuite.suite" ----
// format:
// testcase_folder/testcase.sah http://www.starturl.de
//
test_case_1/tc_assign_ticket.js http://sahi.example.com/_s_/dyn/Driver_initialized
 --- End of File "/root/Desktop/git/sakuli-example-testautomation-day/docker_e2e/consol_cm_test_suites/test_assign_ticket/testsuite.suite" ---
INFO  [2015-09-23 14:42:32.557] - test suite with guid 'consol_cm_assign_ticket__2015_09_23_14_42_32_536' has been initialized!
INFO  [2015-09-23 14:42:32.558] - Initialize Sahi Proxy! 
INFO  [2015-09-23 14:42:32.558] - START Sahi-PROXY: Sahi-Home folder '/root/sakuli/sahi', Sahi-Configuration folder '/root/sakuli/sahi/userdata'
INFO  [2015-09-23 14:42:32.793] - Start Sakuli-Test-Suite from folder "/root/Desktop/git/sakuli-example-testautomation-day/docker_e2e/consol_cm_test_suites/test_assign_ticket"
INFO  [2015-09-23 14:42:32.794] - connect Sahi-TestRunner:http://localhost:9999
INFO  [2015-09-23 14:42:32.799] - Sahi-Script-Runner starts!

INFO  [2015-09-23 14:42:33.042] - Add RhinoScriptRunner to the JavaBackEnd
INFO  [2015-09-23 14:42:35.256] - set default path for images to the test case folder "/root/Desktop/git/sakuli-example-testautomation-day/docker_e2e/consol_cm_test_suites/test_assign_ticket/test_case_1"
INFO  [2015-09-23 14:42:35.265] - "test case not initialized" TestCaseAction.getIdFromPath() - convert the path of the test case file to a valid test case ID with arg(s) [/root/Desktop/git/sakuli-example-testautomation-day/docker_e2e/consol_cm_test_suites/test_assign_ticket/test_case_1/undefined]
INFO  [2015-09-23 14:42:35.265] - Return a test-case-id for "/root/Desktop/git/sakuli-example-testautomation-day/docker_e2e/consol_cm_test_suites/test_assign_ticket/test_case_1/undefined"
INFO  [2015-09-23 14:42:35.265] - test-case-id = test_case_1
INFO  [2015-09-23 14:42:35.265] - "test case not initialized" TestCaseAction.init() - init a new test case with arg(s) [test_case_1, 60, 70, [/root/Desktop/git/sakuli-example-testautomation-day/docker_e2e/consol_cm_test_suites/test_assign_ticket/test_case_1]]
INFO  [2015-09-23 14:42:35.266] - load all pics from "/root/Desktop/git/sakuli-example-testautomation-day/docker_e2e/consol_cm_test_suites/test_assign_ticket/test_case_1" in picLib
INFO  [2015-09-23 14:42:35.299] - loaded image [id=browser_maximize, path=/root/Desktop/git/sakuli-example-testautomation-day/docker_e2e/consol_cm_test_suites/test_assign_ticket/test_case_1/browser_maximize.png ]
INFO  [2015-09-23 14:42:35.299] - set isRequestDelayActive=true
INFO  [2015-09-23 14:42:35.315] - Now start to execute the test case 'test_case_1' ! 
 ....
 ...
....
INFO  [2015-09-23 14:42:35.318] - [info] runcmd: wmctrl -m 
INFO  [2015-09-23 14:42:35.333] - [info] runcmd: xdotool version 
INFO  [2015-09-23 14:42:35.345] - [error] RunTimeAPI: fatal error: java.io.IOException: Cannot run program "xdotool": error=2, No such file or directory
INFO  [2015-09-23 14:42:35.346] - "Firefox" Application.focusWindow() - focus application in window with arg(s) [0]
INFO  [2015-09-23 14:42:35.352] - [log] App.focus:  [0:Firefox]
INFO  [2015-09-23 14:42:36.353] - "Firefox" Application.getRegion() - get a Region object from the application
INFO  [2015-09-23 14:42:36.362] - "R[0,75 1280x922]@S(0)" Region.move() - move this region with arg(s) [0, -40]
INFO  [2015-09-23 14:42:36.363] - "R[0,35 1280x922]@S(0)" Region.setH() - set new height for this region with arg(s) [40]
INFO  [2015-09-23 14:42:36.364] - "R[0,35 1280x40]@S(0)" Region.exists() - check if this region is visible with arg(s) [browser_maximize, 1]
INFO  [2015-09-23 14:42:37.471] - _navigateTo("http://10.4.14.128:8080/cm-client/");
INFO  [2015-09-23 14:42:38.068] - _call(top.location.reload());
INFO  [2015-09-23 14:42:38.110] - "test case [id=test_case_1, name=test_case_1]" TestCaseAction.addTestCaseStep() - add a step to the current test case with arg(s) [Load Consol CM, 1443012155265, 1443012158110, 0]
INFO  [2015-09-23 14:42:38.111] - Environment.sleep() - sleep and do nothing for x seconds with arg(s) [2]
INFO  [2015-09-23 14:42:40.264] - _focus(_textbox("username"));
INFO  [2015-09-23 14:42:40.422] - _click(_textbox("username"));
INFO  [2015-09-23 14:42:40.521] - wait 500ms for sahi refresh
INFO  [2015-09-23 14:42:41.022] - sahi-proxy-timer modified to 2040 ms
INFO  [2015-09-23 14:42:41.022] - Environment.type() - type over system keyboard with arg(s) [bearbeiter_2]
INFO  [2015-09-23 14:42:41.028] - [log]  TYPE "bearbeiter_2"
INFO  [2015-09-23 14:42:42.168] - reset sahi-proxy-timer
INFO  [2015-09-23 14:42:42.623] - _sahi.setServerVar('___lastValue___1443012162170', _getValue(_textbox("username")));
INFO  [2015-09-23 14:42:42.787] - _setValue(_textbox("username"), "bearbeiter_2");
INFO  [2015-09-23 14:42:42.941] - _setValue(_password("password"), "5akuli");
INFO  [2015-09-23 14:42:42.991] - Environment.sleep() - sleep and do nothing for x seconds with arg(s) [1]
INFO  [2015-09-23 14:42:43.992] - wait 500ms for sahi refresh
INFO  [2015-09-23 14:42:44.492] - sahi-proxy-timer modified to 170 ms
INFO  [2015-09-23 14:42:44.493] - Environment.type() - type over system keyboard with arg(s) [
]
INFO  [2015-09-23 14:42:44.493] - [profile] TStart: Region.type
INFO  [2015-09-23 14:42:44.494] - [log]  TYPE "#ENTER."
INFO  [2015-09-23 14:42:44.494] - [profile] TLap: (0.000 sec): (before getting Robot) Region.type
INFO  [2015-09-23 14:42:44.494] - [profile] TLap: (0.000 sec): (before typing) Region.type
INFO  [2015-09-23 14:42:44.602] - [profile] TLap: (0.108 sec): (after typing, before waitForIdle) Region.type
INFO  [2015-09-23 14:42:44.603] - [profile] TEnd (0.109 sec): Region.type
INFO  [2015-09-23 14:42:44.603] - reset sahi-proxy-timer
INFO  [2015-09-23 14:42:44.604] - wait 500ms for sahi refresh
INFO  [2015-09-23 14:42:45.107] - sahi-proxy-timer modified to 170 ms
INFO  [2015-09-23 14:42:45.107] - Environment.type() - type over system keyboard with arg(s) [
]
INFO  [2015-09-23 14:42:45.107] - [profile] TStart: Region.type
INFO  [2015-09-23 14:42:45.107] - [log]  TYPE "#ENTER."
INFO  [2015-09-23 14:42:45.107] - [profile] TLap: (0.000 sec): (before getting Robot) Region.type
INFO  [2015-09-23 14:42:45.107] - [profile] TLap: (0.000 sec): (before typing) Region.type
INFO  [2015-09-23 14:42:45.224] - [profile] TLap: (0.117 sec): (after typing, before waitForIdle) Region.type
INFO  [2015-09-23 14:42:45.226] - [profile] TEnd (0.119 sec): Region.type
INFO  [2015-09-23 14:42:45.226] - reset sahi-proxy-timer
INFO  [2015-09-23 14:42:45.564] - _highlight(_span("Angemeldet als:"));
INFO  [2015-09-23 14:42:45.638] - Environment.sleep() - sleep and do nothing for x seconds with arg(s) [1]
INFO  [2015-09-23 14:42:46.749] - _highlight(_span("user"));
INFO  [2015-09-23 14:42:46.843] - "test case [id=test_case_1, name=test_case_1]" TestCaseAction.addTestCaseStep() - add a step to the current test case with arg(s) [Login, 1443012158110, 1443012166842, 0]
INFO  [2015-09-23 14:42:46.921] - _highlight(_div(0, _in(_div("/accordion_item first .*/"))));
INFO  [2015-09-23 14:42:47.110] - _highlight(_div(1, _in(_div("/accordion_item first .*/"))));
INFO  [2015-09-23 14:42:47.297] - _click(_link(0, _in(_div(1, _in(_div("/accordion_item first .*/"))))));
INFO  [2015-09-23 14:42:48.799] - _sahi.setServerVar('___lastValue___1443012167354', _count("_div", "/cl_item tt_init .*/"));
INFO  [2015-09-23 14:45:37.765] - set logback configuration file '/root/sakuli/sakuli-v0.9.1-SNAPSHOT/config/sakuli-log-config.xml'
INFO  [2015-09-23 14:45:37.772] - initialize test suite with id 'consol_cm_assign_ticket'
INFO  [2015-09-23 14:45:37.791] - 
--- TestSuite initialization: read test suite information of file "/root/Desktop/git/sakuli-example-testautomation-day/docker_e2e/consol_cm_test_suites/test_assign_ticket/testsuite.suite" ----
// format:
// testcase_folder/testcase.sah http://www.starturl.de
//
test_case_1/tc_assign_ticket.js http://sahi.example.com/_s_/dyn/Driver_initialized
 --- End of File "/root/Desktop/git/sakuli-example-testautomation-day/docker_e2e/consol_cm_test_suites/test_assign_ticket/testsuite.suite" ---
INFO  [2015-09-23 14:45:37.792] - test suite with guid 'consol_cm_assign_ticket__2015_09_23_14_45_37_773' has been initialized!
INFO  [2015-09-23 14:45:37.793] - Initialize Sahi Proxy! 
INFO  [2015-09-23 14:45:37.793] - START Sahi-PROXY: Sahi-Home folder '/root/sakuli/sahi', Sahi-Configuration folder '/root/sakuli/sahi/userdata'
INFO  [2015-09-23 14:45:38.014] - Start Sakuli-Test-Suite from folder "/root/Desktop/git/sakuli-example-testautomation-day/docker_e2e/consol_cm_test_suites/test_assign_ticket"
INFO  [2015-09-23 14:45:38.014] - connect Sahi-TestRunner:http://localhost:9999
INFO  [2015-09-23 14:45:38.015] - Sahi-Script-Runner starts!

INFO  [2015-09-23 14:45:38.243] - Add RhinoScriptRunner to the JavaBackEnd
INFO  [2015-09-23 14:45:40.138] - set default path for images to the test case folder "/root/Desktop/git/sakuli-example-testautomation-day/docker_e2e/consol_cm_test_suites/test_assign_ticket/test_case_1"
INFO  [2015-09-23 14:45:40.163] - "test case not initialized" TestCaseAction.getIdFromPath() - convert the path of the test case file to a valid test case ID with arg(s) [/root/Desktop/git/sakuli-example-testautomation-day/docker_e2e/consol_cm_test_suites/test_assign_ticket/test_case_1/undefined]
INFO  [2015-09-23 14:45:40.163] - Return a test-case-id for "/root/Desktop/git/sakuli-example-testautomation-day/docker_e2e/consol_cm_test_suites/test_assign_ticket/test_case_1/undefined"
INFO  [2015-09-23 14:45:40.163] - test-case-id = test_case_1
INFO  [2015-09-23 14:45:40.163] - "test case not initialized" TestCaseAction.init() - init a new test case with arg(s) [test_case_1, 60, 70, [/root/Desktop/git/sakuli-example-testautomation-day/docker_e2e/consol_cm_test_suites/test_assign_ticket/test_case_1]]
INFO  [2015-09-23 14:45:40.164] - load all pics from "/root/Desktop/git/sakuli-example-testautomation-day/docker_e2e/consol_cm_test_suites/test_assign_ticket/test_case_1" in picLib
INFO  [2015-09-23 14:45:40.195] - loaded image [id=browser_maximize, path=/root/Desktop/git/sakuli-example-testautomation-day/docker_e2e/consol_cm_test_suites/test_assign_ticket/test_case_1/browser_maximize.png ]
INFO  [2015-09-23 14:45:40.195] - set isRequestDelayActive=true
INFO  [2015-09-23 14:45:40.196] - Now start to execute the test case 'test_case_1' ! 
 ....
 ...
....
INFO  [2015-09-23 14:45:40.198] - [info] runcmd: wmctrl -m 
INFO  [2015-09-23 14:45:40.212] - [info] runcmd: xdotool version 
INFO  [2015-09-23 14:45:40.228] - [error] RunTimeAPI: fatal error: java.io.IOException: Cannot run program "xdotool": error=2, No such file or directory
INFO  [2015-09-23 14:45:40.229] - "Firefox" Application.focusWindow() - focus application in window with arg(s) [0]
INFO  [2015-09-23 14:45:40.245] - [log] App.focus:  [0:Firefox]
INFO  [2015-09-23 14:45:41.246] - "Firefox" Application.getRegion() - get a Region object from the application
INFO  [2015-09-23 14:45:41.254] - "R[0,75 1280x922]@S(0)" Region.move() - move this region with arg(s) [0, -40]
INFO  [2015-09-23 14:45:41.255] - "R[0,35 1280x922]@S(0)" Region.setH() - set new height for this region with arg(s) [40]
INFO  [2015-09-23 14:45:41.256] - "R[0,35 1280x40]@S(0)" Region.exists() - check if this region is visible with arg(s) [browser_maximize, 1]
INFO  [2015-09-23 14:45:42.413] - _navigateTo("http://10.4.14.128:8080/cm-client/");
INFO  [2015-09-23 14:45:42.925] - _call(top.location.reload());
INFO  [2015-09-23 14:45:43.002] - "test case [id=test_case_1, name=test_case_1]" TestCaseAction.addTestCaseStep() - add a step to the current test case with arg(s) [Load Consol CM, 1443012340163, 1443012343002, 0]
INFO  [2015-09-23 14:45:43.003] - Environment.sleep() - sleep and do nothing for x seconds with arg(s) [2]
INFO  [2015-09-23 14:45:45.085] - _focus(_textbox("username"));
INFO  [2015-09-23 14:45:45.199] - _click(_textbox("username"));
INFO  [2015-09-23 14:45:45.211] - wait 500ms for sahi refresh
INFO  [2015-09-23 14:45:45.712] - sahi-proxy-timer modified to 2040 ms
INFO  [2015-09-23 14:45:45.712] - Environment.type() - type over system keyboard with arg(s) [bearbeiter_2]
INFO  [2015-09-23 14:45:45.715] - [log]  TYPE "bearbeiter_2"
INFO  [2015-09-23 14:45:46.917] - reset sahi-proxy-timer
INFO  [2015-09-23 14:45:47.369] - _sahi.setServerVar('___lastValue___1443012346918', _getValue(_textbox("username")));
INFO  [2015-09-23 14:45:47.486] - _setValue(_textbox("username"), "bearbeiter_2");
INFO  [2015-09-23 14:45:47.597] - _setValue(_password("password"), "5akuli");
INFO  [2015-09-23 14:45:47.626] - Environment.sleep() - sleep and do nothing for x seconds with arg(s) [1]
INFO  [2015-09-23 14:45:48.627] - wait 500ms for sahi refresh
INFO  [2015-09-23 14:45:49.128] - sahi-proxy-timer modified to 170 ms
INFO  [2015-09-23 14:45:49.128] - Environment.type() - type over system keyboard with arg(s) [
]
INFO  [2015-09-23 14:45:49.128] - [profile] TStart: Region.type
INFO  [2015-09-23 14:45:49.128] - [log]  TYPE "#ENTER."
INFO  [2015-09-23 14:45:49.129] - [profile] TLap: (0.000 sec): (before getting Robot) Region.type
INFO  [2015-09-23 14:45:49.129] - [profile] TLap: (0.001 sec): (before typing) Region.type
INFO  [2015-09-23 14:45:49.238] - [profile] TLap: (0.109 sec): (after typing, before waitForIdle) Region.type
INFO  [2015-09-23 14:45:49.238] - [profile] TEnd (0.110 sec): Region.type
INFO  [2015-09-23 14:45:49.239] - reset sahi-proxy-timer
INFO  [2015-09-23 14:45:49.239] - wait 500ms for sahi refresh
INFO  [2015-09-23 14:45:49.744] - sahi-proxy-timer modified to 170 ms
INFO  [2015-09-23 14:45:49.744] - Environment.type() - type over system keyboard with arg(s) [
]
INFO  [2015-09-23 14:45:49.744] - [profile] TStart: Region.type
INFO  [2015-09-23 14:45:49.744] - [log]  TYPE "#ENTER."
INFO  [2015-09-23 14:45:49.745] - [profile] TLap: (0.000 sec): (before getting Robot) Region.type
INFO  [2015-09-23 14:45:49.745] - [profile] TLap: (0.001 sec): (before typing) Region.type
INFO  [2015-09-23 14:45:49.858] - [profile] TLap: (0.114 sec): (after typing, before waitForIdle) Region.type
INFO  [2015-09-23 14:45:49.860] - [profile] TEnd (0.116 sec): Region.type
INFO  [2015-09-23 14:45:49.860] - reset sahi-proxy-timer
INFO  [2015-09-23 14:45:50.149] - _highlight(_span("Angemeldet als:"));
INFO  [2015-09-23 14:45:50.192] - Environment.sleep() - sleep and do nothing for x seconds with arg(s) [1]
INFO  [2015-09-23 14:45:51.222] - _highlight(_span("user"));
INFO  [2015-09-23 14:45:51.293] - "test case [id=test_case_1, name=test_case_1]" TestCaseAction.addTestCaseStep() - add a step to the current test case with arg(s) [Login, 1443012343002, 1443012351293, 0]
INFO  [2015-09-23 14:45:51.400] - _highlight(_div(0, _in(_div("/accordion_item first .*/"))));
INFO  [2015-09-23 14:45:51.584] - _highlight(_div(1, _in(_div("/accordion_item first .*/"))));
INFO  [2015-09-23 14:45:51.784] - _click(_link(0, _in(_div(1, _in(_div("/accordion_item first .*/"))))));
INFO  [2015-09-23 14:45:53.344] - _sahi.setServerVar('___lastValue___1443012351808', _count("_div", "/cl_item tt_init .*/"));
INFO  [2015-09-23 14:45:53.549] - _highlight(_link(0, _in(_div("/cl_item tt_init .*/["+4+"]"))));
INFO  [2015-09-23 14:45:53.723] - create screen shot for error "ReferenceError: "evn" is not defined."
INFO  [2015-09-23 14:45:53.853] - screen shot saved to file "/root/Desktop/git/sakuli-example-testautomation-day/docker_e2e/consol_cm_test_suites/test_assign_ticket/_logs/_screenshots/2015_09_23_14_45_53_723_ReferenceError_evn_is_not_.jpg"
ERROR [2015-09-23 14:45:53.854] - org.sakuli.exceptions.SakuliException: ReferenceError: "evn" is not defined.
org.sakuli.exceptions.SakuliExceptionWithScreenshot: org.sakuli.exceptions.SakuliException: ReferenceError: "evn" is not defined.
	at org.sakuli.exceptions.SakuliExceptionHandler.transformException(SakuliExceptionHandler.java:302) [sakuli.jar:na]
	at org.sakuli.exceptions.SakuliExceptionHandler.processException(SakuliExceptionHandler.java:182) [sakuli.jar:na]
	at org.sakuli.exceptions.SakuliExceptionHandler.handleException(SakuliExceptionHandler.java:170) [sakuli.jar:na]
	at org.sakuli.exceptions.SakuliExceptionHandler.handleException(SakuliExceptionHandler.java:313) [sakuli.jar:na]
	at org.sakuli.exceptions.SakuliExceptionHandler.handleException(SakuliExceptionHandler.java:317) [sakuli.jar:na]
	at org.sakuli.actions.TestCaseAction.handleException(TestCaseAction.java:235) [sakuli.jar:na]
	at sun.reflect.NativeMethodAccessorImpl.invoke0(Native Method) ~[na:1.8.0_60]
	at sun.reflect.NativeMethodAccessorImpl.invoke(Unknown Source) ~[na:1.8.0_60]
	at sun.reflect.DelegatingMethodAccessorImpl.invoke(Unknown Source) ~[na:1.8.0_60]
	at java.lang.reflect.Method.invoke(Unknown Source) ~[na:1.8.0_60]
	at org.mozilla.javascript.MemberBox.invoke(MemberBox.java:161) [js-1.7R2.jar:na]
	at org.mozilla.javascript.NativeJavaMethod.call(NativeJavaMethod.java:247) [js-1.7R2.jar:na]
	at org.mozilla.javascript.Interpreter.interpretLoop(Interpreter.java:3330) [js-1.7R2.jar:na]
	at org.mozilla.javascript.Interpreter.interpret(Interpreter.java:2487) [js-1.7R2.jar:na]
	at org.mozilla.javascript.InterpretedFunction.call(InterpretedFunction.java:164) [js-1.7R2.jar:na]
	at org.mozilla.javascript.ContextFactory.doTopCall(ContextFactory.java:398) [js-1.7R2.jar:na]
	at org.mozilla.javascript.ScriptRuntime.doTopCall(ScriptRuntime.java:3065) [js-1.7R2.jar:na]
	at org.mozilla.javascript.InterpretedFunction.exec(InterpretedFunction.java:175) [js-1.7R2.jar:na]
	at org.mozilla.javascript.Context.evaluateString(Context.java:1104) [js-1.7R2.jar:na]
	at net.sf.sahi.rhino.RhinoScriptRunner.run(RhinoScriptRunner.java:114) [sakuli.jar:na]
	at java.lang.Thread.run(Unknown Source) [na:1.8.0_60]
Caused by: org.sakuli.exceptions.SakuliException: ReferenceError: "evn" is not defined.
	... 17 common frames omitted
INFO  [2015-09-23 14:45:53.889] - _click(_image("logout.png"));
INFO  [2015-09-23 14:45:53.961] - =========== SAVE Test Case 'test_case_1' ==================
INFO  [2015-09-23 14:45:54.183] - _sahi.setServerVar('lastURL', window.document.location.href);
INFO  [2015-09-23 14:45:54.290] - _sahi.setServerVar('browser', navigator.userAgent);
INFO  [2015-09-23 14:45:54.374] - "test case [id=test_case_1, name=test_case_1]" TestCaseAction.saveResult() - save the result of the current test case with arg(s) [test_case_1, 1443012340163, 1443012353962, http://10.4.14.128:8080/cm-client/login?signoutRedirect=true, Mozilla/5.0 (X11, Linux x86_64, rv:38.0) Gecko/20100101 Firefox/38.0]
INFO  [2015-09-23 14:45:54.375] - Total Memory in JVM (Xmx) is: 446.625 MB;<br/>Memory currently in use is: 29.25 MB;<br/>Memory increment during this test is: 0.1875 MB
INFO  [2015-09-23 14:45:58.211] - test suite 'consol_cm_assign_ticket' stopped at 2015_09_23_14_45_58_211
INFO  [2015-09-23 14:45:58.211] - Sahi-Script-Runner executed with FAILURE
INFO  [2015-09-23 14:45:58.211] - test suite finished
INFO  [2015-09-23 14:45:58.212] - SHUTDOWN SAHI-Proxy SUCCESSFULLY
INFO  [2015-09-23 14:45:58.246] - 
=========== RESULT of SAKULI Testsuite "consol_cm_assign_ticket" - ERRORS =================
test suite id: consol_cm_assign_ticket
guid: consol_cm_assign_ticket__2015_09_23_14_45_37_773
name: CM-Showroom Comment
RESULT STATE: ERRORS
result code: 6
db primary key: -1
duration: 20.438 sec.
warning time: 120 sec.
critical time: 140 sec.
start time: 23-09-2015 14:45:37
end time: 23-09-2015 14:45:58
db primary key of job table: -1
browser: Mozilla/5.0 (X11, Linux x86_64, rv:38.0) Gecko/20100101 Firefox/38.0
	======== test case "test_case_1" ended with ERRORS =================
	test case id: test_case_1
	name: test_case_1
	RESULT STATE: ERRORS
	result code: 4
	ERRORS: ReferenceError: "evn" is not defined.
	ERROR - SCREENSHOT: /root/Desktop/git/sakuli-example-testautomation-day/docker_e2e/consol_cm_test_suites/test_assign_ticket/_logs/_screenshots/2015_09_23_14_45_53_723_ReferenceError_evn_is_not_.jpg
	db primary key: -1
	duration: 13.799 sec.
	warning time: 60 sec.
	critical time: 70 sec.
	start time: 23-09-2015 14:45:40
	end time: 23-09-2015 14:45:53
	start URL: http://sahi.example.com/_s_/dyn/Driver_initialized
	last URL: http://10.4.14.128:8080/cm-client/login?signoutRedirect=true
		======== test case step "Load_Consol_CM" ended with OK =================
		name: Load_Consol_CM
		RESULT STATE: OK
		result code: 0
		db primary key: -1
		duration: 2.839 sec.
		warning time: 0 sec.
		start time: 23-09-2015 14:45:40
		end time: 23-09-2015 14:45:43
		======== test case step "Login" ended with OK =================
		name: Login
		RESULT STATE: OK
		result code: 0
		db primary key: -1
		duration: 8.291 sec.
		warning time: 0 sec.
		start time: 23-09-2015 14:45:43
		end time: 23-09-2015 14:45:51
===========  SAKULI Testsuite "consol_cm_assign_ticket" execution FINISHED - ERRORS ======================

ERROR [2015-09-23 14:45:58.246] - ERROR:
CASE 'test_case_1':  ReferenceError: "evn" is not defined.

INFO  [2015-09-23 14:46:58.626] - set logback configuration file '/root/sakuli/sakuli-v0.9.1-SNAPSHOT/config/sakuli-log-config.xml'
INFO  [2015-09-23 14:46:58.651] - initialize test suite with id 'consol_cm_assign_ticket'
INFO  [2015-09-23 14:46:58.669] - 
--- TestSuite initialization: read test suite information of file "/root/Desktop/git/sakuli-example-testautomation-day/docker_e2e/consol_cm_test_suites/test_assign_ticket/testsuite.suite" ----
// format:
// testcase_folder/testcase.sah http://www.starturl.de
//
test_case_1/tc_assign_ticket.js http://sahi.example.com/_s_/dyn/Driver_initialized
 --- End of File "/root/Desktop/git/sakuli-example-testautomation-day/docker_e2e/consol_cm_test_suites/test_assign_ticket/testsuite.suite" ---
INFO  [2015-09-23 14:46:58.671] - test suite with guid 'consol_cm_assign_ticket__2015_09_23_14_46_58_651' has been initialized!
INFO  [2015-09-23 14:46:58.671] - Initialize Sahi Proxy! 
INFO  [2015-09-23 14:46:58.672] - START Sahi-PROXY: Sahi-Home folder '/root/sakuli/sahi', Sahi-Configuration folder '/root/sakuli/sahi/userdata'
INFO  [2015-09-23 14:46:58.902] - Start Sakuli-Test-Suite from folder "/root/Desktop/git/sakuli-example-testautomation-day/docker_e2e/consol_cm_test_suites/test_assign_ticket"
INFO  [2015-09-23 14:46:58.903] - connect Sahi-TestRunner:http://localhost:9999
INFO  [2015-09-23 14:46:58.907] - Sahi-Script-Runner starts!

INFO  [2015-09-23 14:46:59.154] - Add RhinoScriptRunner to the JavaBackEnd
INFO  [2015-09-23 14:47:01.263] - set default path for images to the test case folder "/root/Desktop/git/sakuli-example-testautomation-day/docker_e2e/consol_cm_test_suites/test_assign_ticket/test_case_1"
INFO  [2015-09-23 14:47:01.297] - "test case not initialized" TestCaseAction.getIdFromPath() - convert the path of the test case file to a valid test case ID with arg(s) [/root/Desktop/git/sakuli-example-testautomation-day/docker_e2e/consol_cm_test_suites/test_assign_ticket/test_case_1/undefined]
INFO  [2015-09-23 14:47:01.297] - Return a test-case-id for "/root/Desktop/git/sakuli-example-testautomation-day/docker_e2e/consol_cm_test_suites/test_assign_ticket/test_case_1/undefined"
INFO  [2015-09-23 14:47:01.297] - test-case-id = test_case_1
INFO  [2015-09-23 14:47:01.297] - "test case not initialized" TestCaseAction.init() - init a new test case with arg(s) [test_case_1, 60, 70, [/root/Desktop/git/sakuli-example-testautomation-day/docker_e2e/consol_cm_test_suites/test_assign_ticket/test_case_1]]
INFO  [2015-09-23 14:47:01.298] - load all pics from "/root/Desktop/git/sakuli-example-testautomation-day/docker_e2e/consol_cm_test_suites/test_assign_ticket/test_case_1" in picLib
INFO  [2015-09-23 14:47:01.314] - loaded image [id=browser_maximize, path=/root/Desktop/git/sakuli-example-testautomation-day/docker_e2e/consol_cm_test_suites/test_assign_ticket/test_case_1/browser_maximize.png ]
INFO  [2015-09-23 14:47:01.314] - set isRequestDelayActive=true
INFO  [2015-09-23 14:47:01.315] - Now start to execute the test case 'test_case_1' ! 
 ....
 ...
....
INFO  [2015-09-23 14:47:01.328] - [info] runcmd: wmctrl -m 
INFO  [2015-09-23 14:47:01.353] - [info] runcmd: xdotool version 
INFO  [2015-09-23 14:47:01.370] - [error] RunTimeAPI: fatal error: java.io.IOException: Cannot run program "xdotool": error=2, No such file or directory
INFO  [2015-09-23 14:47:01.371] - "Firefox" Application.focusWindow() - focus application in window with arg(s) [0]
INFO  [2015-09-23 14:47:01.389] - [log] App.focus:  [0:Firefox]
INFO  [2015-09-23 14:47:02.391] - "Firefox" Application.getRegion() - get a Region object from the application
INFO  [2015-09-23 14:47:02.398] - "R[0,75 1280x922]@S(0)" Region.move() - move this region with arg(s) [0, -40]
INFO  [2015-09-23 14:47:02.398] - "R[0,35 1280x922]@S(0)" Region.setH() - set new height for this region with arg(s) [40]
INFO  [2015-09-23 14:47:02.399] - "R[0,35 1280x40]@S(0)" Region.exists() - check if this region is visible with arg(s) [browser_maximize, 1]
INFO  [2015-09-23 14:47:03.527] - _navigateTo("http://10.4.14.128:8080/cm-client/");
INFO  [2015-09-23 14:47:04.107] - _call(top.location.reload());
INFO  [2015-09-23 14:47:04.134] - "test case [id=test_case_1, name=test_case_1]" TestCaseAction.addTestCaseStep() - add a step to the current test case with arg(s) [Load Consol CM, 1443012421297, 1443012424134, 0]
INFO  [2015-09-23 14:47:04.135] - Environment.sleep() - sleep and do nothing for x seconds with arg(s) [2]
INFO  [2015-09-23 14:47:06.275] - _focus(_textbox("username"));
INFO  [2015-09-23 14:47:06.426] - _click(_textbox("username"));
INFO  [2015-09-23 14:47:06.438] - wait 500ms for sahi refresh
INFO  [2015-09-23 14:47:06.939] - sahi-proxy-timer modified to 2040 ms
INFO  [2015-09-23 14:47:06.939] - Environment.type() - type over system keyboard with arg(s) [bearbeiter_2]
INFO  [2015-09-23 14:47:06.944] - [log]  TYPE "bearbeiter_2"
INFO  [2015-09-23 14:47:08.084] - reset sahi-proxy-timer
INFO  [2015-09-23 14:47:08.629] - _sahi.setServerVar('___lastValue___1443012428085', _getValue(_textbox("username")));
INFO  [2015-09-23 14:47:08.790] - _setValue(_textbox("username"), "bearbeiter_2");
INFO  [2015-09-23 14:47:08.960] - _setValue(_password("password"), "5akuli");
INFO  [2015-09-23 14:47:08.995] - Environment.sleep() - sleep and do nothing for x seconds with arg(s) [1]
INFO  [2015-09-23 14:47:09.997] - wait 500ms for sahi refresh
INFO  [2015-09-23 14:47:10.498] - sahi-proxy-timer modified to 170 ms
INFO  [2015-09-23 14:47:10.498] - Environment.type() - type over system keyboard with arg(s) [
]
INFO  [2015-09-23 14:47:10.499] - [profile] TStart: Region.type
INFO  [2015-09-23 14:47:10.499] - [log]  TYPE "#ENTER."
INFO  [2015-09-23 14:47:10.500] - [profile] TLap: (0.000 sec): (before getting Robot) Region.type
INFO  [2015-09-23 14:47:10.500] - [profile] TLap: (0.001 sec): (before typing) Region.type
INFO  [2015-09-23 14:47:10.609] - [profile] TLap: (0.110 sec): (after typing, before waitForIdle) Region.type
INFO  [2015-09-23 14:47:10.611] - [profile] TEnd (0.112 sec): Region.type
INFO  [2015-09-23 14:47:10.612] - reset sahi-proxy-timer
INFO  [2015-09-23 14:47:10.612] - wait 500ms for sahi refresh
INFO  [2015-09-23 14:47:11.121] - sahi-proxy-timer modified to 170 ms
INFO  [2015-09-23 14:47:11.121] - Environment.type() - type over system keyboard with arg(s) [
]
INFO  [2015-09-23 14:47:11.122] - [profile] TStart: Region.type
INFO  [2015-09-23 14:47:11.122] - [log]  TYPE "#ENTER."
INFO  [2015-09-23 14:47:11.122] - [profile] TLap: (0.000 sec): (before getting Robot) Region.type
INFO  [2015-09-23 14:47:11.122] - [profile] TLap: (0.000 sec): (before typing) Region.type
INFO  [2015-09-23 14:47:11.230] - [profile] TLap: (0.108 sec): (after typing, before waitForIdle) Region.type
INFO  [2015-09-23 14:47:11.232] - [profile] TEnd (0.110 sec): Region.type
INFO  [2015-09-23 14:47:11.232] - reset sahi-proxy-timer
INFO  [2015-09-23 14:47:11.544] - _highlight(_span("Angemeldet als:"));
INFO  [2015-09-23 14:47:11.640] - Environment.sleep() - sleep and do nothing for x seconds with arg(s) [1]
INFO  [2015-09-23 14:47:12.715] - _highlight(_span("user"));
INFO  [2015-09-23 14:47:12.741] - "test case [id=test_case_1, name=test_case_1]" TestCaseAction.addTestCaseStep() - add a step to the current test case with arg(s) [Login, 1443012424134, 1443012432741, 0]
INFO  [2015-09-23 14:47:12.889] - _highlight(_div(0, _in(_div("/accordion_item first .*/"))));
INFO  [2015-09-23 14:47:13.078] - _highlight(_div(1, _in(_div("/accordion_item first .*/"))));
INFO  [2015-09-23 14:47:13.272] - _click(_link(0, _in(_div(1, _in(_div("/accordion_item first .*/"))))));
INFO  [2015-09-23 14:47:14.848] - _sahi.setServerVar('___lastValue___1443012433362', _count("_div", "/cl_item tt_init .*/"));
INFO  [2015-09-23 14:47:14.936] - Environment.sleep() - sleep and do nothing for x seconds with arg(s) [1]
INFO  [2015-09-23 14:47:16.100] - _highlight(_link(0, _in(_div("/cl_item tt_init .*/["+4+"]"))));
INFO  [2015-09-23 14:47:16.211] - create screen shot for error "ReferenceError: "evn" is not defined."
INFO  [2015-09-23 14:47:16.338] - screen shot saved to file "/root/Desktop/git/sakuli-example-testautomation-day/docker_e2e/consol_cm_test_suites/test_assign_ticket/_logs/_screenshots/2015_09_23_14_47_16_211_ReferenceError_evn_is_not_.jpg"
ERROR [2015-09-23 14:47:16.339] - org.sakuli.exceptions.SakuliException: ReferenceError: "evn" is not defined.
org.sakuli.exceptions.SakuliExceptionWithScreenshot: org.sakuli.exceptions.SakuliException: ReferenceError: "evn" is not defined.
	at org.sakuli.exceptions.SakuliExceptionHandler.transformException(SakuliExceptionHandler.java:302) [sakuli.jar:na]
	at org.sakuli.exceptions.SakuliExceptionHandler.processException(SakuliExceptionHandler.java:182) [sakuli.jar:na]
	at org.sakuli.exceptions.SakuliExceptionHandler.handleException(SakuliExceptionHandler.java:170) [sakuli.jar:na]
	at org.sakuli.exceptions.SakuliExceptionHandler.handleException(SakuliExceptionHandler.java:313) [sakuli.jar:na]
	at org.sakuli.exceptions.SakuliExceptionHandler.handleException(SakuliExceptionHandler.java:317) [sakuli.jar:na]
	at org.sakuli.actions.TestCaseAction.handleException(TestCaseAction.java:235) [sakuli.jar:na]
	at sun.reflect.NativeMethodAccessorImpl.invoke0(Native Method) ~[na:1.8.0_60]
	at sun.reflect.NativeMethodAccessorImpl.invoke(Unknown Source) ~[na:1.8.0_60]
	at sun.reflect.DelegatingMethodAccessorImpl.invoke(Unknown Source) ~[na:1.8.0_60]
	at java.lang.reflect.Method.invoke(Unknown Source) ~[na:1.8.0_60]
	at org.mozilla.javascript.MemberBox.invoke(MemberBox.java:161) [js-1.7R2.jar:na]
	at org.mozilla.javascript.NativeJavaMethod.call(NativeJavaMethod.java:247) [js-1.7R2.jar:na]
	at org.mozilla.javascript.Interpreter.interpretLoop(Interpreter.java:3330) [js-1.7R2.jar:na]
	at org.mozilla.javascript.Interpreter.interpret(Interpreter.java:2487) [js-1.7R2.jar:na]
	at org.mozilla.javascript.InterpretedFunction.call(InterpretedFunction.java:164) [js-1.7R2.jar:na]
	at org.mozilla.javascript.ContextFactory.doTopCall(ContextFactory.java:398) [js-1.7R2.jar:na]
	at org.mozilla.javascript.ScriptRuntime.doTopCall(ScriptRuntime.java:3065) [js-1.7R2.jar:na]
	at org.mozilla.javascript.InterpretedFunction.exec(InterpretedFunction.java:175) [js-1.7R2.jar:na]
	at org.mozilla.javascript.Context.evaluateString(Context.java:1104) [js-1.7R2.jar:na]
	at net.sf.sahi.rhino.RhinoScriptRunner.run(RhinoScriptRunner.java:114) [sakuli.jar:na]
	at java.lang.Thread.run(Unknown Source) [na:1.8.0_60]
Caused by: org.sakuli.exceptions.SakuliException: ReferenceError: "evn" is not defined.
	... 17 common frames omitted
INFO  [2015-09-23 14:47:16.449] - _click(_image("logout.png"));
INFO  [2015-09-23 14:47:16.542] - =========== SAVE Test Case 'test_case_1' ==================
INFO  [2015-09-23 14:47:16.821] - _sahi.setServerVar('lastURL', window.document.location.href);
INFO  [2015-09-23 14:47:16.944] - _sahi.setServerVar('browser', navigator.userAgent);
INFO  [2015-09-23 14:47:16.949] - "test case [id=test_case_1, name=test_case_1]" TestCaseAction.saveResult() - save the result of the current test case with arg(s) [test_case_1, 1443012421297, 1443012436543, http://10.4.14.128:8080/cm-client/login?signoutRedirect=true, Mozilla/5.0 (X11, Linux x86_64, rv:38.0) Gecko/20100101 Firefox/38.0]
INFO  [2015-09-23 14:47:16.950] - Total Memory in JVM (Xmx) is: 446.625 MB;<br/>Memory currently in use is: 29.25 MB;<br/>Memory increment during this test is: 0.1875 MB
INFO  [2015-09-23 14:47:21.147] - test suite 'consol_cm_assign_ticket' stopped at 2015_09_23_14_47_21_147
INFO  [2015-09-23 14:47:21.147] - Sahi-Script-Runner executed with FAILURE
INFO  [2015-09-23 14:47:21.147] - test suite finished
INFO  [2015-09-23 14:47:21.147] - SHUTDOWN SAHI-Proxy SUCCESSFULLY
INFO  [2015-09-23 14:47:21.168] - 
=========== RESULT of SAKULI Testsuite "consol_cm_assign_ticket" - ERRORS =================
test suite id: consol_cm_assign_ticket
guid: consol_cm_assign_ticket__2015_09_23_14_46_58_651
name: CM-Showroom Comment
RESULT STATE: ERRORS
result code: 6
db primary key: -1
duration: 22.496 sec.
warning time: 120 sec.
critical time: 140 sec.
start time: 23-09-2015 14:46:58
end time: 23-09-2015 14:47:21
db primary key of job table: -1
browser: Mozilla/5.0 (X11, Linux x86_64, rv:38.0) Gecko/20100101 Firefox/38.0
	======== test case "test_case_1" ended with ERRORS =================
	test case id: test_case_1
	name: test_case_1
	RESULT STATE: ERRORS
	result code: 4
	ERRORS: ReferenceError: "evn" is not defined.
	ERROR - SCREENSHOT: /root/Desktop/git/sakuli-example-testautomation-day/docker_e2e/consol_cm_test_suites/test_assign_ticket/_logs/_screenshots/2015_09_23_14_47_16_211_ReferenceError_evn_is_not_.jpg
	db primary key: -1
	duration: 15.246 sec.
	warning time: 60 sec.
	critical time: 70 sec.
	start time: 23-09-2015 14:47:01
	end time: 23-09-2015 14:47:16
	start URL: http://sahi.example.com/_s_/dyn/Driver_initialized
	last URL: http://10.4.14.128:8080/cm-client/login?signoutRedirect=true
		======== test case step "Load_Consol_CM" ended with OK =================
		name: Load_Consol_CM
		RESULT STATE: OK
		result code: 0
		db primary key: -1
		duration: 2.837 sec.
		warning time: 0 sec.
		start time: 23-09-2015 14:47:01
		end time: 23-09-2015 14:47:04
		======== test case step "Login" ended with OK =================
		name: Login
		RESULT STATE: OK
		result code: 0
		db primary key: -1
		duration: 8.607 sec.
		warning time: 0 sec.
		start time: 23-09-2015 14:47:04
		end time: 23-09-2015 14:47:12
===========  SAKULI Testsuite "consol_cm_assign_ticket" execution FINISHED - ERRORS ======================

ERROR [2015-09-23 14:47:21.169] - ERROR:
CASE 'test_case_1':  ReferenceError: "evn" is not defined.

INFO  [2015-09-23 14:47:29.219] - set logback configuration file '/root/sakuli/sakuli-v0.9.1-SNAPSHOT/config/sakuli-log-config.xml'
INFO  [2015-09-23 14:47:29.226] - initialize test suite with id 'consol_cm_assign_ticket'
INFO  [2015-09-23 14:47:29.244] - 
--- TestSuite initialization: read test suite information of file "/root/Desktop/git/sakuli-example-testautomation-day/docker_e2e/consol_cm_test_suites/test_assign_ticket/testsuite.suite" ----
// format:
// testcase_folder/testcase.sah http://www.starturl.de
//
test_case_1/tc_assign_ticket.js http://sahi.example.com/_s_/dyn/Driver_initialized
 --- End of File "/root/Desktop/git/sakuli-example-testautomation-day/docker_e2e/consol_cm_test_suites/test_assign_ticket/testsuite.suite" ---
INFO  [2015-09-23 14:47:29.246] - test suite with guid 'consol_cm_assign_ticket__2015_09_23_14_47_29_226' has been initialized!
INFO  [2015-09-23 14:47:29.246] - Initialize Sahi Proxy! 
INFO  [2015-09-23 14:47:29.246] - START Sahi-PROXY: Sahi-Home folder '/root/sakuli/sahi', Sahi-Configuration folder '/root/sakuli/sahi/userdata'
INFO  [2015-09-23 14:47:29.480] - Start Sakuli-Test-Suite from folder "/root/Desktop/git/sakuli-example-testautomation-day/docker_e2e/consol_cm_test_suites/test_assign_ticket"
INFO  [2015-09-23 14:47:29.481] - connect Sahi-TestRunner:http://localhost:9999
INFO  [2015-09-23 14:47:29.484] - Sahi-Script-Runner starts!

INFO  [2015-09-23 14:47:29.709] - Add RhinoScriptRunner to the JavaBackEnd
INFO  [2015-09-23 14:47:31.825] - set default path for images to the test case folder "/root/Desktop/git/sakuli-example-testautomation-day/docker_e2e/consol_cm_test_suites/test_assign_ticket/test_case_1"
INFO  [2015-09-23 14:47:31.828] - "test case not initialized" TestCaseAction.getIdFromPath() - convert the path of the test case file to a valid test case ID with arg(s) [/root/Desktop/git/sakuli-example-testautomation-day/docker_e2e/consol_cm_test_suites/test_assign_ticket/test_case_1/undefined]
INFO  [2015-09-23 14:47:31.829] - Return a test-case-id for "/root/Desktop/git/sakuli-example-testautomation-day/docker_e2e/consol_cm_test_suites/test_assign_ticket/test_case_1/undefined"
INFO  [2015-09-23 14:47:31.829] - test-case-id = test_case_1
INFO  [2015-09-23 14:47:31.829] - "test case not initialized" TestCaseAction.init() - init a new test case with arg(s) [test_case_1, 60, 70, [/root/Desktop/git/sakuli-example-testautomation-day/docker_e2e/consol_cm_test_suites/test_assign_ticket/test_case_1]]
INFO  [2015-09-23 14:47:31.829] - load all pics from "/root/Desktop/git/sakuli-example-testautomation-day/docker_e2e/consol_cm_test_suites/test_assign_ticket/test_case_1" in picLib
INFO  [2015-09-23 14:47:31.864] - loaded image [id=browser_maximize, path=/root/Desktop/git/sakuli-example-testautomation-day/docker_e2e/consol_cm_test_suites/test_assign_ticket/test_case_1/browser_maximize.png ]
INFO  [2015-09-23 14:47:31.864] - set isRequestDelayActive=true
INFO  [2015-09-23 14:47:31.865] - Now start to execute the test case 'test_case_1' ! 
 ....
 ...
....
INFO  [2015-09-23 14:47:31.867] - [info] runcmd: wmctrl -m 
INFO  [2015-09-23 14:47:31.894] - [info] runcmd: xdotool version 
INFO  [2015-09-23 14:47:31.895] - [error] RunTimeAPI: fatal error: java.io.IOException: Cannot run program "xdotool": error=2, No such file or directory
INFO  [2015-09-23 14:47:31.897] - "Firefox" Application.focusWindow() - focus application in window with arg(s) [0]
INFO  [2015-09-23 14:47:31.912] - [log] App.focus:  [0:Firefox]
INFO  [2015-09-23 14:47:32.913] - "Firefox" Application.getRegion() - get a Region object from the application
INFO  [2015-09-23 14:47:32.919] - "R[0,75 1280x922]@S(0)" Region.move() - move this region with arg(s) [0, -40]
INFO  [2015-09-23 14:47:32.920] - "R[0,35 1280x922]@S(0)" Region.setH() - set new height for this region with arg(s) [40]
INFO  [2015-09-23 14:47:32.921] - "R[0,35 1280x40]@S(0)" Region.exists() - check if this region is visible with arg(s) [browser_maximize, 1]
INFO  [2015-09-23 14:47:34.003] - _navigateTo("http://10.4.14.128:8080/cm-client/");
INFO  [2015-09-23 14:47:34.549] - _call(top.location.reload());
INFO  [2015-09-23 14:47:34.556] - "test case [id=test_case_1, name=test_case_1]" TestCaseAction.addTestCaseStep() - add a step to the current test case with arg(s) [Load Consol CM, 1443012451829, 1443012454556, 0]
INFO  [2015-09-23 14:47:34.557] - Environment.sleep() - sleep and do nothing for x seconds with arg(s) [2]
INFO  [2015-09-23 14:47:36.653] - _focus(_textbox("username"));
INFO  [2015-09-23 14:47:36.809] - _click(_textbox("username"));
INFO  [2015-09-23 14:47:36.864] - wait 500ms for sahi refresh
INFO  [2015-09-23 14:47:37.364] - sahi-proxy-timer modified to 2040 ms
INFO  [2015-09-23 14:47:37.365] - Environment.type() - type over system keyboard with arg(s) [bearbeiter_2]
INFO  [2015-09-23 14:47:37.371] - [log]  TYPE "bearbeiter_2"
INFO  [2015-09-23 14:47:38.519] - reset sahi-proxy-timer
INFO  [2015-09-23 14:47:39.023] - _sahi.setServerVar('___lastValue___1443012458521', _getValue(_textbox("username")));
INFO  [2015-09-23 14:47:39.185] - _setValue(_textbox("username"), "bearbeiter_2");
INFO  [2015-09-23 14:47:39.344] - _setValue(_password("password"), "5akuli");
INFO  [2015-09-23 14:47:39.441] - Environment.sleep() - sleep and do nothing for x seconds with arg(s) [1]
INFO  [2015-09-23 14:47:40.442] - wait 500ms for sahi refresh
INFO  [2015-09-23 14:47:40.943] - sahi-proxy-timer modified to 170 ms
INFO  [2015-09-23 14:47:40.943] - Environment.type() - type over system keyboard with arg(s) [
]
INFO  [2015-09-23 14:47:40.944] - [profile] TStart: Region.type
INFO  [2015-09-23 14:47:40.944] - [log]  TYPE "#ENTER."
INFO  [2015-09-23 14:47:40.945] - [profile] TLap: (0.000 sec): (before getting Robot) Region.type
INFO  [2015-09-23 14:47:40.945] - [profile] TLap: (0.001 sec): (before typing) Region.type
INFO  [2015-09-23 14:47:41.053] - [profile] TLap: (0.109 sec): (after typing, before waitForIdle) Region.type
INFO  [2015-09-23 14:47:41.055] - [profile] TEnd (0.111 sec): Region.type
INFO  [2015-09-23 14:47:41.055] - reset sahi-proxy-timer
INFO  [2015-09-23 14:47:41.056] - wait 500ms for sahi refresh
INFO  [2015-09-23 14:47:41.565] - sahi-proxy-timer modified to 170 ms
INFO  [2015-09-23 14:47:41.565] - Environment.type() - type over system keyboard with arg(s) [
]
INFO  [2015-09-23 14:47:41.566] - [profile] TStart: Region.type
INFO  [2015-09-23 14:47:41.566] - [log]  TYPE "#ENTER."
INFO  [2015-09-23 14:47:41.566] - [profile] TLap: (0.000 sec): (before getting Robot) Region.type
INFO  [2015-09-23 14:47:41.566] - [profile] TLap: (0.000 sec): (before typing) Region.type
INFO  [2015-09-23 14:47:41.710] - [profile] TLap: (0.144 sec): (after typing, before waitForIdle) Region.type
INFO  [2015-09-23 14:47:41.806] - [profile] TEnd (0.240 sec): Region.type
INFO  [2015-09-23 14:47:41.806] - reset sahi-proxy-timer
INFO  [2015-09-23 14:47:41.974] - _highlight(_span("Angemeldet als:"));
INFO  [2015-09-23 14:47:42.009] - Environment.sleep() - sleep and do nothing for x seconds with arg(s) [1]
INFO  [2015-09-23 14:47:43.048] - _highlight(_span("user"));
INFO  [2015-09-23 14:47:43.110] - "test case [id=test_case_1, name=test_case_1]" TestCaseAction.addTestCaseStep() - add a step to the current test case with arg(s) [Login, 1443012454556, 1443012463110, 0]
INFO  [2015-09-23 14:47:43.219] - _highlight(_div(0, _in(_div("/accordion_item first .*/"))));
INFO  [2015-09-23 14:47:43.401] - _highlight(_div(1, _in(_div("/accordion_item first .*/"))));
INFO  [2015-09-23 14:47:43.602] - _click(_link(0, _in(_div(1, _in(_div("/accordion_item first .*/"))))));
INFO  [2015-09-23 14:47:45.080] - _sahi.setServerVar('___lastValue___1443012463627', _count("_div", "/cl_item tt_init .*/"));
INFO  [2015-09-23 14:47:45.169] - Environment.sleep() - sleep and do nothing for x seconds with arg(s) [1]
INFO  [2015-09-23 14:47:46.348] - _highlight(_link(0, _in(_div("/cl_item tt_init .*/["+4+"]"))));
INFO  [2015-09-23 14:47:46.441] - create screen shot for error "ReferenceError: "evn" is not defined."
INFO  [2015-09-23 14:47:46.573] - screen shot saved to file "/root/Desktop/git/sakuli-example-testautomation-day/docker_e2e/consol_cm_test_suites/test_assign_ticket/_logs/_screenshots/2015_09_23_14_47_46_442_ReferenceError_evn_is_not_.jpg"
ERROR [2015-09-23 14:47:46.574] - org.sakuli.exceptions.SakuliException: ReferenceError: "evn" is not defined.
org.sakuli.exceptions.SakuliExceptionWithScreenshot: org.sakuli.exceptions.SakuliException: ReferenceError: "evn" is not defined.
	at org.sakuli.exceptions.SakuliExceptionHandler.transformException(SakuliExceptionHandler.java:302) [sakuli.jar:na]
	at org.sakuli.exceptions.SakuliExceptionHandler.processException(SakuliExceptionHandler.java:182) [sakuli.jar:na]
	at org.sakuli.exceptions.SakuliExceptionHandler.handleException(SakuliExceptionHandler.java:170) [sakuli.jar:na]
	at org.sakuli.exceptions.SakuliExceptionHandler.handleException(SakuliExceptionHandler.java:313) [sakuli.jar:na]
	at org.sakuli.exceptions.SakuliExceptionHandler.handleException(SakuliExceptionHandler.java:317) [sakuli.jar:na]
	at org.sakuli.actions.TestCaseAction.handleException(TestCaseAction.java:235) [sakuli.jar:na]
	at sun.reflect.NativeMethodAccessorImpl.invoke0(Native Method) ~[na:1.8.0_60]
	at sun.reflect.NativeMethodAccessorImpl.invoke(Unknown Source) ~[na:1.8.0_60]
	at sun.reflect.DelegatingMethodAccessorImpl.invoke(Unknown Source) ~[na:1.8.0_60]
	at java.lang.reflect.Method.invoke(Unknown Source) ~[na:1.8.0_60]
	at org.mozilla.javascript.MemberBox.invoke(MemberBox.java:161) [js-1.7R2.jar:na]
	at org.mozilla.javascript.NativeJavaMethod.call(NativeJavaMethod.java:247) [js-1.7R2.jar:na]
	at org.mozilla.javascript.Interpreter.interpretLoop(Interpreter.java:3330) [js-1.7R2.jar:na]
	at org.mozilla.javascript.Interpreter.interpret(Interpreter.java:2487) [js-1.7R2.jar:na]
	at org.mozilla.javascript.InterpretedFunction.call(InterpretedFunction.java:164) [js-1.7R2.jar:na]
	at org.mozilla.javascript.ContextFactory.doTopCall(ContextFactory.java:398) [js-1.7R2.jar:na]
	at org.mozilla.javascript.ScriptRuntime.doTopCall(ScriptRuntime.java:3065) [js-1.7R2.jar:na]
	at org.mozilla.javascript.InterpretedFunction.exec(InterpretedFunction.java:175) [js-1.7R2.jar:na]
	at org.mozilla.javascript.Context.evaluateString(Context.java:1104) [js-1.7R2.jar:na]
	at net.sf.sahi.rhino.RhinoScriptRunner.run(RhinoScriptRunner.java:114) [sakuli.jar:na]
	at java.lang.Thread.run(Unknown Source) [na:1.8.0_60]
Caused by: org.sakuli.exceptions.SakuliException: ReferenceError: "evn" is not defined.
	... 17 common frames omitted
INFO  [2015-09-23 14:47:46.591] - _click(_image("logout.png"));
INFO  [2015-09-23 14:47:46.681] - =========== SAVE Test Case 'test_case_1' ==================
INFO  [2015-09-23 14:47:46.923] - _sahi.setServerVar('lastURL', window.document.location.href);
INFO  [2015-09-23 14:47:47.048] - _sahi.setServerVar('browser', navigator.userAgent);
INFO  [2015-09-23 14:47:47.089] - "test case [id=test_case_1, name=test_case_1]" TestCaseAction.saveResult() - save the result of the current test case with arg(s) [test_case_1, 1443012451829, 1443012466681, http://10.4.14.128:8080/cm-client/login?signoutRedirect=true, Mozilla/5.0 (X11, Linux x86_64, rv:38.0) Gecko/20100101 Firefox/38.0]
INFO  [2015-09-23 14:47:47.090] - Total Memory in JVM (Xmx) is: 446.625 MB;<br/>Memory currently in use is: 29.25 MB;<br/>Memory increment during this test is: 0.1875 MB
INFO  [2015-09-23 14:47:51.729] - test suite 'consol_cm_assign_ticket' stopped at 2015_09_23_14_47_51_729
INFO  [2015-09-23 14:47:51.729] - Sahi-Script-Runner executed with FAILURE
INFO  [2015-09-23 14:47:51.729] - test suite finished
INFO  [2015-09-23 14:47:51.729] - SHUTDOWN SAHI-Proxy SUCCESSFULLY
INFO  [2015-09-23 14:47:51.756] - 
=========== RESULT of SAKULI Testsuite "consol_cm_assign_ticket" - ERRORS =================
test suite id: consol_cm_assign_ticket
guid: consol_cm_assign_ticket__2015_09_23_14_47_29_226
name: CM-Showroom Comment
RESULT STATE: ERRORS
result code: 6
db primary key: -1
duration: 22.503 sec.
warning time: 120 sec.
critical time: 140 sec.
start time: 23-09-2015 14:47:29
end time: 23-09-2015 14:47:51
db primary key of job table: -1
browser: Mozilla/5.0 (X11, Linux x86_64, rv:38.0) Gecko/20100101 Firefox/38.0
	======== test case "test_case_1" ended with ERRORS =================
	test case id: test_case_1
	name: test_case_1
	RESULT STATE: ERRORS
	result code: 4
	ERRORS: ReferenceError: "evn" is not defined.
	ERROR - SCREENSHOT: /root/Desktop/git/sakuli-example-testautomation-day/docker_e2e/consol_cm_test_suites/test_assign_ticket/_logs/_screenshots/2015_09_23_14_47_46_442_ReferenceError_evn_is_not_.jpg
	db primary key: -1
	duration: 14.852 sec.
	warning time: 60 sec.
	critical time: 70 sec.
	start time: 23-09-2015 14:47:31
	end time: 23-09-2015 14:47:46
	start URL: http://sahi.example.com/_s_/dyn/Driver_initialized
	last URL: http://10.4.14.128:8080/cm-client/login?signoutRedirect=true
		======== test case step "Load_Consol_CM" ended with OK =================
		name: Load_Consol_CM
		RESULT STATE: OK
		result code: 0
		db primary key: -1
		duration: 2.727 sec.
		warning time: 0 sec.
		start time: 23-09-2015 14:47:31
		end time: 23-09-2015 14:47:34
		======== test case step "Login" ended with OK =================
		name: Login
		RESULT STATE: OK
		result code: 0
		db primary key: -1
		duration: 8.554 sec.
		warning time: 0 sec.
		start time: 23-09-2015 14:47:34
		end time: 23-09-2015 14:47:43
===========  SAKULI Testsuite "consol_cm_assign_ticket" execution FINISHED - ERRORS ======================

ERROR [2015-09-23 14:47:51.756] - ERROR:
CASE 'test_case_1':  ReferenceError: "evn" is not defined.

INFO  [2015-09-23 14:48:21.635] - set logback configuration file '/root/sakuli/sakuli-v0.9.1-SNAPSHOT/config/sakuli-log-config.xml'
INFO  [2015-09-23 14:48:21.658] - initialize test suite with id 'consol_cm_assign_ticket'
INFO  [2015-09-23 14:48:21.663] - 
--- TestSuite initialization: read test suite information of file "/root/Desktop/git/sakuli-example-testautomation-day/docker_e2e/consol_cm_test_suites/test_assign_ticket/testsuite.suite" ----
// format:
// testcase_folder/testcase.sah http://www.starturl.de
//
test_case_1/tc_assign_ticket.js http://sahi.example.com/_s_/dyn/Driver_initialized
 --- End of File "/root/Desktop/git/sakuli-example-testautomation-day/docker_e2e/consol_cm_test_suites/test_assign_ticket/testsuite.suite" ---
INFO  [2015-09-23 14:48:21.678] - test suite with guid 'consol_cm_assign_ticket__2015_09_23_14_48_21_658' has been initialized!
INFO  [2015-09-23 14:48:21.679] - Initialize Sahi Proxy! 
INFO  [2015-09-23 14:48:21.679] - START Sahi-PROXY: Sahi-Home folder '/root/sakuli/sahi', Sahi-Configuration folder '/root/sakuli/sahi/userdata'
INFO  [2015-09-23 14:48:21.911] - Start Sakuli-Test-Suite from folder "/root/Desktop/git/sakuli-example-testautomation-day/docker_e2e/consol_cm_test_suites/test_assign_ticket"
INFO  [2015-09-23 14:48:21.912] - connect Sahi-TestRunner:http://localhost:9999
INFO  [2015-09-23 14:48:21.916] - Sahi-Script-Runner starts!

INFO  [2015-09-23 14:48:22.162] - Add RhinoScriptRunner to the JavaBackEnd
INFO  [2015-09-23 14:48:24.307] - set default path for images to the test case folder "/root/Desktop/git/sakuli-example-testautomation-day/docker_e2e/consol_cm_test_suites/test_assign_ticket/test_case_1"
INFO  [2015-09-23 14:48:24.314] - "test case not initialized" TestCaseAction.getIdFromPath() - convert the path of the test case file to a valid test case ID with arg(s) [/root/Desktop/git/sakuli-example-testautomation-day/docker_e2e/consol_cm_test_suites/test_assign_ticket/test_case_1/undefined]
INFO  [2015-09-23 14:48:24.314] - Return a test-case-id for "/root/Desktop/git/sakuli-example-testautomation-day/docker_e2e/consol_cm_test_suites/test_assign_ticket/test_case_1/undefined"
INFO  [2015-09-23 14:48:24.315] - test-case-id = test_case_1
INFO  [2015-09-23 14:48:24.315] - "test case not initialized" TestCaseAction.init() - init a new test case with arg(s) [test_case_1, 60, 70, [/root/Desktop/git/sakuli-example-testautomation-day/docker_e2e/consol_cm_test_suites/test_assign_ticket/test_case_1]]
INFO  [2015-09-23 14:48:24.315] - load all pics from "/root/Desktop/git/sakuli-example-testautomation-day/docker_e2e/consol_cm_test_suites/test_assign_ticket/test_case_1" in picLib
INFO  [2015-09-23 14:48:24.361] - loaded image [id=browser_maximize, path=/root/Desktop/git/sakuli-example-testautomation-day/docker_e2e/consol_cm_test_suites/test_assign_ticket/test_case_1/browser_maximize.png ]
INFO  [2015-09-23 14:48:24.362] - set isRequestDelayActive=true
INFO  [2015-09-23 14:48:24.363] - Now start to execute the test case 'test_case_1' ! 
 ....
 ...
....
INFO  [2015-09-23 14:48:24.365] - [info] runcmd: wmctrl -m 
INFO  [2015-09-23 14:48:24.381] - [info] runcmd: xdotool version 
INFO  [2015-09-23 14:48:24.393] - [error] RunTimeAPI: fatal error: java.io.IOException: Cannot run program "xdotool": error=2, No such file or directory
INFO  [2015-09-23 14:48:24.394] - "Firefox" Application.focusWindow() - focus application in window with arg(s) [0]
INFO  [2015-09-23 14:48:24.413] - [log] App.focus:  [0:Firefox]
INFO  [2015-09-23 14:48:25.414] - "Firefox" Application.getRegion() - get a Region object from the application
INFO  [2015-09-23 14:48:25.425] - "R[0,75 1280x922]@S(0)" Region.move() - move this region with arg(s) [0, -40]
INFO  [2015-09-23 14:48:25.426] - "R[0,35 1280x922]@S(0)" Region.setH() - set new height for this region with arg(s) [40]
INFO  [2015-09-23 14:48:25.427] - "R[0,35 1280x40]@S(0)" Region.exists() - check if this region is visible with arg(s) [browser_maximize, 1]
INFO  [2015-09-23 14:48:26.577] - _navigateTo("http://10.4.14.128:8080/cm-client/");
INFO  [2015-09-23 14:48:27.138] - _call(top.location.reload());
INFO  [2015-09-23 14:48:27.150] - "test case [id=test_case_1, name=test_case_1]" TestCaseAction.addTestCaseStep() - add a step to the current test case with arg(s) [Load Consol CM, 1443012504315, 1443012507150, 0]
INFO  [2015-09-23 14:48:27.151] - Environment.sleep() - sleep and do nothing for x seconds with arg(s) [2]
INFO  [2015-09-23 14:48:29.232] - _focus(_textbox("username"));
INFO  [2015-09-23 14:48:29.386] - _click(_textbox("username"));
INFO  [2015-09-23 14:48:29.457] - wait 500ms for sahi refresh
INFO  [2015-09-23 14:48:29.957] - sahi-proxy-timer modified to 2040 ms
INFO  [2015-09-23 14:48:29.958] - Environment.type() - type over system keyboard with arg(s) [bearbeiter_2]
INFO  [2015-09-23 14:48:29.964] - [log]  TYPE "bearbeiter_2"
INFO  [2015-09-23 14:48:31.109] - reset sahi-proxy-timer
INFO  [2015-09-23 14:48:31.602] - _sahi.setServerVar('___lastValue___1443012511111', _getValue(_textbox("username")));
INFO  [2015-09-23 14:48:31.761] - _setValue(_textbox("username"), "bearbeiter_2");
INFO  [2015-09-23 14:48:31.914] - _setValue(_password("password"), "5akuli");
INFO  [2015-09-23 14:48:31.918] - Environment.sleep() - sleep and do nothing for x seconds with arg(s) [1]
INFO  [2015-09-23 14:48:32.918] - wait 500ms for sahi refresh
INFO  [2015-09-23 14:48:33.419] - sahi-proxy-timer modified to 170 ms
INFO  [2015-09-23 14:48:33.419] - Environment.type() - type over system keyboard with arg(s) [
]
INFO  [2015-09-23 14:48:33.420] - [profile] TStart: Region.type
INFO  [2015-09-23 14:48:33.420] - [log]  TYPE "#ENTER."
INFO  [2015-09-23 14:48:33.421] - [profile] TLap: (0.000 sec): (before getting Robot) Region.type
INFO  [2015-09-23 14:48:33.421] - [profile] TLap: (0.001 sec): (before typing) Region.type
INFO  [2015-09-23 14:48:33.530] - [profile] TLap: (0.110 sec): (after typing, before waitForIdle) Region.type
INFO  [2015-09-23 14:48:33.532] - [profile] TEnd (0.111 sec): Region.type
INFO  [2015-09-23 14:48:33.532] - reset sahi-proxy-timer
INFO  [2015-09-23 14:48:33.533] - wait 500ms for sahi refresh
INFO  [2015-09-23 14:48:34.040] - sahi-proxy-timer modified to 170 ms
INFO  [2015-09-23 14:48:34.040] - Environment.type() - type over system keyboard with arg(s) [
]
INFO  [2015-09-23 14:48:34.041] - [profile] TStart: Region.type
INFO  [2015-09-23 14:48:34.041] - [log]  TYPE "#ENTER."
INFO  [2015-09-23 14:48:34.041] - [profile] TLap: (0.000 sec): (before getting Robot) Region.type
INFO  [2015-09-23 14:48:34.041] - [profile] TLap: (0.000 sec): (before typing) Region.type
INFO  [2015-09-23 14:48:34.158] - [profile] TLap: (0.117 sec): (after typing, before waitForIdle) Region.type
INFO  [2015-09-23 14:48:34.161] - [profile] TEnd (0.120 sec): Region.type
INFO  [2015-09-23 14:48:34.161] - reset sahi-proxy-timer
INFO  [2015-09-23 14:48:34.542] - _highlight(_span("Angemeldet als:"));
INFO  [2015-09-23 14:48:34.565] - Environment.sleep() - sleep and do nothing for x seconds with arg(s) [1]
INFO  [2015-09-23 14:48:35.597] - _highlight(_span("user"));
INFO  [2015-09-23 14:48:35.667] - "test case [id=test_case_1, name=test_case_1]" TestCaseAction.addTestCaseStep() - add a step to the current test case with arg(s) [Login, 1443012507150, 1443012515667, 0]
INFO  [2015-09-23 14:48:35.772] - _highlight(_div(0, _in(_div("/accordion_item first .*/"))));
INFO  [2015-09-23 14:48:35.952] - _highlight(_div(1, _in(_div("/accordion_item first .*/"))));
INFO  [2015-09-23 14:48:36.156] - _click(_link(0, _in(_div(1, _in(_div("/accordion_item first .*/"))))));
INFO  [2015-09-23 14:48:37.706] - _sahi.setServerVar('___lastValue___1443012516175', _count("_div", "/cl_item tt_init .*/"));
INFO  [2015-09-23 14:48:37.724] - Environment.sleep() - sleep and do nothing for x seconds with arg(s) [1]
INFO  [2015-09-23 14:48:38.853] - _highlight(_link(0, _in(_div("/cl_item tt_init .*/["+4+"]"))));
INFO  [2015-09-23 14:48:38.931] - Environment.sleep() - sleep and do nothing for x seconds with arg(s) [1]
INFO  [2015-09-23 14:48:40.160] - _click(_link(0, _in(_div("/cl_item tt_init .*/["+4+"]"))));
INFO  [2015-09-23 14:48:40.249] - Environment.sleep() - sleep and do nothing for x seconds with arg(s) [10]
INFO  [2015-09-23 14:49:00.572] - create screen shot for error "_highlight(_image("Gelb - mindestens eine offene Beschwerde oder Reklamation"));
TypeError: el is undefined
Sahi.prototype._highlight@http://10.4.14.128:8080/_s_/spr/concat.js:1210:9
@http://10.4.14.128:8080/_s_/spr/concat.js line 3607 > eval:1:1
Sahi.prototype.ex@http://10.4.14.128:8080/_s_/spr/concat.js:3607:9
Sahi.prototype.ex@http://10.4.14.128:8080/_s_/spr/sakuli/inject.js:46:12
@http://10.4.14.128:8080/_s_/spr/concat.js:3373:5

<a href='/_s_/dyn/Log_getBrowserScript?href=/root/Desktop/git/sakuli-example-testautomation-day/docker_e2e/consol_cm_test_suites/test_assign_ticket/test_case_1/tc_assign_ticket.js&n=1210'><b>Click for browser script</b></a>"
INFO  [2015-09-23 14:49:00.715] - screen shot saved to file "/root/Desktop/git/sakuli-example-testautomation-day/docker_e2e/consol_cm_test_suites/test_assign_ticket/_logs/_screenshots/2015_09_23_14_49_00_572__highlight_image_Gelb_mind.jpg"
ERROR [2015-09-23 14:49:00.716] - org.sakuli.exceptions.SakuliException: _highlight(_image("Gelb - mindestens eine offene Beschwerde oder Reklamation"));
TypeError: el is undefined
Sahi.prototype._highlight@http://10.4.14.128:8080/_s_/spr/concat.js:1210:9
@http://10.4.14.128:8080/_s_/spr/concat.js line 3607 > eval:1:1
Sahi.prototype.ex@http://10.4.14.128:8080/_s_/spr/concat.js:3607:9
Sahi.prototype.ex@http://10.4.14.128:8080/_s_/spr/sakuli/inject.js:46:12
@http://10.4.14.128:8080/_s_/spr/concat.js:3373:5

<a href='/_s_/dyn/Log_getBrowserScript?href=/root/Desktop/git/sakuli-example-testautomation-day/docker_e2e/consol_cm_test_suites/test_assign_ticket/test_case_1/tc_assign_ticket.js&n=1210'><b>Click for browser script</b></a>
org.sakuli.exceptions.SakuliExceptionWithScreenshot: org.sakuli.exceptions.SakuliException: _highlight(_image("Gelb - mindestens eine offene Beschwerde oder Reklamation"));
TypeError: el is undefined
Sahi.prototype._highlight@http://10.4.14.128:8080/_s_/spr/concat.js:1210:9
@http://10.4.14.128:8080/_s_/spr/concat.js line 3607 > eval:1:1
Sahi.prototype.ex@http://10.4.14.128:8080/_s_/spr/concat.js:3607:9
Sahi.prototype.ex@http://10.4.14.128:8080/_s_/spr/sakuli/inject.js:46:12
@http://10.4.14.128:8080/_s_/spr/concat.js:3373:5

<a href='/_s_/dyn/Log_getBrowserScript?href=/root/Desktop/git/sakuli-example-testautomation-day/docker_e2e/consol_cm_test_suites/test_assign_ticket/test_case_1/tc_assign_ticket.js&n=1210'><b>Click for browser script</b></a>
	at org.sakuli.exceptions.SakuliExceptionHandler.transformException(SakuliExceptionHandler.java:302) [sakuli.jar:na]
	at org.sakuli.exceptions.SakuliExceptionHandler.processException(SakuliExceptionHandler.java:182) [sakuli.jar:na]
	at org.sakuli.exceptions.SakuliExceptionHandler.handleException(SakuliExceptionHandler.java:170) [sakuli.jar:na]
	at org.sakuli.exceptions.SakuliExceptionHandler.handleException(SakuliExceptionHandler.java:313) [sakuli.jar:na]
	at org.sakuli.exceptions.SakuliExceptionHandler.handleException(SakuliExceptionHandler.java:317) [sakuli.jar:na]
	at org.sakuli.actions.TestCaseAction.handleException(TestCaseAction.java:235) [sakuli.jar:na]
	at sun.reflect.NativeMethodAccessorImpl.invoke0(Native Method) ~[na:1.8.0_60]
	at sun.reflect.NativeMethodAccessorImpl.invoke(Unknown Source) ~[na:1.8.0_60]
	at sun.reflect.DelegatingMethodAccessorImpl.invoke(Unknown Source) ~[na:1.8.0_60]
	at java.lang.reflect.Method.invoke(Unknown Source) ~[na:1.8.0_60]
	at org.mozilla.javascript.MemberBox.invoke(MemberBox.java:161) [js-1.7R2.jar:na]
	at org.mozilla.javascript.NativeJavaMethod.call(NativeJavaMethod.java:247) [js-1.7R2.jar:na]
	at org.mozilla.javascript.Interpreter.interpretLoop(Interpreter.java:3330) [js-1.7R2.jar:na]
	at org.mozilla.javascript.Interpreter.interpret(Interpreter.java:2487) [js-1.7R2.jar:na]
	at org.mozilla.javascript.InterpretedFunction.call(InterpretedFunction.java:164) [js-1.7R2.jar:na]
	at org.mozilla.javascript.ContextFactory.doTopCall(ContextFactory.java:398) [js-1.7R2.jar:na]
	at org.mozilla.javascript.ScriptRuntime.doTopCall(ScriptRuntime.java:3065) [js-1.7R2.jar:na]
	at org.mozilla.javascript.InterpretedFunction.exec(InterpretedFunction.java:175) [js-1.7R2.jar:na]
	at org.mozilla.javascript.Context.evaluateString(Context.java:1104) [js-1.7R2.jar:na]
	at net.sf.sahi.rhino.RhinoScriptRunner.run(RhinoScriptRunner.java:114) [sakuli.jar:na]
	at java.lang.Thread.run(Unknown Source) [na:1.8.0_60]
Caused by: org.sakuli.exceptions.SakuliException: _highlight(_image("Gelb - mindestens eine offene Beschwerde oder Reklamation"));
TypeError: el is undefined
Sahi.prototype._highlight@http://10.4.14.128:8080/_s_/spr/concat.js:1210:9
@http://10.4.14.128:8080/_s_/spr/concat.js line 3607 > eval:1:1
Sahi.prototype.ex@http://10.4.14.128:8080/_s_/spr/concat.js:3607:9
Sahi.prototype.ex@http://10.4.14.128:8080/_s_/spr/sakuli/inject.js:46:12
@http://10.4.14.128:8080/_s_/spr/concat.js:3373:5

<a href='/_s_/dyn/Log_getBrowserScript?href=/root/Desktop/git/sakuli-example-testautomation-day/docker_e2e/consol_cm_test_suites/test_assign_ticket/test_case_1/tc_assign_ticket.js&n=1210'><b>Click for browser script</b></a>
	... 17 common frames omitted
INFO  [2015-09-23 14:49:00.764] - _click(_image("logout.png"));
INFO  [2015-09-23 14:49:00.820] - =========== SAVE Test Case 'test_case_1' ==================
INFO  [2015-09-23 14:49:01.068] - _sahi.setServerVar('lastURL', window.document.location.href);
INFO  [2015-09-23 14:49:01.182] - _sahi.setServerVar('browser', navigator.userAgent);
INFO  [2015-09-23 14:49:01.229] - "test case [id=test_case_1, name=test_case_1]" TestCaseAction.saveResult() - save the result of the current test case with arg(s) [test_case_1, 1443012504315, 1443012540820, http://10.4.14.128:8080/cm-client/login?signoutRedirect=true, Mozilla/5.0 (X11, Linux x86_64, rv:38.0) Gecko/20100101 Firefox/38.0]
INFO  [2015-09-23 14:49:01.231] - Total Memory in JVM (Xmx) is: 446.625 MB;<br/>Memory currently in use is: 29.3125 MB;<br/>Memory increment during this test is: 0.25 MB
INFO  [2015-09-23 14:49:06.142] - test suite 'consol_cm_assign_ticket' stopped at 2015_09_23_14_49_06_142
INFO  [2015-09-23 14:49:06.143] - Sahi-Script-Runner executed with FAILURE
INFO  [2015-09-23 14:49:06.143] - test suite finished
INFO  [2015-09-23 14:49:06.143] - SHUTDOWN SAHI-Proxy SUCCESSFULLY
INFO  [2015-09-23 14:49:06.161] - 
=========== RESULT of SAKULI Testsuite "consol_cm_assign_ticket" - ERRORS =================
test suite id: consol_cm_assign_ticket
guid: consol_cm_assign_ticket__2015_09_23_14_48_21_658
name: CM-Showroom Comment
RESULT STATE: ERRORS
result code: 6
db primary key: -1
duration: 44.484 sec.
warning time: 120 sec.
critical time: 140 sec.
start time: 23-09-2015 14:48:21
end time: 23-09-2015 14:49:06
db primary key of job table: -1
browser: Mozilla/5.0 (X11, Linux x86_64, rv:38.0) Gecko/20100101 Firefox/38.0
	======== test case "test_case_1" ended with ERRORS =================
	test case id: test_case_1
	name: test_case_1
	RESULT STATE: ERRORS
	result code: 4
	ERRORS: _highlight(_image("Gelb - mindestens eine offene Beschwerde oder Reklamation"));
	TypeError: el is undefined
	Sahi.prototype._highlight@http://10.4.14.128:8080/_s_/spr/concat.js:1210:9
	@http://10.4.14.128:8080/_s_/spr/concat.js line 3607 > eval:1:1
	Sahi.prototype.ex@http://10.4.14.128:8080/_s_/spr/concat.js:3607:9
	Sahi.prototype.ex@http://10.4.14.128:8080/_s_/spr/sakuli/inject.js:46:12
	@http://10.4.14.128:8080/_s_/spr/concat.js:3373:5
	
	<a href='/_s_/dyn/Log_getBrowserScript?href=/root/Desktop/git/sakuli-example-testautomation-day/docker_e2e/consol_cm_test_suites/test_assign_ticket/test_case_1/tc_assign_ticket.js&n=1210'><b>Click for browser script</b></a>
	ERROR - SCREENSHOT: /root/Desktop/git/sakuli-example-testautomation-day/docker_e2e/consol_cm_test_suites/test_assign_ticket/_logs/_screenshots/2015_09_23_14_49_00_572__highlight_image_Gelb_mind.jpg
	db primary key: -1
	duration: 36.505 sec.
	warning time: 60 sec.
	critical time: 70 sec.
	start time: 23-09-2015 14:48:24
	end time: 23-09-2015 14:49:00
	start URL: http://sahi.example.com/_s_/dyn/Driver_initialized
	last URL: http://10.4.14.128:8080/cm-client/login?signoutRedirect=true
		======== test case step "Load_Consol_CM" ended with OK =================
		name: Load_Consol_CM
		RESULT STATE: OK
		result code: 0
		db primary key: -1
		duration: 2.835 sec.
		warning time: 0 sec.
		start time: 23-09-2015 14:48:24
		end time: 23-09-2015 14:48:27
		======== test case step "Login" ended with OK =================
		name: Login
		RESULT STATE: OK
		result code: 0
		db primary key: -1
		duration: 8.517 sec.
		warning time: 0 sec.
		start time: 23-09-2015 14:48:27
		end time: 23-09-2015 14:48:35
===========  SAKULI Testsuite "consol_cm_assign_ticket" execution FINISHED - ERRORS ======================

ERROR [2015-09-23 14:49:06.161] - ERROR:
CASE 'test_case_1':  _highlight(_image("Gelb - mindestens eine offene Beschwerde oder Reklamation"));
TypeError: el is undefined
Sahi.prototype._highlight@http://10.4.14.128:8080/_s_/spr/concat.js:1210:9
@http://10.4.14.128:8080/_s_/spr/concat.js line 3607 > eval:1:1
Sahi.prototype.ex@http://10.4.14.128:8080/_s_/spr/concat.js:3607:9
Sahi.prototype.ex@http://10.4.14.128:8080/_s_/spr/sakuli/inject.js:46:12
@http://10.4.14.128:8080/_s_/spr/concat.js:3373:5

<a href='/_s_/dyn/Log_getBrowserScript?href=/root/Desktop/git/sakuli-example-testautomation-day/docker_e2e/consol_cm_test_suites/test_assign_ticket/test_case_1/tc_assign_ticket.js&n=1210'><b>Click for browser script</b></a>

INFO  [2015-09-23 15:11:40.284] - set logback configuration file '/root/sakuli/sakuli-v0.9.1-SNAPSHOT/config/sakuli-log-config.xml'
INFO  [2015-09-23 15:11:40.292] - initialize test suite with id 'consol_cm_assign_ticket'
INFO  [2015-09-23 15:11:40.310] - 
--- TestSuite initialization: read test suite information of file "/root/Desktop/git/sakuli-example-testautomation-day/docker_e2e/consol_cm_test_suites/test_assign_ticket/testsuite.suite" ----
// format:
// testcase_folder/testcase.sah http://www.starturl.de
//
test_case_1/tc_assign_ticket.js http://sahi.example.com/_s_/dyn/Driver_initialized
 --- End of File "/root/Desktop/git/sakuli-example-testautomation-day/docker_e2e/consol_cm_test_suites/test_assign_ticket/testsuite.suite" ---
INFO  [2015-09-23 15:11:40.311] - test suite with guid 'consol_cm_assign_ticket__2015_09_23_15_11_40_292' has been initialized!
INFO  [2015-09-23 15:11:40.312] - Initialize Sahi Proxy! 
INFO  [2015-09-23 15:11:40.312] - START Sahi-PROXY: Sahi-Home folder '/root/sakuli/sahi', Sahi-Configuration folder '/root/sakuli/sahi/userdata'
INFO  [2015-09-23 15:11:40.548] - Start Sakuli-Test-Suite from folder "/root/Desktop/git/sakuli-example-testautomation-day/docker_e2e/consol_cm_test_suites/test_assign_ticket"
INFO  [2015-09-23 15:11:40.548] - connect Sahi-TestRunner:http://localhost:9999
INFO  [2015-09-23 15:11:40.550] - Sahi-Script-Runner starts!

INFO  [2015-09-23 15:11:40.821] - Add RhinoScriptRunner to the JavaBackEnd
INFO  [2015-09-23 15:11:42.700] - set default path for images to the test case folder "/root/Desktop/git/sakuli-example-testautomation-day/docker_e2e/consol_cm_test_suites/test_assign_ticket/test_case_1"
INFO  [2015-09-23 15:11:42.724] - "test case not initialized" TestCaseAction.getIdFromPath() - convert the path of the test case file to a valid test case ID with arg(s) [/root/Desktop/git/sakuli-example-testautomation-day/docker_e2e/consol_cm_test_suites/test_assign_ticket/test_case_1/undefined]
INFO  [2015-09-23 15:11:42.724] - Return a test-case-id for "/root/Desktop/git/sakuli-example-testautomation-day/docker_e2e/consol_cm_test_suites/test_assign_ticket/test_case_1/undefined"
INFO  [2015-09-23 15:11:42.724] - test-case-id = test_case_1
INFO  [2015-09-23 15:11:42.724] - "test case not initialized" TestCaseAction.init() - init a new test case with arg(s) [test_case_1, 60, 70, [/root/Desktop/git/sakuli-example-testautomation-day/docker_e2e/consol_cm_test_suites/test_assign_ticket/test_case_1]]
INFO  [2015-09-23 15:11:42.725] - load all pics from "/root/Desktop/git/sakuli-example-testautomation-day/docker_e2e/consol_cm_test_suites/test_assign_ticket/test_case_1" in picLib
INFO  [2015-09-23 15:11:42.742] - loaded image [id=browser_maximize, path=/root/Desktop/git/sakuli-example-testautomation-day/docker_e2e/consol_cm_test_suites/test_assign_ticket/test_case_1/browser_maximize.png ]
INFO  [2015-09-23 15:11:42.742] - set isRequestDelayActive=true
INFO  [2015-09-23 15:11:42.762] - Now start to execute the test case 'test_case_1' ! 
 ....
 ...
....
INFO  [2015-09-23 15:11:42.764] - [info] runcmd: wmctrl -m 
INFO  [2015-09-23 15:11:42.783] - [info] runcmd: xdotool version 
INFO  [2015-09-23 15:11:42.784] - [error] RunTimeAPI: fatal error: java.io.IOException: Cannot run program "xdotool": error=2, No such file or directory
INFO  [2015-09-23 15:11:42.785] - "Firefox" Application.focusWindow() - focus application in window with arg(s) [0]
INFO  [2015-09-23 15:11:42.811] - [log] App.focus:  [0:Firefox]
INFO  [2015-09-23 15:11:43.812] - "Firefox" Application.getRegion() - get a Region object from the application
INFO  [2015-09-23 15:11:43.823] - "R[0,75 1280x922]@S(0)" Region.move() - move this region with arg(s) [0, -40]
INFO  [2015-09-23 15:11:43.824] - "R[0,35 1280x922]@S(0)" Region.setH() - set new height for this region with arg(s) [40]
INFO  [2015-09-23 15:11:43.825] - "R[0,35 1280x40]@S(0)" Region.exists() - check if this region is visible with arg(s) [browser_maximize, 1]
INFO  [2015-09-23 15:11:44.923] - _navigateTo("http://10.4.14.128:8080/cm-client/");
INFO  [2015-09-23 15:11:45.435] - _call(top.location.reload());
INFO  [2015-09-23 15:11:45.463] - "test case [id=test_case_1, name=test_case_1]" TestCaseAction.addTestCaseStep() - add a step to the current test case with arg(s) [Load Consol CM, 1443013902724, 1443013905463, 0]
INFO  [2015-09-23 15:11:45.465] - Environment.sleep() - sleep and do nothing for x seconds with arg(s) [2]
INFO  [2015-09-23 15:11:47.512] - _focus(_textbox("username"));
INFO  [2015-09-23 15:11:47.627] - _click(_textbox("username"));
INFO  [2015-09-23 15:11:47.670] - wait 500ms for sahi refresh
INFO  [2015-09-23 15:11:48.170] - sahi-proxy-timer modified to 2040 ms
INFO  [2015-09-23 15:11:48.171] - Environment.type() - type over system keyboard with arg(s) [bearbeiter_2]
INFO  [2015-09-23 15:11:48.177] - [log]  TYPE "bearbeiter_2"
INFO  [2015-09-23 15:11:49.376] - reset sahi-proxy-timer
INFO  [2015-09-23 15:11:49.794] - _sahi.setServerVar('___lastValue___1443013909378', _getValue(_textbox("username")));
INFO  [2015-09-23 15:11:49.906] - _setValue(_textbox("username"), "bearbeiter_2");
INFO  [2015-09-23 15:11:50.015] - _setValue(_password("password"), "5akuli");
INFO  [2015-09-23 15:11:50.086] - Environment.sleep() - sleep and do nothing for x seconds with arg(s) [1]
INFO  [2015-09-23 15:11:51.087] - wait 500ms for sahi refresh
INFO  [2015-09-23 15:11:51.591] - sahi-proxy-timer modified to 170 ms
INFO  [2015-09-23 15:11:51.591] - Environment.type() - type over system keyboard with arg(s) [
]
INFO  [2015-09-23 15:11:51.592] - [profile] TStart: Region.type
INFO  [2015-09-23 15:11:51.592] - [log]  TYPE "#ENTER."
INFO  [2015-09-23 15:11:51.592] - [profile] TLap: (0.000 sec): (before getting Robot) Region.type
INFO  [2015-09-23 15:11:51.592] - [profile] TLap: (0.000 sec): (before typing) Region.type
INFO  [2015-09-23 15:11:51.712] - [profile] TLap: (0.120 sec): (after typing, before waitForIdle) Region.type
INFO  [2015-09-23 15:11:51.713] - [profile] TEnd (0.121 sec): Region.type
INFO  [2015-09-23 15:11:51.713] - reset sahi-proxy-timer
INFO  [2015-09-23 15:11:51.714] - wait 500ms for sahi refresh
INFO  [2015-09-23 15:11:52.221] - sahi-proxy-timer modified to 170 ms
INFO  [2015-09-23 15:11:52.221] - Environment.type() - type over system keyboard with arg(s) [
]
INFO  [2015-09-23 15:11:52.222] - [profile] TStart: Region.type
INFO  [2015-09-23 15:11:52.222] - [log]  TYPE "#ENTER."
INFO  [2015-09-23 15:11:52.222] - [profile] TLap: (0.000 sec): (before getting Robot) Region.type
INFO  [2015-09-23 15:11:52.222] - [profile] TLap: (0.000 sec): (before typing) Region.type
INFO  [2015-09-23 15:11:52.323] - [profile] TLap: (0.101 sec): (after typing, before waitForIdle) Region.type
INFO  [2015-09-23 15:11:52.325] - [profile] TEnd (0.102 sec): Region.type
INFO  [2015-09-23 15:11:52.325] - reset sahi-proxy-timer
INFO  [2015-09-23 15:11:52.775] - _highlight(_span("Angemeldet als:"));
INFO  [2015-09-23 15:11:52.835] - Environment.sleep() - sleep and do nothing for x seconds with arg(s) [1]
INFO  [2015-09-23 15:11:53.847] - _highlight(_span("user"));
INFO  [2015-09-23 15:11:53.939] - "test case [id=test_case_1, name=test_case_1]" TestCaseAction.addTestCaseStep() - add a step to the current test case with arg(s) [Login, 1443013905463, 1443013913939, 0]
INFO  [2015-09-23 15:11:54.013] - _highlight(_div(0, _in(_div("/accordion_item first .*/"))));
INFO  [2015-09-23 15:11:54.183] - _highlight(_div(1, _in(_div("/accordion_item first .*/"))));
INFO  [2015-09-23 15:11:54.369] - _click(_link(0, _in(_div(1, _in(_div("/accordion_item first .*/"))))));
INFO  [2015-09-23 15:11:55.755] - _sahi.setServerVar('___lastValue___1443013914456', _count("_div", "/cl_item tt_init .*/"));
INFO  [2015-09-23 15:11:55.800] - Environment.sleep() - sleep and do nothing for x seconds with arg(s) [1]
INFO  [2015-09-23 15:11:56.880] - _highlight(_link(0, _in(_div("/cl_item tt_init .*/["+1+"]"))));
INFO  [2015-09-23 15:11:56.902] - Environment.sleep() - sleep and do nothing for x seconds with arg(s) [1]
INFO  [2015-09-23 15:11:58.024] - _click(_link(0, _in(_div("/cl_item tt_init .*/["+1+"]"))));
INFO  [2015-09-23 15:11:58.113] - Environment.sleep() - sleep and do nothing for x seconds with arg(s) [10]
INFO  [2015-09-23 15:12:08.178] - _highlight(_link(">>> Direkt schlieen (verwerfen)..."));
INFO  [2015-09-23 15:12:08.295] - _click(_link(">>> Direkt schlieen (verwerfen)..."));
INFO  [2015-09-23 15:12:08.407] - _highlight(_select("frm_field_valid w_serviceCommonACFOnly.directCloseReason t_enum"));
INFO  [2015-09-23 15:12:08.527] - _setSelected(_select("frm_field_valid w_serviceCommonACFOnly.directCloseReason t_enum"), "403");
INFO  [2015-09-23 15:12:08.719] - _click(_button("OK", _in(_div("/activity_control_form .*/"))));
INFO  [2015-09-23 15:12:09.436] - _sahi.setServerVar('___lastValue___1443013928724', _exists(_link(">>> Beantworten, zurck...")));
INFO  [2015-09-23 15:12:24.643] - set logback configuration file '/root/sakuli/sakuli-v0.9.1-SNAPSHOT/config/sakuli-log-config.xml'
INFO  [2015-09-23 15:12:24.666] - initialize test suite with id 'consol_cm_assign_ticket'
INFO  [2015-09-23 15:12:24.686] - 
--- TestSuite initialization: read test suite information of file "/root/Desktop/git/sakuli-example-testautomation-day/docker_e2e/consol_cm_test_suites/test_assign_ticket/testsuite.suite" ----
// format:
// testcase_folder/testcase.sah http://www.starturl.de
//
test_case_1/tc_assign_ticket.js http://sahi.example.com/_s_/dyn/Driver_initialized
 --- End of File "/root/Desktop/git/sakuli-example-testautomation-day/docker_e2e/consol_cm_test_suites/test_assign_ticket/testsuite.suite" ---
INFO  [2015-09-23 15:12:24.688] - test suite with guid 'consol_cm_assign_ticket__2015_09_23_15_12_24_666' has been initialized!
INFO  [2015-09-23 15:12:24.688] - Initialize Sahi Proxy! 
INFO  [2015-09-23 15:12:24.689] - START Sahi-PROXY: Sahi-Home folder '/root/sakuli/sahi', Sahi-Configuration folder '/root/sakuli/sahi/userdata'
INFO  [2015-09-23 15:12:24.926] - Start Sakuli-Test-Suite from folder "/root/Desktop/git/sakuli-example-testautomation-day/docker_e2e/consol_cm_test_suites/test_assign_ticket"
INFO  [2015-09-23 15:12:24.927] - connect Sahi-TestRunner:http://localhost:9999
INFO  [2015-09-23 15:12:24.930] - Sahi-Script-Runner starts!

INFO  [2015-09-23 15:12:25.156] - Add RhinoScriptRunner to the JavaBackEnd
INFO  [2015-09-23 15:12:27.412] - set default path for images to the test case folder "/root/Desktop/git/sakuli-example-testautomation-day/docker_e2e/consol_cm_test_suites/test_assign_ticket/test_case_1"
INFO  [2015-09-23 15:12:27.416] - "test case not initialized" TestCaseAction.getIdFromPath() - convert the path of the test case file to a valid test case ID with arg(s) [/root/Desktop/git/sakuli-example-testautomation-day/docker_e2e/consol_cm_test_suites/test_assign_ticket/test_case_1/undefined]
INFO  [2015-09-23 15:12:27.417] - Return a test-case-id for "/root/Desktop/git/sakuli-example-testautomation-day/docker_e2e/consol_cm_test_suites/test_assign_ticket/test_case_1/undefined"
INFO  [2015-09-23 15:12:27.417] - test-case-id = test_case_1
INFO  [2015-09-23 15:12:27.417] - "test case not initialized" TestCaseAction.init() - init a new test case with arg(s) [test_case_1, 60, 70, [/root/Desktop/git/sakuli-example-testautomation-day/docker_e2e/consol_cm_test_suites/test_assign_ticket/test_case_1]]
INFO  [2015-09-23 15:12:27.417] - load all pics from "/root/Desktop/git/sakuli-example-testautomation-day/docker_e2e/consol_cm_test_suites/test_assign_ticket/test_case_1" in picLib
INFO  [2015-09-23 15:12:27.453] - loaded image [id=browser_maximize, path=/root/Desktop/git/sakuli-example-testautomation-day/docker_e2e/consol_cm_test_suites/test_assign_ticket/test_case_1/browser_maximize.png ]
INFO  [2015-09-23 15:12:27.453] - set isRequestDelayActive=true
INFO  [2015-09-23 15:12:27.454] - Now start to execute the test case 'test_case_1' ! 
 ....
 ...
....
INFO  [2015-09-23 15:12:27.456] - [info] runcmd: wmctrl -m 
INFO  [2015-09-23 15:12:27.470] - [info] runcmd: xdotool version 
INFO  [2015-09-23 15:12:27.470] - [error] RunTimeAPI: fatal error: java.io.IOException: Cannot run program "xdotool": error=2, No such file or directory
INFO  [2015-09-23 15:12:27.472] - "Firefox" Application.focusWindow() - focus application in window with arg(s) [0]
INFO  [2015-09-23 15:12:27.479] - [log] App.focus:  [0:Firefox]
INFO  [2015-09-23 15:12:28.480] - "Firefox" Application.getRegion() - get a Region object from the application
INFO  [2015-09-23 15:12:28.486] - "R[0,75 1280x922]@S(0)" Region.move() - move this region with arg(s) [0, -40]
INFO  [2015-09-23 15:12:28.487] - "R[0,35 1280x922]@S(0)" Region.setH() - set new height for this region with arg(s) [40]
INFO  [2015-09-23 15:12:28.488] - "R[0,35 1280x40]@S(0)" Region.exists() - check if this region is visible with arg(s) [browser_maximize, 1]
INFO  [2015-09-23 15:12:29.599] - _navigateTo("http://10.4.14.128:8080/cm-client/");
INFO  [2015-09-23 15:12:30.116] - _call(top.location.reload());
INFO  [2015-09-23 15:12:30.122] - "test case [id=test_case_1, name=test_case_1]" TestCaseAction.addTestCaseStep() - add a step to the current test case with arg(s) [Load Consol CM, 1443013947417, 1443013950122, 0]
INFO  [2015-09-23 15:12:30.123] - Environment.sleep() - sleep and do nothing for x seconds with arg(s) [2]
INFO  [2015-09-23 15:12:32.266] - _focus(_textbox("username"));
INFO  [2015-09-23 15:12:32.424] - _click(_textbox("username"));
INFO  [2015-09-23 15:12:32.427] - wait 500ms for sahi refresh
INFO  [2015-09-23 15:12:32.927] - sahi-proxy-timer modified to 2040 ms
INFO  [2015-09-23 15:12:32.928] - Environment.type() - type over system keyboard with arg(s) [bearbeiter_2]
INFO  [2015-09-23 15:12:32.933] - [log]  TYPE "bearbeiter_2"
INFO  [2015-09-23 15:12:34.066] - reset sahi-proxy-timer
INFO  [2015-09-23 15:12:34.644] - _sahi.setServerVar('___lastValue___1443013954067', _getValue(_textbox("username")));
INFO  [2015-09-23 15:12:34.807] - _setValue(_textbox("username"), "bearbeiter_2");
INFO  [2015-09-23 15:12:34.956] - _setValue(_password("password"), "5akuli");
INFO  [2015-09-23 15:12:34.977] - Environment.sleep() - sleep and do nothing for x seconds with arg(s) [1]
INFO  [2015-09-23 15:12:35.979] - wait 500ms for sahi refresh
INFO  [2015-09-23 15:12:36.479] - sahi-proxy-timer modified to 170 ms
INFO  [2015-09-23 15:12:36.480] - Environment.type() - type over system keyboard with arg(s) [
]
INFO  [2015-09-23 15:12:36.480] - [profile] TStart: Region.type
INFO  [2015-09-23 15:12:36.481] - [log]  TYPE "#ENTER."
INFO  [2015-09-23 15:12:36.481] - [profile] TLap: (0.000 sec): (before getting Robot) Region.type
INFO  [2015-09-23 15:12:36.481] - [profile] TLap: (0.000 sec): (before typing) Region.type
INFO  [2015-09-23 15:12:36.590] - [profile] TLap: (0.109 sec): (after typing, before waitForIdle) Region.type
INFO  [2015-09-23 15:12:36.592] - [profile] TEnd (0.111 sec): Region.type
INFO  [2015-09-23 15:12:36.593] - reset sahi-proxy-timer
INFO  [2015-09-23 15:12:36.593] - wait 500ms for sahi refresh
INFO  [2015-09-23 15:12:37.095] - sahi-proxy-timer modified to 170 ms
INFO  [2015-09-23 15:12:37.095] - Environment.type() - type over system keyboard with arg(s) [
]
INFO  [2015-09-23 15:12:37.096] - [profile] TStart: Region.type
INFO  [2015-09-23 15:12:37.096] - [log]  TYPE "#ENTER."
INFO  [2015-09-23 15:12:37.096] - [profile] TLap: (0.000 sec): (before getting Robot) Region.type
INFO  [2015-09-23 15:12:37.096] - [profile] TLap: (0.000 sec): (before typing) Region.type
INFO  [2015-09-23 15:12:37.209] - [profile] TLap: (0.113 sec): (after typing, before waitForIdle) Region.type
INFO  [2015-09-23 15:12:37.211] - [profile] TEnd (0.115 sec): Region.type
INFO  [2015-09-23 15:12:37.211] - reset sahi-proxy-timer
INFO  [2015-09-23 15:12:37.502] - _highlight(_span("Angemeldet als:"));
INFO  [2015-09-23 15:12:37.513] - Environment.sleep() - sleep and do nothing for x seconds with arg(s) [1]
INFO  [2015-09-23 15:12:38.578] - _highlight(_span("user"));
INFO  [2015-09-23 15:12:38.614] - "test case [id=test_case_1, name=test_case_1]" TestCaseAction.addTestCaseStep() - add a step to the current test case with arg(s) [Login, 1443013950122, 1443013958614, 0]
INFO  [2015-09-23 15:12:38.747] - _highlight(_div(0, _in(_div("/accordion_item first .*/"))));
INFO  [2015-09-23 15:12:38.908] - _highlight(_div(1, _in(_div("/accordion_item first .*/"))));
INFO  [2015-09-23 15:12:39.100] - _click(_link(0, _in(_div(1, _in(_div("/accordion_item first .*/"))))));
INFO  [2015-09-23 15:12:40.464] - _sahi.setServerVar('___lastValue___1443013959128', _count("_div", "/cl_item tt_init .*/"));
INFO  [2015-09-23 15:12:40.473] - Environment.sleep() - sleep and do nothing for x seconds with arg(s) [1]
INFO  [2015-09-23 15:12:41.600] - _highlight(_link(0, _in(_div("/cl_item tt_init .*/["+0+"]"))));
INFO  [2015-09-23 15:12:41.686] - Environment.sleep() - sleep and do nothing for x seconds with arg(s) [1]
INFO  [2015-09-23 15:12:42.849] - _click(_link(0, _in(_div("/cl_item tt_init .*/["+0+"]"))));
INFO  [2015-09-23 15:12:42.901] - Environment.sleep() - sleep and do nothing for x seconds with arg(s) [10]
INFO  [2015-09-23 15:12:52.978] - _highlight(_link(">>> Direkt schlieen (verwerfen)..."));
INFO  [2015-09-23 15:12:53.094] - _click(_link(">>> Direkt schlieen (verwerfen)..."));
INFO  [2015-09-23 15:12:53.215] - _highlight(_select("frm_field_valid w_serviceCommonACFOnly.directCloseReason t_enum"));
INFO  [2015-09-23 15:12:53.373] - _setSelected(_select("frm_field_valid w_serviceCommonACFOnly.directCloseReason t_enum"), "403");
INFO  [2015-09-23 15:12:53.559] - _click(_button("OK", _in(_div("/activity_control_form .*/"))));
INFO  [2015-09-23 15:12:54.251] - _sahi.setServerVar('___lastValue___1443013973618', _exists(_link(">>> Beantworten, zurck...")));
INFO  [2015-09-23 15:13:04.606] - create screen shot for error "_highlight(_link("ENGLISCHER LINK"));
TypeError: el is undefined
Sahi.prototype._highlight@http://10.4.14.128:8080/_s_/spr/concat.js:1210:9
@http://10.4.14.128:8080/_s_/spr/concat.js line 3607 > eval:1:1
Sahi.prototype.ex@http://10.4.14.128:8080/_s_/spr/concat.js:3607:9
Sahi.prototype.ex@http://10.4.14.128:8080/_s_/spr/sakuli/inject.js:46:12
@http://10.4.14.128:8080/_s_/spr/concat.js:3373:5

<a href='/_s_/dyn/Log_getBrowserScript?href=/root/Desktop/git/sakuli-example-testautomation-day/docker_e2e/consol_cm_test_suites/test_assign_ticket/test_case_1/tc_assign_ticket.js&n=1210'><b>Click for browser script</b></a>"
INFO  [2015-09-23 15:13:04.736] - screen shot saved to file "/root/Desktop/git/sakuli-example-testautomation-day/docker_e2e/consol_cm_test_suites/test_assign_ticket/_logs/_screenshots/2015_09_23_15_13_04_606__highlight_link_ENGLISCHER.jpg"
ERROR [2015-09-23 15:13:04.736] - org.sakuli.exceptions.SakuliException: _highlight(_link("ENGLISCHER LINK"));
TypeError: el is undefined
Sahi.prototype._highlight@http://10.4.14.128:8080/_s_/spr/concat.js:1210:9
@http://10.4.14.128:8080/_s_/spr/concat.js line 3607 > eval:1:1
Sahi.prototype.ex@http://10.4.14.128:8080/_s_/spr/concat.js:3607:9
Sahi.prototype.ex@http://10.4.14.128:8080/_s_/spr/sakuli/inject.js:46:12
@http://10.4.14.128:8080/_s_/spr/concat.js:3373:5

<a href='/_s_/dyn/Log_getBrowserScript?href=/root/Desktop/git/sakuli-example-testautomation-day/docker_e2e/consol_cm_test_suites/test_assign_ticket/test_case_1/tc_assign_ticket.js&n=1210'><b>Click for browser script</b></a>
org.sakuli.exceptions.SakuliExceptionWithScreenshot: org.sakuli.exceptions.SakuliException: _highlight(_link("ENGLISCHER LINK"));
TypeError: el is undefined
Sahi.prototype._highlight@http://10.4.14.128:8080/_s_/spr/concat.js:1210:9
@http://10.4.14.128:8080/_s_/spr/concat.js line 3607 > eval:1:1
Sahi.prototype.ex@http://10.4.14.128:8080/_s_/spr/concat.js:3607:9
Sahi.prototype.ex@http://10.4.14.128:8080/_s_/spr/sakuli/inject.js:46:12
@http://10.4.14.128:8080/_s_/spr/concat.js:3373:5

<a href='/_s_/dyn/Log_getBrowserScript?href=/root/Desktop/git/sakuli-example-testautomation-day/docker_e2e/consol_cm_test_suites/test_assign_ticket/test_case_1/tc_assign_ticket.js&n=1210'><b>Click for browser script</b></a>
	at org.sakuli.exceptions.SakuliExceptionHandler.transformException(SakuliExceptionHandler.java:302) [sakuli.jar:na]
	at org.sakuli.exceptions.SakuliExceptionHandler.processException(SakuliExceptionHandler.java:182) [sakuli.jar:na]
	at org.sakuli.exceptions.SakuliExceptionHandler.handleException(SakuliExceptionHandler.java:170) [sakuli.jar:na]
	at org.sakuli.exceptions.SakuliExceptionHandler.handleException(SakuliExceptionHandler.java:313) [sakuli.jar:na]
	at org.sakuli.exceptions.SakuliExceptionHandler.handleException(SakuliExceptionHandler.java:317) [sakuli.jar:na]
	at org.sakuli.actions.TestCaseAction.handleException(TestCaseAction.java:235) [sakuli.jar:na]
	at sun.reflect.NativeMethodAccessorImpl.invoke0(Native Method) ~[na:1.8.0_60]
	at sun.reflect.NativeMethodAccessorImpl.invoke(Unknown Source) ~[na:1.8.0_60]
	at sun.reflect.DelegatingMethodAccessorImpl.invoke(Unknown Source) ~[na:1.8.0_60]
	at java.lang.reflect.Method.invoke(Unknown Source) ~[na:1.8.0_60]
	at org.mozilla.javascript.MemberBox.invoke(MemberBox.java:161) [js-1.7R2.jar:na]
	at org.mozilla.javascript.NativeJavaMethod.call(NativeJavaMethod.java:247) [js-1.7R2.jar:na]
	at org.mozilla.javascript.Interpreter.interpretLoop(Interpreter.java:3330) [js-1.7R2.jar:na]
	at org.mozilla.javascript.Interpreter.interpret(Interpreter.java:2487) [js-1.7R2.jar:na]
	at org.mozilla.javascript.InterpretedFunction.call(InterpretedFunction.java:164) [js-1.7R2.jar:na]
	at org.mozilla.javascript.ContextFactory.doTopCall(ContextFactory.java:398) [js-1.7R2.jar:na]
	at org.mozilla.javascript.ScriptRuntime.doTopCall(ScriptRuntime.java:3065) [js-1.7R2.jar:na]
	at org.mozilla.javascript.InterpretedFunction.exec(InterpretedFunction.java:175) [js-1.7R2.jar:na]
	at org.mozilla.javascript.Context.evaluateString(Context.java:1104) [js-1.7R2.jar:na]
	at net.sf.sahi.rhino.RhinoScriptRunner.run(RhinoScriptRunner.java:114) [sakuli.jar:na]
	at java.lang.Thread.run(Unknown Source) [na:1.8.0_60]
Caused by: org.sakuli.exceptions.SakuliException: _highlight(_link("ENGLISCHER LINK"));
TypeError: el is undefined
Sahi.prototype._highlight@http://10.4.14.128:8080/_s_/spr/concat.js:1210:9
@http://10.4.14.128:8080/_s_/spr/concat.js line 3607 > eval:1:1
Sahi.prototype.ex@http://10.4.14.128:8080/_s_/spr/concat.js:3607:9
Sahi.prototype.ex@http://10.4.14.128:8080/_s_/spr/sakuli/inject.js:46:12
@http://10.4.14.128:8080/_s_/spr/concat.js:3373:5

<a href='/_s_/dyn/Log_getBrowserScript?href=/root/Desktop/git/sakuli-example-testautomation-day/docker_e2e/consol_cm_test_suites/test_assign_ticket/test_case_1/tc_assign_ticket.js&n=1210'><b>Click for browser script</b></a>
	... 17 common frames omitted
INFO  [2015-09-23 15:13:04.838] - _click(_image("logout.png"));
INFO  [2015-09-23 15:13:04.937] - =========== SAVE Test Case 'test_case_1' ==================
INFO  [2015-09-23 15:13:05.183] - _sahi.setServerVar('lastURL', window.document.location.href);
INFO  [2015-09-23 15:13:05.297] - _sahi.setServerVar('browser', navigator.userAgent);
INFO  [2015-09-23 15:13:05.343] - "test case [id=test_case_1, name=test_case_1]" TestCaseAction.saveResult() - save the result of the current test case with arg(s) [test_case_1, 1443013947417, 1443013984938, http://10.4.14.128:8080/cm-client/login?signoutRedirect=true, Mozilla/5.0 (X11, Linux x86_64, rv:38.0) Gecko/20100101 Firefox/38.0]
INFO  [2015-09-23 15:13:05.345] - Total Memory in JVM (Xmx) is: 446.625 MB;<br/>Memory currently in use is: 34.98046875 MB;<br/>Memory increment during this test is: 5.91796875 MB
INFO  [2015-09-23 15:13:07.229] - test suite 'consol_cm_assign_ticket' stopped at 2015_09_23_15_13_07_229
INFO  [2015-09-23 15:13:07.229] - Sahi-Script-Runner executed with FAILURE
INFO  [2015-09-23 15:13:07.229] - test suite finished
INFO  [2015-09-23 15:13:07.229] - SHUTDOWN SAHI-Proxy SUCCESSFULLY
INFO  [2015-09-23 15:13:07.279] - 
=========== RESULT of SAKULI Testsuite "consol_cm_assign_ticket" - ERRORS =================
test suite id: consol_cm_assign_ticket
guid: consol_cm_assign_ticket__2015_09_23_15_12_24_666
name: CM-Showroom Comment
RESULT STATE: ERRORS
result code: 6
db primary key: -1
duration: 42.563 sec.
warning time: 120 sec.
critical time: 140 sec.
start time: 23-09-2015 15:12:24
end time: 23-09-2015 15:13:07
db primary key of job table: -1
browser: Mozilla/5.0 (X11, Linux x86_64, rv:38.0) Gecko/20100101 Firefox/38.0
	======== test case "test_case_1" ended with ERRORS =================
	test case id: test_case_1
	name: test_case_1
	RESULT STATE: ERRORS
	result code: 4
	ERRORS: _highlight(_link("ENGLISCHER LINK"));
	TypeError: el is undefined
	Sahi.prototype._highlight@http://10.4.14.128:8080/_s_/spr/concat.js:1210:9
	@http://10.4.14.128:8080/_s_/spr/concat.js line 3607 > eval:1:1
	Sahi.prototype.ex@http://10.4.14.128:8080/_s_/spr/concat.js:3607:9
	Sahi.prototype.ex@http://10.4.14.128:8080/_s_/spr/sakuli/inject.js:46:12
	@http://10.4.14.128:8080/_s_/spr/concat.js:3373:5
	
	<a href='/_s_/dyn/Log_getBrowserScript?href=/root/Desktop/git/sakuli-example-testautomation-day/docker_e2e/consol_cm_test_suites/test_assign_ticket/test_case_1/tc_assign_ticket.js&n=1210'><b>Click for browser script</b></a>
	ERROR - SCREENSHOT: /root/Desktop/git/sakuli-example-testautomation-day/docker_e2e/consol_cm_test_suites/test_assign_ticket/_logs/_screenshots/2015_09_23_15_13_04_606__highlight_link_ENGLISCHER.jpg
	db primary key: -1
	duration: 37.521 sec.
	warning time: 60 sec.
	critical time: 70 sec.
	start time: 23-09-2015 15:12:27
	end time: 23-09-2015 15:13:04
	start URL: http://sahi.example.com/_s_/dyn/Driver_initialized
	last URL: http://10.4.14.128:8080/cm-client/login?signoutRedirect=true
		======== test case step "Load_Consol_CM" ended with OK =================
		name: Load_Consol_CM
		RESULT STATE: OK
		result code: 0
		db primary key: -1
		duration: 2.705 sec.
		warning time: 0 sec.
		start time: 23-09-2015 15:12:27
		end time: 23-09-2015 15:12:30
		======== test case step "Login" ended with OK =================
		name: Login
		RESULT STATE: OK
		result code: 0
		db primary key: -1
		duration: 8.492 sec.
		warning time: 0 sec.
		start time: 23-09-2015 15:12:30
		end time: 23-09-2015 15:12:38
===========  SAKULI Testsuite "consol_cm_assign_ticket" execution FINISHED - ERRORS ======================

ERROR [2015-09-23 15:13:07.280] - ERROR:
CASE 'test_case_1':  _highlight(_link("ENGLISCHER LINK"));
TypeError: el is undefined
Sahi.prototype._highlight@http://10.4.14.128:8080/_s_/spr/concat.js:1210:9
@http://10.4.14.128:8080/_s_/spr/concat.js line 3607 > eval:1:1
Sahi.prototype.ex@http://10.4.14.128:8080/_s_/spr/concat.js:3607:9
Sahi.prototype.ex@http://10.4.14.128:8080/_s_/spr/sakuli/inject.js:46:12
@http://10.4.14.128:8080/_s_/spr/concat.js:3373:5

<a href='/_s_/dyn/Log_getBrowserScript?href=/root/Desktop/git/sakuli-example-testautomation-day/docker_e2e/consol_cm_test_suites/test_assign_ticket/test_case_1/tc_assign_ticket.js&n=1210'><b>Click for browser script</b></a>

INFO  [2015-09-23 15:13:30.752] - set logback configuration file '/root/sakuli/sakuli-v0.9.1-SNAPSHOT/config/sakuli-log-config.xml'
INFO  [2015-09-23 15:13:30.787] - initialize test suite with id 'consol_cm_assign_ticket'
INFO  [2015-09-23 15:13:30.805] - 
--- TestSuite initialization: read test suite information of file "/root/Desktop/git/sakuli-example-testautomation-day/docker_e2e/consol_cm_test_suites/test_assign_ticket/testsuite.suite" ----
// format:
// testcase_folder/testcase.sah http://www.starturl.de
//
test_case_1/tc_assign_ticket.js http://sahi.example.com/_s_/dyn/Driver_initialized
 --- End of File "/root/Desktop/git/sakuli-example-testautomation-day/docker_e2e/consol_cm_test_suites/test_assign_ticket/testsuite.suite" ---
INFO  [2015-09-23 15:13:30.807] - test suite with guid 'consol_cm_assign_ticket__2015_09_23_15_13_30_788' has been initialized!
INFO  [2015-09-23 15:13:30.808] - Initialize Sahi Proxy! 
INFO  [2015-09-23 15:13:30.808] - START Sahi-PROXY: Sahi-Home folder '/root/sakuli/sahi', Sahi-Configuration folder '/root/sakuli/sahi/userdata'
INFO  [2015-09-23 15:13:31.033] - Start Sakuli-Test-Suite from folder "/root/Desktop/git/sakuli-example-testautomation-day/docker_e2e/consol_cm_test_suites/test_assign_ticket"
INFO  [2015-09-23 15:13:31.034] - connect Sahi-TestRunner:http://localhost:9999
INFO  [2015-09-23 15:13:31.037] - Sahi-Script-Runner starts!

INFO  [2015-09-23 15:13:31.284] - Add RhinoScriptRunner to the JavaBackEnd
INFO  [2015-09-23 15:13:33.240] - set default path for images to the test case folder "/root/Desktop/git/sakuli-example-testautomation-day/docker_e2e/consol_cm_test_suites/test_assign_ticket/test_case_1"
INFO  [2015-09-23 15:13:33.273] - "test case not initialized" TestCaseAction.getIdFromPath() - convert the path of the test case file to a valid test case ID with arg(s) [/root/Desktop/git/sakuli-example-testautomation-day/docker_e2e/consol_cm_test_suites/test_assign_ticket/test_case_1/undefined]
INFO  [2015-09-23 15:13:33.274] - Return a test-case-id for "/root/Desktop/git/sakuli-example-testautomation-day/docker_e2e/consol_cm_test_suites/test_assign_ticket/test_case_1/undefined"
INFO  [2015-09-23 15:13:33.274] - test-case-id = test_case_1
INFO  [2015-09-23 15:13:33.274] - "test case not initialized" TestCaseAction.init() - init a new test case with arg(s) [test_case_1, 60, 70, [/root/Desktop/git/sakuli-example-testautomation-day/docker_e2e/consol_cm_test_suites/test_assign_ticket/test_case_1]]
INFO  [2015-09-23 15:13:33.274] - load all pics from "/root/Desktop/git/sakuli-example-testautomation-day/docker_e2e/consol_cm_test_suites/test_assign_ticket/test_case_1" in picLib
INFO  [2015-09-23 15:13:33.300] - loaded image [id=browser_maximize, path=/root/Desktop/git/sakuli-example-testautomation-day/docker_e2e/consol_cm_test_suites/test_assign_ticket/test_case_1/browser_maximize.png ]
INFO  [2015-09-23 15:13:33.301] - set isRequestDelayActive=true
INFO  [2015-09-23 15:13:33.302] - Now start to execute the test case 'test_case_1' ! 
 ....
 ...
....
INFO  [2015-09-23 15:13:33.303] - [info] runcmd: wmctrl -m 
INFO  [2015-09-23 15:13:33.321] - [info] runcmd: xdotool version 
INFO  [2015-09-23 15:13:33.322] - [error] RunTimeAPI: fatal error: java.io.IOException: Cannot run program "xdotool": error=2, No such file or directory
INFO  [2015-09-23 15:13:33.324] - "Firefox" Application.focusWindow() - focus application in window with arg(s) [0]
INFO  [2015-09-23 15:13:33.350] - [log] App.focus:  [0:Firefox]
INFO  [2015-09-23 15:13:34.351] - "Firefox" Application.getRegion() - get a Region object from the application
INFO  [2015-09-23 15:13:34.359] - "R[0,75 1280x922]@S(0)" Region.move() - move this region with arg(s) [0, -40]
INFO  [2015-09-23 15:13:34.360] - "R[0,35 1280x922]@S(0)" Region.setH() - set new height for this region with arg(s) [40]
INFO  [2015-09-23 15:13:34.361] - "R[0,35 1280x40]@S(0)" Region.exists() - check if this region is visible with arg(s) [browser_maximize, 1]
INFO  [2015-09-23 15:13:35.454] - _navigateTo("http://10.4.14.128:8080/cm-client/");
INFO  [2015-09-23 15:13:35.992] - _call(top.location.reload());
INFO  [2015-09-23 15:13:36.094] - "test case [id=test_case_1, name=test_case_1]" TestCaseAction.addTestCaseStep() - add a step to the current test case with arg(s) [Load Consol CM, 1443014013274, 1443014016094, 0]
INFO  [2015-09-23 15:13:36.095] - Environment.sleep() - sleep and do nothing for x seconds with arg(s) [2]
INFO  [2015-09-23 15:13:38.111] - _focus(_textbox("username"));
INFO  [2015-09-23 15:13:38.226] - _click(_textbox("username"));
INFO  [2015-09-23 15:13:38.300] - wait 500ms for sahi refresh
INFO  [2015-09-23 15:13:38.801] - sahi-proxy-timer modified to 2040 ms
INFO  [2015-09-23 15:13:38.802] - Environment.type() - type over system keyboard with arg(s) [bearbeiter_2]
INFO  [2015-09-23 15:13:38.804] - [log]  TYPE "bearbeiter_2"
INFO  [2015-09-23 15:13:39.946] - reset sahi-proxy-timer
INFO  [2015-09-23 15:13:40.393] - _sahi.setServerVar('___lastValue___1443014019947', _getValue(_textbox("username")));
INFO  [2015-09-23 15:13:40.505] - _setValue(_textbox("username"), "bearbeiter_2");
INFO  [2015-09-23 15:13:40.620] - _setValue(_password("password"), "5akuli");
INFO  [2015-09-23 15:13:40.654] - Environment.sleep() - sleep and do nothing for x seconds with arg(s) [1]
INFO  [2015-09-23 15:13:41.656] - wait 500ms for sahi refresh
INFO  [2015-09-23 15:13:42.156] - sahi-proxy-timer modified to 170 ms
INFO  [2015-09-23 15:13:42.157] - Environment.type() - type over system keyboard with arg(s) [
]
INFO  [2015-09-23 15:13:42.157] - [profile] TStart: Region.type
INFO  [2015-09-23 15:13:42.157] - [log]  TYPE "#ENTER."
INFO  [2015-09-23 15:13:42.158] - [profile] TLap: (0.001 sec): (before getting Robot) Region.type
INFO  [2015-09-23 15:13:42.159] - [profile] TLap: (0.001 sec): (before typing) Region.type
INFO  [2015-09-23 15:13:42.266] - [profile] TLap: (0.109 sec): (after typing, before waitForIdle) Region.type
INFO  [2015-09-23 15:13:42.268] - [profile] TEnd (0.111 sec): Region.type
INFO  [2015-09-23 15:13:42.269] - reset sahi-proxy-timer
INFO  [2015-09-23 15:13:42.269] - wait 500ms for sahi refresh
INFO  [2015-09-23 15:13:42.775] - sahi-proxy-timer modified to 170 ms
INFO  [2015-09-23 15:13:42.775] - Environment.type() - type over system keyboard with arg(s) [
]
INFO  [2015-09-23 15:13:42.776] - [profile] TStart: Region.type
INFO  [2015-09-23 15:13:42.776] - [log]  TYPE "#ENTER."
INFO  [2015-09-23 15:13:42.776] - [profile] TLap: (0.000 sec): (before getting Robot) Region.type
INFO  [2015-09-23 15:13:42.776] - [profile] TLap: (0.000 sec): (before typing) Region.type
INFO  [2015-09-23 15:13:42.889] - [profile] TLap: (0.113 sec): (after typing, before waitForIdle) Region.type
INFO  [2015-09-23 15:13:42.891] - [profile] TEnd (0.114 sec): Region.type
INFO  [2015-09-23 15:13:42.891] - reset sahi-proxy-timer
INFO  [2015-09-23 15:13:43.151] - _highlight(_span("Angemeldet als:"));
INFO  [2015-09-23 15:13:43.198] - Environment.sleep() - sleep and do nothing for x seconds with arg(s) [1]
INFO  [2015-09-23 15:13:44.224] - _highlight(_span("user"));
INFO  [2015-09-23 15:13:44.300] - "test case [id=test_case_1, name=test_case_1]" TestCaseAction.addTestCaseStep() - add a step to the current test case with arg(s) [Login, 1443014016094, 1443014024300, 0]
INFO  [2015-09-23 15:13:44.380] - _highlight(_div(0, _in(_div("/accordion_item first .*/"))));
INFO  [2015-09-23 15:13:44.541] - _highlight(_div(1, _in(_div("/accordion_item first .*/"))));
INFO  [2015-09-23 15:13:55.139] - create screen shot for error "_click(_link(0, _in(_div(1, _in(_div("/accordion_item first .*/"))))));
Error: The parameter passed to _click was not found on the browser"
INFO  [2015-09-23 15:13:55.273] - screen shot saved to file "/root/Desktop/git/sakuli-example-testautomation-day/docker_e2e/consol_cm_test_suites/test_assign_ticket/_logs/_screenshots/2015_09_23_15_13_55_140__click_link_0_in_div_1_in_.jpg"
ERROR [2015-09-23 15:13:55.273] - org.sakuli.exceptions.SakuliException: _click(_link(0, _in(_div(1, _in(_div("/accordion_item first .*/"))))));
Error: The parameter passed to _click was not found on the browser
org.sakuli.exceptions.SakuliExceptionWithScreenshot: org.sakuli.exceptions.SakuliException: _click(_link(0, _in(_div(1, _in(_div("/accordion_item first .*/"))))));
Error: The parameter passed to _click was not found on the browser
	at org.sakuli.exceptions.SakuliExceptionHandler.transformException(SakuliExceptionHandler.java:302) [sakuli.jar:na]
	at org.sakuli.exceptions.SakuliExceptionHandler.processException(SakuliExceptionHandler.java:182) [sakuli.jar:na]
	at org.sakuli.exceptions.SakuliExceptionHandler.handleException(SakuliExceptionHandler.java:170) [sakuli.jar:na]
	at org.sakuli.exceptions.SakuliExceptionHandler.handleException(SakuliExceptionHandler.java:313) [sakuli.jar:na]
	at org.sakuli.exceptions.SakuliExceptionHandler.handleException(SakuliExceptionHandler.java:317) [sakuli.jar:na]
	at org.sakuli.actions.TestCaseAction.handleException(TestCaseAction.java:235) [sakuli.jar:na]
	at sun.reflect.NativeMethodAccessorImpl.invoke0(Native Method) ~[na:1.8.0_60]
	at sun.reflect.NativeMethodAccessorImpl.invoke(Unknown Source) ~[na:1.8.0_60]
	at sun.reflect.DelegatingMethodAccessorImpl.invoke(Unknown Source) ~[na:1.8.0_60]
	at java.lang.reflect.Method.invoke(Unknown Source) ~[na:1.8.0_60]
	at org.mozilla.javascript.MemberBox.invoke(MemberBox.java:161) [js-1.7R2.jar:na]
	at org.mozilla.javascript.NativeJavaMethod.call(NativeJavaMethod.java:247) [js-1.7R2.jar:na]
	at org.mozilla.javascript.Interpreter.interpretLoop(Interpreter.java:3330) [js-1.7R2.jar:na]
	at org.mozilla.javascript.Interpreter.interpret(Interpreter.java:2487) [js-1.7R2.jar:na]
	at org.mozilla.javascript.InterpretedFunction.call(InterpretedFunction.java:164) [js-1.7R2.jar:na]
	at org.mozilla.javascript.ContextFactory.doTopCall(ContextFactory.java:398) [js-1.7R2.jar:na]
	at org.mozilla.javascript.ScriptRuntime.doTopCall(ScriptRuntime.java:3065) [js-1.7R2.jar:na]
	at org.mozilla.javascript.InterpretedFunction.exec(InterpretedFunction.java:175) [js-1.7R2.jar:na]
	at org.mozilla.javascript.Context.evaluateString(Context.java:1104) [js-1.7R2.jar:na]
	at net.sf.sahi.rhino.RhinoScriptRunner.run(RhinoScriptRunner.java:114) [sakuli.jar:na]
	at java.lang.Thread.run(Unknown Source) [na:1.8.0_60]
Caused by: org.sakuli.exceptions.SakuliException: _click(_link(0, _in(_div(1, _in(_div("/accordion_item first .*/"))))));
Error: The parameter passed to _click was not found on the browser
	... 17 common frames omitted
INFO  [2015-09-23 15:13:55.382] - _click(_image("logout.png"));
INFO  [2015-09-23 15:13:55.481] - =========== SAVE Test Case 'test_case_1' ==================
INFO  [2015-09-23 15:13:55.696] - _sahi.setServerVar('lastURL', window.document.location.href);
INFO  [2015-09-23 15:13:55.807] - _sahi.setServerVar('browser', navigator.userAgent);
INFO  [2015-09-23 15:13:55.885] - "test case [id=test_case_1, name=test_case_1]" TestCaseAction.saveResult() - save the result of the current test case with arg(s) [test_case_1, 1443014013274, 1443014035482, http://10.4.14.128:8080/cm-client/login?signoutRedirect=true, Mozilla/5.0 (X11, Linux x86_64, rv:38.0) Gecko/20100101 Firefox/38.0]
INFO  [2015-09-23 15:13:55.887] - Total Memory in JVM (Xmx) is: 446.625 MB;<br/>Memory currently in use is: 29.3125 MB;<br/>Memory increment during this test is: 0.25 MB
INFO  [2015-09-23 15:13:59.237] - test suite 'consol_cm_assign_ticket' stopped at 2015_09_23_15_13_59_237
INFO  [2015-09-23 15:13:59.237] - Sahi-Script-Runner executed with FAILURE
INFO  [2015-09-23 15:13:59.237] - test suite finished
INFO  [2015-09-23 15:13:59.237] - SHUTDOWN SAHI-Proxy SUCCESSFULLY
INFO  [2015-09-23 15:13:59.269] - 
=========== RESULT of SAKULI Testsuite "consol_cm_assign_ticket" - ERRORS =================
test suite id: consol_cm_assign_ticket
guid: consol_cm_assign_ticket__2015_09_23_15_13_30_788
name: CM-Showroom Comment
RESULT STATE: ERRORS
result code: 6
db primary key: -1
duration: 28.449 sec.
warning time: 120 sec.
critical time: 140 sec.
start time: 23-09-2015 15:13:30
end time: 23-09-2015 15:13:59
db primary key of job table: -1
browser: Mozilla/5.0 (X11, Linux x86_64, rv:38.0) Gecko/20100101 Firefox/38.0
	======== test case "test_case_1" ended with ERRORS =================
	test case id: test_case_1
	name: test_case_1
	RESULT STATE: ERRORS
	result code: 4
	ERRORS: _click(_link(0, _in(_div(1, _in(_div("/accordion_item first .*/"))))));
	Error: The parameter passed to _click was not found on the browser
	ERROR - SCREENSHOT: /root/Desktop/git/sakuli-example-testautomation-day/docker_e2e/consol_cm_test_suites/test_assign_ticket/_logs/_screenshots/2015_09_23_15_13_55_140__click_link_0_in_div_1_in_.jpg
	db primary key: -1
	duration: 22.208 sec.
	warning time: 60 sec.
	critical time: 70 sec.
	start time: 23-09-2015 15:13:33
	end time: 23-09-2015 15:13:55
	start URL: http://sahi.example.com/_s_/dyn/Driver_initialized
	last URL: http://10.4.14.128:8080/cm-client/login?signoutRedirect=true
		======== test case step "Load_Consol_CM" ended with OK =================
		name: Load_Consol_CM
		RESULT STATE: OK
		result code: 0
		db primary key: -1
		duration: 2.82 sec.
		warning time: 0 sec.
		start time: 23-09-2015 15:13:33
		end time: 23-09-2015 15:13:36
		======== test case step "Login" ended with OK =================
		name: Login
		RESULT STATE: OK
		result code: 0
		db primary key: -1
		duration: 8.206 sec.
		warning time: 0 sec.
		start time: 23-09-2015 15:13:36
		end time: 23-09-2015 15:13:44
===========  SAKULI Testsuite "consol_cm_assign_ticket" execution FINISHED - ERRORS ======================

ERROR [2015-09-23 15:13:59.269] - ERROR:
CASE 'test_case_1':  _click(_link(0, _in(_div(1, _in(_div("/accordion_item first .*/"))))));
Error: The parameter passed to _click was not found on the browser

INFO  [2015-09-23 15:17:31.879] - set logback configuration file '/root/sakuli/sakuli-v0.9.1-SNAPSHOT/config/sakuli-log-config.xml'
INFO  [2015-09-23 15:17:31.887] - initialize test suite with id 'consol_cm_assign_ticket'
INFO  [2015-09-23 15:17:31.907] - 
--- TestSuite initialization: read test suite information of file "/root/Desktop/git/sakuli-example-testautomation-day/docker_e2e/consol_cm_test_suites/test_assign_ticket/testsuite.suite" ----
// format:
// testcase_folder/testcase.sah http://www.starturl.de
//
test_case_1/tc_assign_ticket.js http://sahi.example.com/_s_/dyn/Driver_initialized
 --- End of File "/root/Desktop/git/sakuli-example-testautomation-day/docker_e2e/consol_cm_test_suites/test_assign_ticket/testsuite.suite" ---
INFO  [2015-09-23 15:17:31.909] - test suite with guid 'consol_cm_assign_ticket__2015_09_23_15_17_31_887' has been initialized!
INFO  [2015-09-23 15:17:31.909] - Initialize Sahi Proxy! 
INFO  [2015-09-23 15:17:31.910] - START Sahi-PROXY: Sahi-Home folder '/root/sakuli/sahi', Sahi-Configuration folder '/root/sakuli/sahi/userdata'
INFO  [2015-09-23 15:17:32.137] - Start Sakuli-Test-Suite from folder "/root/Desktop/git/sakuli-example-testautomation-day/docker_e2e/consol_cm_test_suites/test_assign_ticket"
INFO  [2015-09-23 15:17:32.137] - connect Sahi-TestRunner:http://localhost:9999
INFO  [2015-09-23 15:17:32.139] - Sahi-Script-Runner starts!

INFO  [2015-09-23 15:17:32.371] - Add RhinoScriptRunner to the JavaBackEnd
INFO  [2015-09-23 15:17:34.256] - set default path for images to the test case folder "/root/Desktop/git/sakuli-example-testautomation-day/docker_e2e/consol_cm_test_suites/test_assign_ticket/test_case_1"
INFO  [2015-09-23 15:17:34.292] - "test case not initialized" TestCaseAction.getIdFromPath() - convert the path of the test case file to a valid test case ID with arg(s) [/root/Desktop/git/sakuli-example-testautomation-day/docker_e2e/consol_cm_test_suites/test_assign_ticket/test_case_1/undefined]
INFO  [2015-09-23 15:17:34.292] - Return a test-case-id for "/root/Desktop/git/sakuli-example-testautomation-day/docker_e2e/consol_cm_test_suites/test_assign_ticket/test_case_1/undefined"
INFO  [2015-09-23 15:17:34.293] - test-case-id = test_case_1
INFO  [2015-09-23 15:17:34.293] - "test case not initialized" TestCaseAction.init() - init a new test case with arg(s) [test_case_1, 60, 70, [/root/Desktop/git/sakuli-example-testautomation-day/docker_e2e/consol_cm_test_suites/test_assign_ticket/test_case_1]]
INFO  [2015-09-23 15:17:34.293] - load all pics from "/root/Desktop/git/sakuli-example-testautomation-day/docker_e2e/consol_cm_test_suites/test_assign_ticket/test_case_1" in picLib
INFO  [2015-09-23 15:17:34.323] - loaded image [id=browser_maximize, path=/root/Desktop/git/sakuli-example-testautomation-day/docker_e2e/consol_cm_test_suites/test_assign_ticket/test_case_1/browser_maximize.png ]
INFO  [2015-09-23 15:17:34.323] - set isRequestDelayActive=true
INFO  [2015-09-23 15:17:34.324] - Now start to execute the test case 'test_case_1' ! 
 ....
 ...
....
INFO  [2015-09-23 15:17:34.326] - [info] runcmd: wmctrl -m 
INFO  [2015-09-23 15:17:34.341] - [info] runcmd: xdotool version 
INFO  [2015-09-23 15:17:34.356] - [error] RunTimeAPI: fatal error: java.io.IOException: Cannot run program "xdotool": error=2, No such file or directory
INFO  [2015-09-23 15:17:34.372] - "Firefox" Application.focusWindow() - focus application in window with arg(s) [0]
INFO  [2015-09-23 15:17:34.388] - [log] App.focus:  [0:Firefox]
INFO  [2015-09-23 15:17:35.389] - "Firefox" Application.getRegion() - get a Region object from the application
INFO  [2015-09-23 15:17:35.401] - "R[0,75 1280x922]@S(0)" Region.move() - move this region with arg(s) [0, -40]
INFO  [2015-09-23 15:17:35.401] - "R[0,35 1280x922]@S(0)" Region.setH() - set new height for this region with arg(s) [40]
INFO  [2015-09-23 15:17:35.402] - "R[0,35 1280x40]@S(0)" Region.exists() - check if this region is visible with arg(s) [browser_maximize, 1]
INFO  [2015-09-23 15:17:36.541] - _navigateTo("http://10.4.14.128:8080/cm-client/");
INFO  [2015-09-23 15:17:37.126] - _call(top.location.reload());
INFO  [2015-09-23 15:17:37.143] - "test case [id=test_case_1, name=test_case_1]" TestCaseAction.addTestCaseStep() - add a step to the current test case with arg(s) [Load Consol CM, 1443014254293, 1443014257143, 0]
INFO  [2015-09-23 15:17:37.144] - Environment.sleep() - sleep and do nothing for x seconds with arg(s) [2]
INFO  [2015-09-23 15:17:39.199] - _focus(_textbox("username"));
INFO  [2015-09-23 15:17:39.358] - _click(_textbox("username"));
INFO  [2015-09-23 15:17:39.449] - wait 500ms for sahi refresh
INFO  [2015-09-23 15:17:39.950] - sahi-proxy-timer modified to 2040 ms
INFO  [2015-09-23 15:17:39.950] - Environment.type() - type over system keyboard with arg(s) [bearbeiter_2]
INFO  [2015-09-23 15:17:39.953] - [log]  TYPE "bearbeiter_2"
INFO  [2015-09-23 15:17:41.092] - reset sahi-proxy-timer
INFO  [2015-09-23 15:17:41.559] - _sahi.setServerVar('___lastValue___1443014261094', _getValue(_textbox("username")));
INFO  [2015-09-23 15:17:41.715] - _setValue(_textbox("username"), "bearbeiter_2");
INFO  [2015-09-23 15:17:41.868] - _setValue(_password("password"), "5akuli");
INFO  [2015-09-23 15:17:41.901] - Environment.sleep() - sleep and do nothing for x seconds with arg(s) [1]
INFO  [2015-09-23 15:17:42.902] - wait 500ms for sahi refresh
INFO  [2015-09-23 15:17:43.402] - sahi-proxy-timer modified to 170 ms
INFO  [2015-09-23 15:17:43.403] - Environment.type() - type over system keyboard with arg(s) [
]
INFO  [2015-09-23 15:17:43.403] - [profile] TStart: Region.type
INFO  [2015-09-23 15:17:43.403] - [log]  TYPE "#ENTER."
INFO  [2015-09-23 15:17:43.403] - [profile] TLap: (0.000 sec): (before getting Robot) Region.type
INFO  [2015-09-23 15:17:43.403] - [profile] TLap: (0.000 sec): (before typing) Region.type
INFO  [2015-09-23 15:17:43.507] - [profile] TLap: (0.104 sec): (after typing, before waitForIdle) Region.type
INFO  [2015-09-23 15:17:43.508] - [profile] TEnd (0.105 sec): Region.type
INFO  [2015-09-23 15:17:43.508] - reset sahi-proxy-timer
INFO  [2015-09-23 15:17:43.509] - wait 500ms for sahi refresh
INFO  [2015-09-23 15:17:44.017] - sahi-proxy-timer modified to 170 ms
INFO  [2015-09-23 15:17:44.017] - Environment.type() - type over system keyboard with arg(s) [
]
INFO  [2015-09-23 15:17:44.017] - [profile] TStart: Region.type
INFO  [2015-09-23 15:17:44.017] - [log]  TYPE "#ENTER."
INFO  [2015-09-23 15:17:44.017] - [profile] TLap: (0.000 sec): (before getting Robot) Region.type
INFO  [2015-09-23 15:17:44.018] - [profile] TLap: (0.000 sec): (before typing) Region.type
INFO  [2015-09-23 15:17:44.128] - [profile] TLap: (0.111 sec): (after typing, before waitForIdle) Region.type
INFO  [2015-09-23 15:17:44.130] - [profile] TEnd (0.113 sec): Region.type
INFO  [2015-09-23 15:17:44.130] - reset sahi-proxy-timer
INFO  [2015-09-23 15:17:44.396] - _highlight(_span("Angemeldet als:"));
INFO  [2015-09-23 15:17:44.440] - Environment.sleep() - sleep and do nothing for x seconds with arg(s) [1]
INFO  [2015-09-23 15:17:45.466] - _highlight(_span("user"));
INFO  [2015-09-23 15:17:45.542] - "test case [id=test_case_1, name=test_case_1]" TestCaseAction.addTestCaseStep() - add a step to the current test case with arg(s) [Login, 1443014257143, 1443014265541, 0]
INFO  [2015-09-23 15:17:45.628] - _highlight(_div(0, _in(_div("/accordion_item first .*/"))));
INFO  [2015-09-23 15:17:45.789] - _highlight(_div(1, _in(_div("/accordion_item first .*/"))));
INFO  [2015-09-23 15:17:45.966] - _sahi.setServerVar('___lastValue___1443014265853', _exists(_link(0, _in(_div(1, _in(_div("/accordion_item first .*/")))))));
INFO  [2015-09-23 15:17:46.128] - create screen shot for error "No Elements in Queue"
INFO  [2015-09-23 15:17:46.259] - screen shot saved to file "/root/Desktop/git/sakuli-example-testautomation-day/docker_e2e/consol_cm_test_suites/test_assign_ticket/_logs/_screenshots/2015_09_23_15_17_46_128_No_Elements_in_Queue.jpg"
ERROR [2015-09-23 15:17:46.260] - org.sakuli.exceptions.SakuliException: No Elements in Queue
org.sakuli.exceptions.SakuliExceptionWithScreenshot: org.sakuli.exceptions.SakuliException: No Elements in Queue
	at org.sakuli.exceptions.SakuliExceptionHandler.transformException(SakuliExceptionHandler.java:302) [sakuli.jar:na]
	at org.sakuli.exceptions.SakuliExceptionHandler.processException(SakuliExceptionHandler.java:182) [sakuli.jar:na]
	at org.sakuli.exceptions.SakuliExceptionHandler.handleException(SakuliExceptionHandler.java:170) [sakuli.jar:na]
	at org.sakuli.exceptions.SakuliExceptionHandler.handleException(SakuliExceptionHandler.java:313) [sakuli.jar:na]
	at org.sakuli.exceptions.SakuliExceptionHandler.handleException(SakuliExceptionHandler.java:317) [sakuli.jar:na]
	at org.sakuli.actions.TestCaseAction.handleException(TestCaseAction.java:235) [sakuli.jar:na]
	at sun.reflect.NativeMethodAccessorImpl.invoke0(Native Method) ~[na:1.8.0_60]
	at sun.reflect.NativeMethodAccessorImpl.invoke(Unknown Source) ~[na:1.8.0_60]
	at sun.reflect.DelegatingMethodAccessorImpl.invoke(Unknown Source) ~[na:1.8.0_60]
	at java.lang.reflect.Method.invoke(Unknown Source) ~[na:1.8.0_60]
	at org.mozilla.javascript.MemberBox.invoke(MemberBox.java:161) [js-1.7R2.jar:na]
	at org.mozilla.javascript.NativeJavaMethod.call(NativeJavaMethod.java:247) [js-1.7R2.jar:na]
	at org.mozilla.javascript.Interpreter.interpretLoop(Interpreter.java:3330) [js-1.7R2.jar:na]
	at org.mozilla.javascript.Interpreter.interpret(Interpreter.java:2487) [js-1.7R2.jar:na]
	at org.mozilla.javascript.InterpretedFunction.call(InterpretedFunction.java:164) [js-1.7R2.jar:na]
	at org.mozilla.javascript.ContextFactory.doTopCall(ContextFactory.java:398) [js-1.7R2.jar:na]
	at org.mozilla.javascript.ScriptRuntime.doTopCall(ScriptRuntime.java:3065) [js-1.7R2.jar:na]
	at org.mozilla.javascript.InterpretedFunction.exec(InterpretedFunction.java:175) [js-1.7R2.jar:na]
	at org.mozilla.javascript.Context.evaluateString(Context.java:1104) [js-1.7R2.jar:na]
	at net.sf.sahi.rhino.RhinoScriptRunner.run(RhinoScriptRunner.java:114) [sakuli.jar:na]
	at java.lang.Thread.run(Unknown Source) [na:1.8.0_60]
Caused by: org.sakuli.exceptions.SakuliException: No Elements in Queue
	... 17 common frames omitted
INFO  [2015-09-23 15:17:46.296] - _click(_image("logout.png"));
INFO  [2015-09-23 15:17:46.361] - =========== SAVE Test Case 'test_case_1' ==================
INFO  [2015-09-23 15:17:46.677] - _sahi.setServerVar('lastURL', window.document.location.href);
INFO  [2015-09-23 15:17:46.794] - _sahi.setServerVar('browser', navigator.userAgent);
INFO  [2015-09-23 15:17:46.871] - "test case [id=test_case_1, name=test_case_1]" TestCaseAction.saveResult() - save the result of the current test case with arg(s) [test_case_1, 1443014254293, 1443014266361, http://10.4.14.128:8080/cm-client/login?signoutRedirect=true, Mozilla/5.0 (X11, Linux x86_64, rv:38.0) Gecko/20100101 Firefox/38.0]
INFO  [2015-09-23 15:17:46.873] - Total Memory in JVM (Xmx) is: 446.625 MB;<br/>Memory currently in use is: 29.25 MB;<br/>Memory increment during this test is: 0.1875 MB
INFO  [2015-09-23 15:17:50.346] - test suite 'consol_cm_assign_ticket' stopped at 2015_09_23_15_17_50_346
INFO  [2015-09-23 15:17:50.346] - Sahi-Script-Runner executed with FAILURE
INFO  [2015-09-23 15:17:50.347] - test suite finished
INFO  [2015-09-23 15:17:50.347] - SHUTDOWN SAHI-Proxy SUCCESSFULLY
INFO  [2015-09-23 15:17:50.381] - 
=========== RESULT of SAKULI Testsuite "consol_cm_assign_ticket" - ERRORS =================
test suite id: consol_cm_assign_ticket
guid: consol_cm_assign_ticket__2015_09_23_15_17_31_887
name: CM-Showroom Comment
RESULT STATE: ERRORS
result code: 6
db primary key: -1
duration: 18.459 sec.
warning time: 120 sec.
critical time: 140 sec.
start time: 23-09-2015 15:17:31
end time: 23-09-2015 15:17:50
db primary key of job table: -1
browser: Mozilla/5.0 (X11, Linux x86_64, rv:38.0) Gecko/20100101 Firefox/38.0
	======== test case "test_case_1" ended with ERRORS =================
	test case id: test_case_1
	name: test_case_1
	RESULT STATE: ERRORS
	result code: 4
	ERRORS: No Elements in Queue
	ERROR - SCREENSHOT: /root/Desktop/git/sakuli-example-testautomation-day/docker_e2e/consol_cm_test_suites/test_assign_ticket/_logs/_screenshots/2015_09_23_15_17_46_128_No_Elements_in_Queue.jpg
	db primary key: -1
	duration: 12.068 sec.
	warning time: 60 sec.
	critical time: 70 sec.
	start time: 23-09-2015 15:17:34
	end time: 23-09-2015 15:17:46
	start URL: http://sahi.example.com/_s_/dyn/Driver_initialized
	last URL: http://10.4.14.128:8080/cm-client/login?signoutRedirect=true
		======== test case step "Load_Consol_CM" ended with OK =================
		name: Load_Consol_CM
		RESULT STATE: OK
		result code: 0
		db primary key: -1
		duration: 2.85 sec.
		warning time: 0 sec.
		start time: 23-09-2015 15:17:34
		end time: 23-09-2015 15:17:37
		======== test case step "Login" ended with OK =================
		name: Login
		RESULT STATE: OK
		result code: 0
		db primary key: -1
		duration: 8.398 sec.
		warning time: 0 sec.
		start time: 23-09-2015 15:17:37
		end time: 23-09-2015 15:17:45
===========  SAKULI Testsuite "consol_cm_assign_ticket" execution FINISHED - ERRORS ======================

ERROR [2015-09-23 15:17:50.381] - ERROR:
CASE 'test_case_1':  No Elements in Queue

INFO  [2015-09-23 15:18:34.706] - set logback configuration file '/root/sakuli/sakuli-v0.9.1-SNAPSHOT/config/sakuli-log-config.xml'
INFO  [2015-09-23 15:18:34.730] - initialize test suite with id 'consol_cm_assign_ticket'
INFO  [2015-09-23 15:18:34.761] - 
--- TestSuite initialization: read test suite information of file "/root/Desktop/git/sakuli-example-testautomation-day/docker_e2e/consol_cm_test_suites/test_assign_ticket/testsuite.suite" ----
// format:
// testcase_folder/testcase.sah http://www.starturl.de
//
test_case_1/tc_assign_ticket.js http://sahi.example.com/_s_/dyn/Driver_initialized
 --- End of File "/root/Desktop/git/sakuli-example-testautomation-day/docker_e2e/consol_cm_test_suites/test_assign_ticket/testsuite.suite" ---
INFO  [2015-09-23 15:18:34.762] - test suite with guid 'consol_cm_assign_ticket__2015_09_23_15_18_34_730' has been initialized!
INFO  [2015-09-23 15:18:34.763] - Initialize Sahi Proxy! 
INFO  [2015-09-23 15:18:34.763] - START Sahi-PROXY: Sahi-Home folder '/root/sakuli/sahi', Sahi-Configuration folder '/root/sakuli/sahi/userdata'
INFO  [2015-09-23 15:18:34.988] - Start Sakuli-Test-Suite from folder "/root/Desktop/git/sakuli-example-testautomation-day/docker_e2e/consol_cm_test_suites/test_assign_ticket"
INFO  [2015-09-23 15:18:34.988] - connect Sahi-TestRunner:http://localhost:9999
INFO  [2015-09-23 15:18:34.991] - Sahi-Script-Runner starts!

INFO  [2015-09-23 15:18:35.226] - Add RhinoScriptRunner to the JavaBackEnd
INFO  [2015-09-23 15:18:37.137] - set default path for images to the test case folder "/root/Desktop/git/sakuli-example-testautomation-day/docker_e2e/consol_cm_test_suites/test_assign_ticket/test_case_1"
INFO  [2015-09-23 15:18:37.177] - "test case not initialized" TestCaseAction.getIdFromPath() - convert the path of the test case file to a valid test case ID with arg(s) [/root/Desktop/git/sakuli-example-testautomation-day/docker_e2e/consol_cm_test_suites/test_assign_ticket/test_case_1/undefined]
INFO  [2015-09-23 15:18:37.178] - Return a test-case-id for "/root/Desktop/git/sakuli-example-testautomation-day/docker_e2e/consol_cm_test_suites/test_assign_ticket/test_case_1/undefined"
INFO  [2015-09-23 15:18:37.178] - test-case-id = test_case_1
INFO  [2015-09-23 15:18:37.178] - "test case not initialized" TestCaseAction.init() - init a new test case with arg(s) [test_case_1, 60, 70, [/root/Desktop/git/sakuli-example-testautomation-day/docker_e2e/consol_cm_test_suites/test_assign_ticket/test_case_1]]
INFO  [2015-09-23 15:18:37.179] - load all pics from "/root/Desktop/git/sakuli-example-testautomation-day/docker_e2e/consol_cm_test_suites/test_assign_ticket/test_case_1" in picLib
INFO  [2015-09-23 15:18:37.206] - loaded image [id=browser_maximize, path=/root/Desktop/git/sakuli-example-testautomation-day/docker_e2e/consol_cm_test_suites/test_assign_ticket/test_case_1/browser_maximize.png ]
INFO  [2015-09-23 15:18:37.207] - set isRequestDelayActive=true
INFO  [2015-09-23 15:18:37.220] - Now start to execute the test case 'test_case_1' ! 
 ....
 ...
....
INFO  [2015-09-23 15:18:37.222] - [info] runcmd: wmctrl -m 
INFO  [2015-09-23 15:18:37.280] - [info] runcmd: xdotool version 
INFO  [2015-09-23 15:18:37.281] - [error] RunTimeAPI: fatal error: java.io.IOException: Cannot run program "xdotool": error=2, No such file or directory
INFO  [2015-09-23 15:18:37.283] - "Firefox" Application.focusWindow() - focus application in window with arg(s) [0]
INFO  [2015-09-23 15:18:37.295] - [log] App.focus:  [0:Firefox]
INFO  [2015-09-23 15:18:38.296] - "Firefox" Application.getRegion() - get a Region object from the application
INFO  [2015-09-23 15:18:38.315] - "R[0,75 1280x922]@S(0)" Region.move() - move this region with arg(s) [0, -40]
INFO  [2015-09-23 15:18:38.316] - "R[0,35 1280x922]@S(0)" Region.setH() - set new height for this region with arg(s) [40]
INFO  [2015-09-23 15:18:38.317] - "R[0,35 1280x40]@S(0)" Region.exists() - check if this region is visible with arg(s) [browser_maximize, 1]
INFO  [2015-09-23 15:18:39.467] - _navigateTo("http://10.4.14.128:8080/cm-client/");
INFO  [2015-09-23 15:18:40.068] - _call(top.location.reload());
INFO  [2015-09-23 15:18:40.099] - "test case [id=test_case_1, name=test_case_1]" TestCaseAction.addTestCaseStep() - add a step to the current test case with arg(s) [Load Consol CM, 1443014317178, 1443014320099, 0]
INFO  [2015-09-23 15:18:40.101] - Environment.sleep() - sleep and do nothing for x seconds with arg(s) [2]
INFO  [2015-09-23 15:18:42.168] - _focus(_textbox("username"));
INFO  [2015-09-23 15:18:42.324] - _click(_textbox("username"));
INFO  [2015-09-23 15:18:42.406] - wait 500ms for sahi refresh
INFO  [2015-09-23 15:18:42.907] - sahi-proxy-timer modified to 2040 ms
INFO  [2015-09-23 15:18:42.907] - Environment.type() - type over system keyboard with arg(s) [bearbeiter_1]
INFO  [2015-09-23 15:18:42.913] - [log]  TYPE "bearbeiter_1"
INFO  [2015-09-23 15:18:44.051] - reset sahi-proxy-timer
INFO  [2015-09-23 15:18:44.521] - _sahi.setServerVar('___lastValue___1443014324053', _getValue(_textbox("username")));
INFO  [2015-09-23 15:18:44.680] - _setValue(_textbox("username"), "bearbeiter_1");
INFO  [2015-09-23 15:18:44.835] - _setValue(_password("password"), "5akuli");
INFO  [2015-09-23 15:18:44.862] - Environment.sleep() - sleep and do nothing for x seconds with arg(s) [1]
INFO  [2015-09-23 15:18:45.873] - wait 500ms for sahi refresh
INFO  [2015-09-23 15:18:46.374] - sahi-proxy-timer modified to 170 ms
INFO  [2015-09-23 15:18:46.374] - Environment.type() - type over system keyboard with arg(s) [
]
INFO  [2015-09-23 15:18:46.375] - [profile] TStart: Region.type
INFO  [2015-09-23 15:18:46.375] - [log]  TYPE "#ENTER."
INFO  [2015-09-23 15:18:46.376] - [profile] TLap: (0.000 sec): (before getting Robot) Region.type
INFO  [2015-09-23 15:18:46.376] - [profile] TLap: (0.001 sec): (before typing) Region.type
INFO  [2015-09-23 15:18:46.485] - [profile] TLap: (0.109 sec): (after typing, before waitForIdle) Region.type
INFO  [2015-09-23 15:18:46.490] - [profile] TEnd (0.115 sec): Region.type
INFO  [2015-09-23 15:18:46.491] - reset sahi-proxy-timer
INFO  [2015-09-23 15:18:46.491] - wait 500ms for sahi refresh
INFO  [2015-09-23 15:18:46.997] - sahi-proxy-timer modified to 170 ms
INFO  [2015-09-23 15:18:46.997] - Environment.type() - type over system keyboard with arg(s) [
]
INFO  [2015-09-23 15:18:46.998] - [profile] TStart: Region.type
INFO  [2015-09-23 15:18:46.998] - [log]  TYPE "#ENTER."
INFO  [2015-09-23 15:18:46.998] - [profile] TLap: (0.000 sec): (before getting Robot) Region.type
INFO  [2015-09-23 15:18:46.998] - [profile] TLap: (0.000 sec): (before typing) Region.type
INFO  [2015-09-23 15:18:47.122] - [profile] TLap: (0.124 sec): (after typing, before waitForIdle) Region.type
INFO  [2015-09-23 15:18:47.123] - [profile] TEnd (0.125 sec): Region.type
INFO  [2015-09-23 15:18:47.124] - reset sahi-proxy-timer
INFO  [2015-09-23 15:18:47.594] - _highlight(_span("Angemeldet als:"));
INFO  [2015-09-23 15:18:47.641] - Environment.sleep() - sleep and do nothing for x seconds with arg(s) [1]
INFO  [2015-09-23 15:18:48.714] - _highlight(_span("user"));
INFO  [2015-09-23 15:18:48.743] - "test case [id=test_case_1, name=test_case_1]" TestCaseAction.addTestCaseStep() - add a step to the current test case with arg(s) [Login, 1443014320099, 1443014328742, 0]
INFO  [2015-09-23 15:18:48.867] - _highlight(_link("Neuer Vorgang"));
INFO  [2015-09-23 15:18:49.042] - _click(_link("Neuer Vorgang"));
INFO  [2015-09-23 15:18:50.236] - _setValue(_textbox("createTicket:r:2:w:i:r:1:c:header:r:1:c:c:form:subject:subjectBorder:subjectBorder_body:subject"), "Probleme bei Hr. Bohne");
INFO  [2015-09-23 15:18:50.361] - _highlight(_select("createTicket:r:2:w:i:r:1:c:header:r:1:c:c:form:cf:r:1:i:t:r:0:dr:1:d:c"));
INFO  [2015-09-23 15:18:50.534] - _setSelected(_select("createTicket:r:2:w:i:r:1:c:header:r:1:c:c:form:cf:r:1:i:t:r:0:dr:1:d:c"), "446");
INFO  [2015-09-23 15:18:50.650] - _highlight(_select("createTicket:r:2:w:i:r:1:c:header:r:1:c:c:form:cf:r:1:i:t:r:1:dr:1:d:c"));
INFO  [2015-09-23 15:18:50.855] - _highlight(_div("Endkunden"));
INFO  [2015-09-23 15:18:51.081] - _click(_div("Endkunden"));
INFO  [2015-09-23 15:18:51.755] - _setSelected(_select("frm_field_valid w_consumerMasterData.salutation t_enum"), "401");
INFO  [2015-09-23 15:18:51.878] - _focus(_textbox("frm_field_valid placeholder_default_watermark w_consumerMasterData.name t_string indexed"));
INFO  [2015-09-23 15:18:51.903] - wait 500ms for sahi refresh
INFO  [2015-09-23 15:18:52.404] - sahi-proxy-timer modified to 170 ms
INFO  [2015-09-23 15:18:52.404] - Environment.type() - type over system keyboard with arg(s) [B]
INFO  [2015-09-23 15:18:52.405] - [profile] TStart: Region.type
INFO  [2015-09-23 15:18:52.405] - [log]  TYPE "B"
INFO  [2015-09-23 15:18:52.405] - [profile] TLap: (0.000 sec): (before getting Robot) Region.type
INFO  [2015-09-23 15:18:52.406] - [profile] TLap: (0.000 sec): (before typing) Region.type
INFO  [2015-09-23 15:18:52.527] - [profile] TLap: (0.122 sec): (after typing, before waitForIdle) Region.type
INFO  [2015-09-23 15:18:52.528] - [profile] TEnd (0.123 sec): Region.type
INFO  [2015-09-23 15:18:52.528] - reset sahi-proxy-timer
INFO  [2015-09-23 15:18:52.688] - _sahi.setServerVar('___lastValue___1443014332529', _getValue(_textbox("frm_field_valid placeholder_default_watermark w_consumerMasterData.name t_string indexed")));
INFO  [2015-09-23 15:18:54.877] - _highlight(_link("Boris Bohne", _under(_heading4("Vorschlge"))));
INFO  [2015-09-23 15:18:54.993] - _click(_link("Boris Bohne", _under(_heading4("Vorschlge"))));
INFO  [2015-09-23 15:18:55.189] - _click(_button("Auswhlen", _under(_heading4("Vorschlge"))));
INFO  [2015-09-23 15:18:55.397] - _doubleClick(_link("Linksbndig"));
INFO  [2015-09-23 15:18:55.439] - wait 500ms for sahi refresh
INFO  [2015-09-23 15:18:55.939] - sahi-proxy-timer modified to 1870 ms
INFO  [2015-09-23 15:18:55.940] - Environment.type() - type over system keyboard with arg(s) [KOMMENTAR!!]
INFO  [2015-09-23 15:18:55.940] - [profile] TStart: Region.type
INFO  [2015-09-23 15:18:55.940] - [log]  TYPE "KOMMENTAR!!"
INFO  [2015-09-23 15:18:55.941] - [profile] TLap: (0.001 sec): (before getting Robot) Region.type
INFO  [2015-09-23 15:18:55.941] - [profile] TLap: (0.001 sec): (before typing) Region.type
INFO  [2015-09-23 15:18:57.270] - [profile] TLap: (1.330 sec): (after typing, before waitForIdle) Region.type
INFO  [2015-09-23 15:18:57.271] - [profile] TEnd (1.331 sec): Region.type
INFO  [2015-09-23 15:18:57.272] - reset sahi-proxy-timer
INFO  [2015-09-23 15:18:57.431] - _click(_submit("Erzeugen"));
INFO  [2015-09-23 15:18:57.634] - _click(_image("logout.png"));
INFO  [2015-09-23 15:18:57.675] - Environment.sleep() - sleep and do nothing for x seconds with arg(s) [2]
INFO  [2015-09-23 15:18:59.766] - _focus(_textbox("username"));
INFO  [2015-09-23 15:18:59.921] - _click(_textbox("username"));
INFO  [2015-09-23 15:18:59.977] - wait 500ms for sahi refresh
INFO  [2015-09-23 15:19:00.477] - sahi-proxy-timer modified to 2040 ms
INFO  [2015-09-23 15:19:00.478] - Environment.type() - type over system keyboard with arg(s) [bearbeiter_2]
INFO  [2015-09-23 15:19:00.478] - [profile] TStart: Region.type
INFO  [2015-09-23 15:19:00.478] - [log]  TYPE "bearbeiter_2"
INFO  [2015-09-23 15:19:00.479] - [profile] TLap: (0.001 sec): (before getting Robot) Region.type
INFO  [2015-09-23 15:19:00.479] - [profile] TLap: (0.001 sec): (before typing) Region.type
INFO  [2015-09-23 15:19:01.616] - [profile] TLap: (1.138 sec): (after typing, before waitForIdle) Region.type
INFO  [2015-09-23 15:19:01.619] - [profile] TEnd (1.141 sec): Region.type
INFO  [2015-09-23 15:19:01.619] - reset sahi-proxy-timer
INFO  [2015-09-23 15:19:02.129] - _sahi.setServerVar('___lastValue___1443014341621', _getValue(_textbox("username")));
INFO  [2015-09-23 15:19:02.285] - _setValue(_textbox("username"), "bearbeiter_2");
INFO  [2015-09-23 15:19:02.443] - _setValue(_password("password"), "5akuli");
INFO  [2015-09-23 15:19:02.528] - Environment.sleep() - sleep and do nothing for x seconds with arg(s) [1]
INFO  [2015-09-23 15:19:03.529] - wait 500ms for sahi refresh
INFO  [2015-09-23 15:19:04.029] - sahi-proxy-timer modified to 170 ms
INFO  [2015-09-23 15:19:04.032] - Environment.type() - type over system keyboard with arg(s) [
]
INFO  [2015-09-23 15:19:04.033] - [profile] TStart: Region.type
INFO  [2015-09-23 15:19:04.033] - [log]  TYPE "#ENTER."
INFO  [2015-09-23 15:19:04.033] - [profile] TLap: (0.000 sec): (before getting Robot) Region.type
INFO  [2015-09-23 15:19:04.034] - [profile] TLap: (0.000 sec): (before typing) Region.type
INFO  [2015-09-23 15:19:04.144] - [profile] TLap: (0.111 sec): (after typing, before waitForIdle) Region.type
INFO  [2015-09-23 15:19:04.160] - [profile] TEnd (0.127 sec): Region.type
INFO  [2015-09-23 15:19:04.160] - reset sahi-proxy-timer
INFO  [2015-09-23 15:19:04.161] - wait 500ms for sahi refresh
INFO  [2015-09-23 15:19:04.669] - sahi-proxy-timer modified to 170 ms
INFO  [2015-09-23 15:19:04.670] - Environment.type() - type over system keyboard with arg(s) [
]
INFO  [2015-09-23 15:19:04.670] - [profile] TStart: Region.type
INFO  [2015-09-23 15:19:04.670] - [log]  TYPE "#ENTER."
INFO  [2015-09-23 15:19:04.670] - [profile] TLap: (0.000 sec): (before getting Robot) Region.type
INFO  [2015-09-23 15:19:04.670] - [profile] TLap: (0.000 sec): (before typing) Region.type
INFO  [2015-09-23 15:19:04.795] - [profile] TLap: (0.125 sec): (after typing, before waitForIdle) Region.type
INFO  [2015-09-23 15:19:04.796] - [profile] TEnd (0.126 sec): Region.type
INFO  [2015-09-23 15:19:04.796] - reset sahi-proxy-timer
INFO  [2015-09-23 15:19:04.901] - _highlight(_span("Angemeldet als:"));
INFO  [2015-09-23 15:19:05.003] - Environment.sleep() - sleep and do nothing for x seconds with arg(s) [1]
INFO  [2015-09-23 15:19:06.117] - _highlight(_span("user"));
INFO  [2015-09-23 15:19:06.204] - "test case [id=test_case_1, name=test_case_1]" TestCaseAction.addTestCaseStep() - add a step to the current test case with arg(s) [Login, 1443014328742, 1443014346204, 0]
INFO  [2015-09-23 15:19:06.327] - _highlight(_div(0, _in(_div("/accordion_item first .*/"))));
INFO  [2015-09-23 15:19:06.577] - _highlight(_div(1, _in(_div("/accordion_item first .*/"))));
INFO  [2015-09-23 15:19:06.798] - _sahi.setServerVar('___lastValue___1443014346615', _exists(_link(0, _in(_div(1, _in(_div("/accordion_item first .*/")))))));
INFO  [2015-09-23 15:19:06.889] - create screen shot for error "No Elements in Queue"
INFO  [2015-09-23 15:19:07.018] - screen shot saved to file "/root/Desktop/git/sakuli-example-testautomation-day/docker_e2e/consol_cm_test_suites/test_assign_ticket/_logs/_screenshots/2015_09_23_15_19_06_890_No_Elements_in_Queue.jpg"
ERROR [2015-09-23 15:19:07.018] - org.sakuli.exceptions.SakuliException: No Elements in Queue
org.sakuli.exceptions.SakuliExceptionWithScreenshot: org.sakuli.exceptions.SakuliException: No Elements in Queue
	at org.sakuli.exceptions.SakuliExceptionHandler.transformException(SakuliExceptionHandler.java:302) [sakuli.jar:na]
	at org.sakuli.exceptions.SakuliExceptionHandler.processException(SakuliExceptionHandler.java:182) [sakuli.jar:na]
	at org.sakuli.exceptions.SakuliExceptionHandler.handleException(SakuliExceptionHandler.java:170) [sakuli.jar:na]
	at org.sakuli.exceptions.SakuliExceptionHandler.handleException(SakuliExceptionHandler.java:313) [sakuli.jar:na]
	at org.sakuli.exceptions.SakuliExceptionHandler.handleException(SakuliExceptionHandler.java:317) [sakuli.jar:na]
	at org.sakuli.actions.TestCaseAction.handleException(TestCaseAction.java:235) [sakuli.jar:na]
	at sun.reflect.NativeMethodAccessorImpl.invoke0(Native Method) ~[na:1.8.0_60]
	at sun.reflect.NativeMethodAccessorImpl.invoke(Unknown Source) ~[na:1.8.0_60]
	at sun.reflect.DelegatingMethodAccessorImpl.invoke(Unknown Source) ~[na:1.8.0_60]
	at java.lang.reflect.Method.invoke(Unknown Source) ~[na:1.8.0_60]
	at org.mozilla.javascript.MemberBox.invoke(MemberBox.java:161) [js-1.7R2.jar:na]
	at org.mozilla.javascript.NativeJavaMethod.call(NativeJavaMethod.java:247) [js-1.7R2.jar:na]
	at org.mozilla.javascript.Interpreter.interpretLoop(Interpreter.java:3330) [js-1.7R2.jar:na]
	at org.mozilla.javascript.Interpreter.interpret(Interpreter.java:2487) [js-1.7R2.jar:na]
	at org.mozilla.javascript.InterpretedFunction.call(InterpretedFunction.java:164) [js-1.7R2.jar:na]
	at org.mozilla.javascript.ContextFactory.doTopCall(ContextFactory.java:398) [js-1.7R2.jar:na]
	at org.mozilla.javascript.ScriptRuntime.doTopCall(ScriptRuntime.java:3065) [js-1.7R2.jar:na]
	at org.mozilla.javascript.InterpretedFunction.exec(InterpretedFunction.java:175) [js-1.7R2.jar:na]
	at org.mozilla.javascript.Context.evaluateString(Context.java:1104) [js-1.7R2.jar:na]
	at net.sf.sahi.rhino.RhinoScriptRunner.run(RhinoScriptRunner.java:114) [sakuli.jar:na]
	at java.lang.Thread.run(Unknown Source) [na:1.8.0_60]
Caused by: org.sakuli.exceptions.SakuliException: No Elements in Queue
	... 17 common frames omitted
INFO  [2015-09-23 15:19:07.181] - _click(_image("logout.png"));
INFO  [2015-09-23 15:19:07.230] - =========== SAVE Test Case 'test_case_1' ==================
INFO  [2015-09-23 15:19:07.541] - _sahi.setServerVar('lastURL', window.document.location.href);
INFO  [2015-09-23 15:19:07.701] - _sahi.setServerVar('browser', navigator.userAgent);
INFO  [2015-09-23 15:19:07.734] - "test case [id=test_case_1, name=test_case_1]" TestCaseAction.saveResult() - save the result of the current test case with arg(s) [test_case_1, 1443014317178, 1443014347231, http://10.4.14.128:8080/cm-client/login?signoutRedirect=true, Mozilla/5.0 (X11, Linux x86_64, rv:38.0) Gecko/20100101 Firefox/38.0]
INFO  [2015-09-23 15:19:07.736] - Total Memory in JVM (Xmx) is: 446.625 MB;<br/>Memory currently in use is: 29.3125 MB;<br/>Memory increment during this test is: 0.25 MB
INFO  [2015-09-23 15:19:11.215] - test suite 'consol_cm_assign_ticket' stopped at 2015_09_23_15_19_11_214
INFO  [2015-09-23 15:19:11.215] - Sahi-Script-Runner executed with FAILURE
INFO  [2015-09-23 15:19:11.215] - test suite finished
INFO  [2015-09-23 15:19:11.216] - SHUTDOWN SAHI-Proxy SUCCESSFULLY
INFO  [2015-09-23 15:19:11.244] - 
=========== RESULT of SAKULI Testsuite "consol_cm_assign_ticket" - ERRORS =================
test suite id: consol_cm_assign_ticket
guid: consol_cm_assign_ticket__2015_09_23_15_18_34_730
name: CM-Showroom Comment
RESULT STATE: ERRORS
result code: 6
db primary key: -1
duration: 36.484 sec.
warning time: 120 sec.
critical time: 140 sec.
start time: 23-09-2015 15:18:34
end time: 23-09-2015 15:19:11
db primary key of job table: -1
browser: Mozilla/5.0 (X11, Linux x86_64, rv:38.0) Gecko/20100101 Firefox/38.0
	======== test case "test_case_1" ended with ERRORS =================
	test case id: test_case_1
	name: test_case_1
	RESULT STATE: ERRORS
	result code: 4
	ERRORS: No Elements in Queue
	ERROR - SCREENSHOT: /root/Desktop/git/sakuli-example-testautomation-day/docker_e2e/consol_cm_test_suites/test_assign_ticket/_logs/_screenshots/2015_09_23_15_19_06_890_No_Elements_in_Queue.jpg
	db primary key: -1
	duration: 30.053 sec.
	warning time: 60 sec.
	critical time: 70 sec.
	start time: 23-09-2015 15:18:37
	end time: 23-09-2015 15:19:07
	start URL: http://sahi.example.com/_s_/dyn/Driver_initialized
	last URL: http://10.4.14.128:8080/cm-client/login?signoutRedirect=true
		======== test case step "Load_Consol_CM" ended with OK =================
		name: Load_Consol_CM
		RESULT STATE: OK
		result code: 0
		db primary key: -1
		duration: 2.921 sec.
		warning time: 0 sec.
		start time: 23-09-2015 15:18:37
		end time: 23-09-2015 15:18:40
		======== test case step "Login" ended with OK =================
		name: Login
		RESULT STATE: OK
		result code: 0
		db primary key: -1
		duration: 17.462 sec.
		warning time: 0 sec.
		start time: 23-09-2015 15:18:48
		end time: 23-09-2015 15:19:06
===========  SAKULI Testsuite "consol_cm_assign_ticket" execution FINISHED - ERRORS ======================

ERROR [2015-09-23 15:19:11.244] - ERROR:
CASE 'test_case_1':  No Elements in Queue

INFO  [2015-09-23 15:19:58.865] - set logback configuration file '/root/sakuli/sakuli-v0.9.1-SNAPSHOT/config/sakuli-log-config.xml'
INFO  [2015-09-23 15:19:58.872] - initialize test suite with id 'consol_cm_assign_ticket'
INFO  [2015-09-23 15:19:58.889] - 
--- TestSuite initialization: read test suite information of file "/root/Desktop/git/sakuli-example-testautomation-day/docker_e2e/consol_cm_test_suites/test_assign_ticket/testsuite.suite" ----
// format:
// testcase_folder/testcase.sah http://www.starturl.de
//
test_case_1/tc_assign_ticket.js http://sahi.example.com/_s_/dyn/Driver_initialized
 --- End of File "/root/Desktop/git/sakuli-example-testautomation-day/docker_e2e/consol_cm_test_suites/test_assign_ticket/testsuite.suite" ---
INFO  [2015-09-23 15:19:58.891] - test suite with guid 'consol_cm_assign_ticket__2015_09_23_15_19_58_873' has been initialized!
INFO  [2015-09-23 15:19:58.891] - Initialize Sahi Proxy! 
INFO  [2015-09-23 15:19:58.892] - START Sahi-PROXY: Sahi-Home folder '/root/sakuli/sahi', Sahi-Configuration folder '/root/sakuli/sahi/userdata'
INFO  [2015-09-23 15:19:59.115] - Start Sakuli-Test-Suite from folder "/root/Desktop/git/sakuli-example-testautomation-day/docker_e2e/consol_cm_test_suites/test_assign_ticket"
INFO  [2015-09-23 15:19:59.116] - connect Sahi-TestRunner:http://localhost:9999
INFO  [2015-09-23 15:19:59.117] - Sahi-Script-Runner starts!

INFO  [2015-09-23 15:19:59.356] - Add RhinoScriptRunner to the JavaBackEnd
INFO  [2015-09-23 15:20:01.368] - set default path for images to the test case folder "/root/Desktop/git/sakuli-example-testautomation-day/docker_e2e/consol_cm_test_suites/test_assign_ticket/test_case_1"
INFO  [2015-09-23 15:20:01.405] - "test case not initialized" TestCaseAction.getIdFromPath() - convert the path of the test case file to a valid test case ID with arg(s) [/root/Desktop/git/sakuli-example-testautomation-day/docker_e2e/consol_cm_test_suites/test_assign_ticket/test_case_1/undefined]
INFO  [2015-09-23 15:20:01.405] - Return a test-case-id for "/root/Desktop/git/sakuli-example-testautomation-day/docker_e2e/consol_cm_test_suites/test_assign_ticket/test_case_1/undefined"
INFO  [2015-09-23 15:20:01.405] - test-case-id = test_case_1
INFO  [2015-09-23 15:20:01.406] - "test case not initialized" TestCaseAction.init() - init a new test case with arg(s) [test_case_1, 60, 70, [/root/Desktop/git/sakuli-example-testautomation-day/docker_e2e/consol_cm_test_suites/test_assign_ticket/test_case_1]]
INFO  [2015-09-23 15:20:01.406] - load all pics from "/root/Desktop/git/sakuli-example-testautomation-day/docker_e2e/consol_cm_test_suites/test_assign_ticket/test_case_1" in picLib
INFO  [2015-09-23 15:20:01.435] - loaded image [id=browser_maximize, path=/root/Desktop/git/sakuli-example-testautomation-day/docker_e2e/consol_cm_test_suites/test_assign_ticket/test_case_1/browser_maximize.png ]
INFO  [2015-09-23 15:20:01.448] - set isRequestDelayActive=true
INFO  [2015-09-23 15:20:01.449] - Now start to execute the test case 'test_case_1' ! 
 ....
 ...
....
INFO  [2015-09-23 15:20:01.451] - [info] runcmd: wmctrl -m 
INFO  [2015-09-23 15:20:01.487] - [info] runcmd: xdotool version 
INFO  [2015-09-23 15:20:01.502] - [error] RunTimeAPI: fatal error: java.io.IOException: Cannot run program "xdotool": error=2, No such file or directory
INFO  [2015-09-23 15:20:01.504] - "Firefox" Application.focusWindow() - focus application in window with arg(s) [0]
INFO  [2015-09-23 15:20:01.517] - [log] App.focus:  [0:Firefox]
INFO  [2015-09-23 15:20:02.518] - "Firefox" Application.getRegion() - get a Region object from the application
INFO  [2015-09-23 15:20:02.525] - "R[0,75 1280x922]@S(0)" Region.move() - move this region with arg(s) [0, -40]
INFO  [2015-09-23 15:20:02.526] - "R[0,35 1280x922]@S(0)" Region.setH() - set new height for this region with arg(s) [40]
INFO  [2015-09-23 15:20:02.527] - "R[0,35 1280x40]@S(0)" Region.exists() - check if this region is visible with arg(s) [browser_maximize, 1]
INFO  [2015-09-23 15:20:03.671] - _navigateTo("http://10.4.14.128:8080/cm-client/");
INFO  [2015-09-23 15:20:04.214] - _call(top.location.reload());
INFO  [2015-09-23 15:20:04.248] - "test case [id=test_case_1, name=test_case_1]" TestCaseAction.addTestCaseStep() - add a step to the current test case with arg(s) [Load Consol CM, 1443014401405, 1443014404247, 0]
INFO  [2015-09-23 15:20:04.249] - Environment.sleep() - sleep and do nothing for x seconds with arg(s) [2]
INFO  [2015-09-23 15:20:06.349] - _focus(_textbox("username"));
INFO  [2015-09-23 15:20:06.469] - _click(_textbox("username"));
INFO  [2015-09-23 15:20:06.553] - wait 500ms for sahi refresh
INFO  [2015-09-23 15:20:07.053] - sahi-proxy-timer modified to 2040 ms
INFO  [2015-09-23 15:20:07.054] - Environment.type() - type over system keyboard with arg(s) [bearbeiter_1]
INFO  [2015-09-23 15:20:07.060] - [log]  TYPE "bearbeiter_1"
INFO  [2015-09-23 15:20:08.206] - reset sahi-proxy-timer
INFO  [2015-09-23 15:20:08.636] - _sahi.setServerVar('___lastValue___1443014408207', _getValue(_textbox("username")));
INFO  [2015-09-23 15:20:08.754] - _setValue(_textbox("username"), "bearbeiter_1");
INFO  [2015-09-23 15:20:08.865] - _setValue(_password("password"), "5akuli");
INFO  [2015-09-23 15:20:08.916] - Environment.sleep() - sleep and do nothing for x seconds with arg(s) [1]
INFO  [2015-09-23 15:20:09.917] - wait 500ms for sahi refresh
INFO  [2015-09-23 15:20:10.417] - sahi-proxy-timer modified to 170 ms
INFO  [2015-09-23 15:20:10.418] - Environment.type() - type over system keyboard with arg(s) [
]
INFO  [2015-09-23 15:20:10.419] - [profile] TStart: Region.type
INFO  [2015-09-23 15:20:10.419] - [log]  TYPE "#ENTER."
INFO  [2015-09-23 15:20:10.419] - [profile] TLap: (0.000 sec): (before getting Robot) Region.type
INFO  [2015-09-23 15:20:10.420] - [profile] TLap: (0.001 sec): (before typing) Region.type
INFO  [2015-09-23 15:20:10.529] - [profile] TLap: (0.110 sec): (after typing, before waitForIdle) Region.type
INFO  [2015-09-23 15:20:10.532] - [profile] TEnd (0.113 sec): Region.type
INFO  [2015-09-23 15:20:10.533] - reset sahi-proxy-timer
INFO  [2015-09-23 15:20:10.533] - wait 500ms for sahi refresh
INFO  [2015-09-23 15:20:11.034] - sahi-proxy-timer modified to 170 ms
INFO  [2015-09-23 15:20:11.034] - Environment.type() - type over system keyboard with arg(s) [
]
INFO  [2015-09-23 15:20:11.035] - [profile] TStart: Region.type
INFO  [2015-09-23 15:20:11.035] - [log]  TYPE "#ENTER."
INFO  [2015-09-23 15:20:11.035] - [profile] TLap: (0.000 sec): (before getting Robot) Region.type
INFO  [2015-09-23 15:20:11.035] - [profile] TLap: (0.000 sec): (before typing) Region.type
INFO  [2015-09-23 15:20:11.191] - [profile] TLap: (0.156 sec): (after typing, before waitForIdle) Region.type
INFO  [2015-09-23 15:20:11.193] - [profile] TEnd (0.158 sec): Region.type
INFO  [2015-09-23 15:20:11.194] - reset sahi-proxy-timer
INFO  [2015-09-23 15:20:11.508] - _highlight(_span("Angemeldet als:"));
INFO  [2015-09-23 15:20:11.603] - Environment.sleep() - sleep and do nothing for x seconds with arg(s) [1]
INFO  [2015-09-23 15:20:12.694] - _highlight(_span("user"));
INFO  [2015-09-23 15:20:12.704] - "test case [id=test_case_1, name=test_case_1]" TestCaseAction.addTestCaseStep() - add a step to the current test case with arg(s) [Login, 1443014404247, 1443014412704, 0]
INFO  [2015-09-23 15:20:12.814] - _highlight(_link("Neuer Vorgang"));
INFO  [2015-09-23 15:20:12.933] - _click(_link("Neuer Vorgang"));
INFO  [2015-09-23 15:20:13.979] - _setValue(_textbox("createTicket:r:2:w:i:r:1:c:header:r:1:c:c:form:subject:subjectBorder:subjectBorder_body:subject"), "Probleme bei Hr. Bohne");
INFO  [2015-09-23 15:20:14.111] - _highlight(_select("createTicket:r:2:w:i:r:1:c:header:r:1:c:c:form:cf:r:1:i:t:r:0:dr:1:d:c"));
INFO  [2015-09-23 15:20:14.313] - _setSelected(_select("createTicket:r:2:w:i:r:1:c:header:r:1:c:c:form:cf:r:1:i:t:r:0:dr:1:d:c"), "446");
INFO  [2015-09-23 15:20:14.423] - _highlight(_select("createTicket:r:2:w:i:r:1:c:header:r:1:c:c:form:cf:r:1:i:t:r:1:dr:1:d:c"));
INFO  [2015-09-23 15:20:14.637] - _highlight(_div("Endkunden"));
INFO  [2015-09-23 15:20:14.859] - _click(_div("Endkunden"));
INFO  [2015-09-23 15:20:17.051] - _setSelected(_select("frm_field_valid w_consumerMasterData.salutation t_enum"), "401");
INFO  [2015-09-23 15:20:17.172] - _focus(_textbox("frm_field_valid placeholder_default_watermark w_consumerMasterData.name t_string indexed"));
INFO  [2015-09-23 15:20:17.203] - wait 500ms for sahi refresh
INFO  [2015-09-23 15:20:17.703] - sahi-proxy-timer modified to 170 ms
INFO  [2015-09-23 15:20:17.704] - Environment.type() - type over system keyboard with arg(s) [B]
INFO  [2015-09-23 15:20:17.704] - [profile] TStart: Region.type
INFO  [2015-09-23 15:20:17.705] - [log]  TYPE "B"
INFO  [2015-09-23 15:20:17.705] - [profile] TLap: (0.001 sec): (before getting Robot) Region.type
INFO  [2015-09-23 15:20:17.706] - [profile] TLap: (0.001 sec): (before typing) Region.type
INFO  [2015-09-23 15:20:17.828] - [profile] TLap: (0.124 sec): (after typing, before waitForIdle) Region.type
INFO  [2015-09-23 15:20:17.829] - [profile] TEnd (0.125 sec): Region.type
INFO  [2015-09-23 15:20:17.830] - reset sahi-proxy-timer
INFO  [2015-09-23 15:20:18.005] - _sahi.setServerVar('___lastValue___1443014417831', _getValue(_textbox("frm_field_valid placeholder_default_watermark w_consumerMasterData.name t_string indexed")));
INFO  [2015-09-23 15:20:20.174] - _highlight(_link("Boris Bohne", _under(_heading4("Vorschlge"))));
INFO  [2015-09-23 15:20:20.286] - _click(_link("Boris Bohne", _under(_heading4("Vorschlge"))));
INFO  [2015-09-23 15:20:20.415] - _click(_button("Auswhlen", _under(_heading4("Vorschlge"))));
INFO  [2015-09-23 15:20:21.121] - _doubleClick(_link("Linksbndig"));
INFO  [2015-09-23 15:20:21.162] - wait 500ms for sahi refresh
INFO  [2015-09-23 15:20:21.663] - sahi-proxy-timer modified to 1870 ms
INFO  [2015-09-23 15:20:21.663] - Environment.type() - type over system keyboard with arg(s) [KOMMENTAR!!]
INFO  [2015-09-23 15:20:21.664] - [profile] TStart: Region.type
INFO  [2015-09-23 15:20:21.664] - [log]  TYPE "KOMMENTAR!!"
INFO  [2015-09-23 15:20:21.664] - [profile] TLap: (0.000 sec): (before getting Robot) Region.type
INFO  [2015-09-23 15:20:21.665] - [profile] TLap: (0.000 sec): (before typing) Region.type
INFO  [2015-09-23 15:20:22.938] - [profile] TLap: (1.273 sec): (after typing, before waitForIdle) Region.type
INFO  [2015-09-23 15:20:22.939] - [profile] TEnd (1.275 sec): Region.type
INFO  [2015-09-23 15:20:22.939] - reset sahi-proxy-timer
INFO  [2015-09-23 15:20:23.163] - _click(_submit("Erzeugen"));
INFO  [2015-09-23 15:20:24.067] - _click(_image("logout.png"));
INFO  [2015-09-23 15:20:24.103] - Environment.sleep() - sleep and do nothing for x seconds with arg(s) [2]
INFO  [2015-09-23 15:20:26.149] - _focus(_textbox("username"));
INFO  [2015-09-23 15:20:26.264] - _click(_textbox("username"));
INFO  [2015-09-23 15:20:26.305] - wait 500ms for sahi refresh
INFO  [2015-09-23 15:20:26.805] - sahi-proxy-timer modified to 2040 ms
INFO  [2015-09-23 15:20:26.806] - Environment.type() - type over system keyboard with arg(s) [bearbeiter_2]
INFO  [2015-09-23 15:20:26.807] - [profile] TStart: Region.type
INFO  [2015-09-23 15:20:26.807] - [log]  TYPE "bearbeiter_2"
INFO  [2015-09-23 15:20:26.807] - [profile] TLap: (0.000 sec): (before getting Robot) Region.type
INFO  [2015-09-23 15:20:26.807] - [profile] TLap: (0.000 sec): (before typing) Region.type
INFO  [2015-09-23 15:20:27.964] - [profile] TLap: (1.157 sec): (after typing, before waitForIdle) Region.type
INFO  [2015-09-23 15:20:27.964] - [profile] TEnd (1.157 sec): Region.type
INFO  [2015-09-23 15:20:27.965] - reset sahi-proxy-timer
INFO  [2015-09-23 15:20:28.419] - _sahi.setServerVar('___lastValue___1443014427965', _getValue(_textbox("username")));
INFO  [2015-09-23 15:20:28.531] - _setValue(_textbox("username"), "bearbeiter_2");
INFO  [2015-09-23 15:20:28.645] - _setValue(_password("password"), "5akuli");
INFO  [2015-09-23 15:20:28.669] - Environment.sleep() - sleep and do nothing for x seconds with arg(s) [1]
INFO  [2015-09-23 15:20:29.671] - wait 500ms for sahi refresh
INFO  [2015-09-23 15:20:30.171] - sahi-proxy-timer modified to 170 ms
INFO  [2015-09-23 15:20:30.172] - Environment.type() - type over system keyboard with arg(s) [
]
INFO  [2015-09-23 15:20:30.172] - [profile] TStart: Region.type
INFO  [2015-09-23 15:20:30.172] - [log]  TYPE "#ENTER."
INFO  [2015-09-23 15:20:30.173] - [profile] TLap: (0.001 sec): (before getting Robot) Region.type
INFO  [2015-09-23 15:20:30.173] - [profile] TLap: (0.001 sec): (before typing) Region.type
INFO  [2015-09-23 15:20:30.279] - [profile] TLap: (0.107 sec): (after typing, before waitForIdle) Region.type
INFO  [2015-09-23 15:20:30.281] - [profile] TEnd (0.109 sec): Region.type
INFO  [2015-09-23 15:20:30.281] - reset sahi-proxy-timer
INFO  [2015-09-23 15:20:30.282] - wait 500ms for sahi refresh
INFO  [2015-09-23 15:20:30.782] - sahi-proxy-timer modified to 170 ms
INFO  [2015-09-23 15:20:30.782] - Environment.type() - type over system keyboard with arg(s) [
]
INFO  [2015-09-23 15:20:30.783] - [profile] TStart: Region.type
INFO  [2015-09-23 15:20:30.783] - [log]  TYPE "#ENTER."
INFO  [2015-09-23 15:20:30.783] - [profile] TLap: (0.000 sec): (before getting Robot) Region.type
INFO  [2015-09-23 15:20:30.783] - [profile] TLap: (0.000 sec): (before typing) Region.type
INFO  [2015-09-23 15:20:30.917] - [profile] TLap: (0.133 sec): (after typing, before waitForIdle) Region.type
INFO  [2015-09-23 15:20:30.920] - [profile] TEnd (0.136 sec): Region.type
INFO  [2015-09-23 15:20:30.920] - reset sahi-proxy-timer
INFO  [2015-09-23 15:20:31.034] - _highlight(_span("Angemeldet als:"));
INFO  [2015-09-23 15:20:31.122] - Environment.sleep() - sleep and do nothing for x seconds with arg(s) [1]
INFO  [2015-09-23 15:20:32.225] - _highlight(_span("user"));
INFO  [2015-09-23 15:20:32.323] - "test case [id=test_case_1, name=test_case_1]" TestCaseAction.addTestCaseStep() - add a step to the current test case with arg(s) [Login, 1443014412704, 1443014432323, 0]
INFO  [2015-09-23 15:20:32.324] - Environment.sleep() - sleep and do nothing for x seconds with arg(s) [10]
INFO  [2015-09-23 15:22:45.486] - set logback configuration file '/root/sakuli/sakuli-v0.9.1-SNAPSHOT/config/sakuli-log-config.xml'
INFO  [2015-09-23 15:22:45.493] - initialize test suite with id 'consol_cm_assign_ticket'
INFO  [2015-09-23 15:22:45.516] - 
--- TestSuite initialization: read test suite information of file "/root/Desktop/git/sakuli-example-testautomation-day/docker_e2e/consol_cm_test_suites/test_assign_ticket/testsuite.suite" ----
// format:
// testcase_folder/testcase.sah http://www.starturl.de
//
test_case_1/tc_assign_ticket.js http://sahi.example.com/_s_/dyn/Driver_initialized
 --- End of File "/root/Desktop/git/sakuli-example-testautomation-day/docker_e2e/consol_cm_test_suites/test_assign_ticket/testsuite.suite" ---
INFO  [2015-09-23 15:22:45.518] - test suite with guid 'consol_cm_assign_ticket__2015_09_23_15_22_45_511' has been initialized!
INFO  [2015-09-23 15:22:45.518] - Initialize Sahi Proxy! 
INFO  [2015-09-23 15:22:45.519] - START Sahi-PROXY: Sahi-Home folder '/root/sakuli/sahi', Sahi-Configuration folder '/root/sakuli/sahi/userdata'
INFO  [2015-09-23 15:22:45.758] - Start Sakuli-Test-Suite from folder "/root/Desktop/git/sakuli-example-testautomation-day/docker_e2e/consol_cm_test_suites/test_assign_ticket"
INFO  [2015-09-23 15:22:45.759] - connect Sahi-TestRunner:http://localhost:9999
INFO  [2015-09-23 15:22:45.762] - Sahi-Script-Runner starts!

INFO  [2015-09-23 15:22:45.979] - Add RhinoScriptRunner to the JavaBackEnd
INFO  [2015-09-23 15:22:47.947] - set default path for images to the test case folder "/root/Desktop/git/sakuli-example-testautomation-day/docker_e2e/consol_cm_test_suites/test_assign_ticket/test_case_1"
INFO  [2015-09-23 15:22:47.970] - "test case not initialized" TestCaseAction.getIdFromPath() - convert the path of the test case file to a valid test case ID with arg(s) [/root/Desktop/git/sakuli-example-testautomation-day/docker_e2e/consol_cm_test_suites/test_assign_ticket/test_case_1/undefined]
INFO  [2015-09-23 15:22:47.970] - Return a test-case-id for "/root/Desktop/git/sakuli-example-testautomation-day/docker_e2e/consol_cm_test_suites/test_assign_ticket/test_case_1/undefined"
INFO  [2015-09-23 15:22:47.970] - test-case-id = test_case_1
INFO  [2015-09-23 15:22:47.971] - "test case not initialized" TestCaseAction.init() - init a new test case with arg(s) [test_case_1, 60, 70, [/root/Desktop/git/sakuli-example-testautomation-day/docker_e2e/consol_cm_test_suites/test_assign_ticket/test_case_1]]
INFO  [2015-09-23 15:22:47.971] - load all pics from "/root/Desktop/git/sakuli-example-testautomation-day/docker_e2e/consol_cm_test_suites/test_assign_ticket/test_case_1" in picLib
INFO  [2015-09-23 15:22:47.988] - loaded image [id=browser_maximize, path=/root/Desktop/git/sakuli-example-testautomation-day/docker_e2e/consol_cm_test_suites/test_assign_ticket/test_case_1/browser_maximize.png ]
INFO  [2015-09-23 15:22:47.989] - set isRequestDelayActive=true
INFO  [2015-09-23 15:22:48.001] - Now start to execute the test case 'test_case_1' ! 
 ....
 ...
....
INFO  [2015-09-23 15:22:48.003] - [info] runcmd: wmctrl -m 
INFO  [2015-09-23 15:22:48.066] - [info] runcmd: xdotool version 
INFO  [2015-09-23 15:22:48.078] - [error] RunTimeAPI: fatal error: java.io.IOException: Cannot run program "xdotool": error=2, No such file or directory
INFO  [2015-09-23 15:22:48.079] - "Firefox" Application.focusWindow() - focus application in window with arg(s) [0]
INFO  [2015-09-23 15:22:48.084] - [log] App.focus:  [0:Firefox]
INFO  [2015-09-23 15:22:49.087] - "Firefox" Application.getRegion() - get a Region object from the application
INFO  [2015-09-23 15:22:49.107] - "R[0,75 1280x922]@S(0)" Region.move() - move this region with arg(s) [0, -40]
INFO  [2015-09-23 15:22:49.108] - "R[0,35 1280x922]@S(0)" Region.setH() - set new height for this region with arg(s) [40]
INFO  [2015-09-23 15:22:49.109] - "R[0,35 1280x40]@S(0)" Region.exists() - check if this region is visible with arg(s) [browser_maximize, 1]
INFO  [2015-09-23 15:22:50.245] - _navigateTo("http://10.4.14.128:8080/cm-client/");
INFO  [2015-09-23 15:22:50.812] - _call(top.location.reload());
INFO  [2015-09-23 15:22:50.860] - "test case [id=test_case_1, name=test_case_1]" TestCaseAction.addTestCaseStep() - add a step to the current test case with arg(s) [Load Consol CM, 1443014567970, 1443014570860, 0]
INFO  [2015-09-23 15:22:50.863] - Environment.sleep() - sleep and do nothing for x seconds with arg(s) [2]
INFO  [2015-09-23 15:22:53.008] - _focus(_textbox("username"));
INFO  [2015-09-23 15:22:53.163] - _click(_textbox("username"));
INFO  [2015-09-23 15:22:53.169] - wait 500ms for sahi refresh
INFO  [2015-09-23 15:22:53.669] - sahi-proxy-timer modified to 2040 ms
INFO  [2015-09-23 15:22:53.670] - Environment.type() - type over system keyboard with arg(s) [bearbeiter_1]
INFO  [2015-09-23 15:22:53.675] - [log]  TYPE "bearbeiter_1"
INFO  [2015-09-23 15:22:54.820] - reset sahi-proxy-timer
INFO  [2015-09-23 15:22:55.373] - _sahi.setServerVar('___lastValue___1443014574822', _getValue(_textbox("username")));
INFO  [2015-09-23 15:22:55.534] - _setValue(_textbox("username"), "bearbeiter_1");
INFO  [2015-09-23 15:22:55.689] - _setValue(_password("password"), "5akuli");
INFO  [2015-09-23 15:22:55.734] - Environment.sleep() - sleep and do nothing for x seconds with arg(s) [1]
INFO  [2015-09-23 15:22:56.740] - wait 500ms for sahi refresh
INFO  [2015-09-23 15:22:57.240] - sahi-proxy-timer modified to 170 ms
INFO  [2015-09-23 15:22:57.241] - Environment.type() - type over system keyboard with arg(s) [
]
INFO  [2015-09-23 15:22:57.241] - [profile] TStart: Region.type
INFO  [2015-09-23 15:22:57.242] - [log]  TYPE "#ENTER."
INFO  [2015-09-23 15:22:57.242] - [profile] TLap: (0.001 sec): (before getting Robot) Region.type
INFO  [2015-09-23 15:22:57.243] - [profile] TLap: (0.001 sec): (before typing) Region.type
INFO  [2015-09-23 15:22:57.355] - [profile] TLap: (0.114 sec): (after typing, before waitForIdle) Region.type
INFO  [2015-09-23 15:22:57.496] - [profile] TEnd (0.250 sec): Region.type
INFO  [2015-09-23 15:22:57.496] - reset sahi-proxy-timer
INFO  [2015-09-23 15:22:57.496] - wait 500ms for sahi refresh
INFO  [2015-09-23 15:22:57.997] - sahi-proxy-timer modified to 170 ms
INFO  [2015-09-23 15:22:57.998] - Environment.type() - type over system keyboard with arg(s) [
]
INFO  [2015-09-23 15:22:57.998] - [profile] TStart: Region.type
INFO  [2015-09-23 15:22:57.998] - [log]  TYPE "#ENTER."
INFO  [2015-09-23 15:22:57.998] - [profile] TLap: (0.000 sec): (before getting Robot) Region.type
INFO  [2015-09-23 15:22:57.999] - [profile] TLap: (0.000 sec): (before typing) Region.type
INFO  [2015-09-23 15:22:58.157] - [profile] TLap: (0.158 sec): (after typing, before waitForIdle) Region.type
INFO  [2015-09-23 15:22:58.159] - [profile] TEnd (0.161 sec): Region.type
INFO  [2015-09-23 15:22:58.159] - reset sahi-proxy-timer
INFO  [2015-09-23 15:22:58.393] - _highlight(_span("Angemeldet als:"));
INFO  [2015-09-23 15:22:58.461] - Environment.sleep() - sleep and do nothing for x seconds with arg(s) [1]
INFO  [2015-09-23 15:22:59.561] - _highlight(_span("user"));
INFO  [2015-09-23 15:22:59.563] - "test case [id=test_case_1, name=test_case_1]" TestCaseAction.addTestCaseStep() - add a step to the current test case with arg(s) [Login, 1443014570860, 1443014579562, 0]
INFO  [2015-09-23 15:22:59.683] - _highlight(_link("Neuer Vorgang"));
INFO  [2015-09-23 15:22:59.796] - _click(_link("Neuer Vorgang"));
INFO  [2015-09-23 15:23:00.921] - _setValue(_textbox("createTicket:r:2:w:i:r:1:c:header:r:1:c:c:form:subject:subjectBorder:subjectBorder_body:subject"), "Probleme bei Hr. Bohne");
INFO  [2015-09-23 15:23:01.065] - _highlight(_select("createTicket:r:2:w:i:r:1:c:header:r:1:c:c:form:cf:r:1:i:t:r:0:dr:1:d:c"));
INFO  [2015-09-23 15:23:01.206] - _setSelected(_select("createTicket:r:2:w:i:r:1:c:header:r:1:c:c:form:cf:r:1:i:t:r:0:dr:1:d:c"), "446");
INFO  [2015-09-23 15:23:01.318] - _highlight(_select("createTicket:r:2:w:i:r:1:c:header:r:1:c:c:form:cf:r:1:i:t:r:1:dr:1:d:c"));
INFO  [2015-09-23 15:23:01.447] - _uncheck(_checkbox("checkbox"));
INFO  [2015-09-23 15:23:01.588] - _setValue(_textbox("createTicket:r:2:w:i:r:1:c:header:r:1:c:c:form:attrs:container:autoCompleteEngineer:searchField"), "Tea");
INFO  [2015-09-23 15:23:04.061] - _click(_div("name[0]", _in(_div("/.*autocomplete/"))));
INFO  [2015-09-23 15:23:04.283] - _highlight(_div("Endkunden"));
INFO  [2015-09-23 15:23:04.496] - _click(_div("Endkunden"));
INFO  [2015-09-23 15:23:06.719] - _setSelected(_select("frm_field_valid w_consumerMasterData.salutation t_enum"), "401");
INFO  [2015-09-23 15:23:06.835] - _focus(_textbox("frm_field_valid placeholder_default_watermark w_consumerMasterData.name t_string indexed"));
INFO  [2015-09-23 15:23:06.852] - wait 500ms for sahi refresh
INFO  [2015-09-23 15:23:07.353] - sahi-proxy-timer modified to 170 ms
INFO  [2015-09-23 15:23:07.353] - Environment.type() - type over system keyboard with arg(s) [B]
INFO  [2015-09-23 15:23:07.353] - [profile] TStart: Region.type
INFO  [2015-09-23 15:23:07.353] - [log]  TYPE "B"
INFO  [2015-09-23 15:23:07.354] - [profile] TLap: (0.000 sec): (before getting Robot) Region.type
INFO  [2015-09-23 15:23:07.354] - [profile] TLap: (0.001 sec): (before typing) Region.type
INFO  [2015-09-23 15:23:07.475] - [profile] TLap: (0.121 sec): (after typing, before waitForIdle) Region.type
INFO  [2015-09-23 15:23:07.476] - [profile] TEnd (0.123 sec): Region.type
INFO  [2015-09-23 15:23:07.477] - reset sahi-proxy-timer
INFO  [2015-09-23 15:23:07.643] - _sahi.setServerVar('___lastValue___1443014587478', _getValue(_textbox("frm_field_valid placeholder_default_watermark w_consumerMasterData.name t_string indexed")));
INFO  [2015-09-23 15:23:07.787] - _highlight(_link("Boris Bohne", _under(_heading4("Vorschlge"))));
INFO  [2015-09-23 15:23:07.906] - _click(_link("Boris Bohne", _under(_heading4("Vorschlge"))));
INFO  [2015-09-23 15:23:08.075] - _click(_button("Auswhlen", _under(_heading4("Vorschlge"))));
INFO  [2015-09-23 15:23:08.307] - _doubleClick(_link("Linksbndig"));
INFO  [2015-09-23 15:23:08.396] - wait 500ms for sahi refresh
INFO  [2015-09-23 15:23:08.897] - sahi-proxy-timer modified to 1870 ms
INFO  [2015-09-23 15:23:08.897] - Environment.type() - type over system keyboard with arg(s) [KOMMENTAR!!]
INFO  [2015-09-23 15:23:08.898] - [profile] TStart: Region.type
INFO  [2015-09-23 15:23:08.898] - [log]  TYPE "KOMMENTAR!!"
INFO  [2015-09-23 15:23:08.898] - [profile] TLap: (0.000 sec): (before getting Robot) Region.type
INFO  [2015-09-23 15:23:08.899] - [profile] TLap: (0.000 sec): (before typing) Region.type
INFO  [2015-09-23 15:23:10.254] - [profile] TLap: (1.356 sec): (after typing, before waitForIdle) Region.type
INFO  [2015-09-23 15:23:10.276] - [profile] TEnd (1.378 sec): Region.type
INFO  [2015-09-23 15:23:10.277] - reset sahi-proxy-timer
INFO  [2015-09-23 15:23:10.317] - _click(_submit("Erzeugen"));
INFO  [2015-09-23 15:23:10.513] - _click(_image("logout.png"));
INFO  [2015-09-23 15:23:10.588] - Environment.sleep() - sleep and do nothing for x seconds with arg(s) [2]
INFO  [2015-09-23 15:23:12.691] - _focus(_textbox("username"));
INFO  [2015-09-23 15:23:12.840] - _click(_textbox("username"));
INFO  [2015-09-23 15:23:12.890] - wait 500ms for sahi refresh
INFO  [2015-09-23 15:23:13.390] - sahi-proxy-timer modified to 2040 ms
INFO  [2015-09-23 15:23:13.391] - Environment.type() - type over system keyboard with arg(s) [bearbeiter_2]
INFO  [2015-09-23 15:23:13.391] - [profile] TStart: Region.type
INFO  [2015-09-23 15:23:13.392] - [log]  TYPE "bearbeiter_2"
INFO  [2015-09-23 15:23:13.392] - [profile] TLap: (0.000 sec): (before getting Robot) Region.type
INFO  [2015-09-23 15:23:13.392] - [profile] TLap: (0.000 sec): (before typing) Region.type
INFO  [2015-09-23 15:23:14.566] - [profile] TLap: (1.173 sec): (after typing, before waitForIdle) Region.type
INFO  [2015-09-23 15:23:14.569] - [profile] TEnd (1.177 sec): Region.type
INFO  [2015-09-23 15:23:14.570] - reset sahi-proxy-timer
INFO  [2015-09-23 15:23:15.039] - _sahi.setServerVar('___lastValue___1443014594571', _getValue(_textbox("username")));
INFO  [2015-09-23 15:23:15.195] - _setValue(_textbox("username"), "bearbeiter_2");
INFO  [2015-09-23 15:23:15.348] - _setValue(_password("password"), "5akuli");
INFO  [2015-09-23 15:23:15.377] - Environment.sleep() - sleep and do nothing for x seconds with arg(s) [1]
INFO  [2015-09-23 15:23:16.378] - wait 500ms for sahi refresh
INFO  [2015-09-23 15:23:16.879] - sahi-proxy-timer modified to 170 ms
INFO  [2015-09-23 15:23:16.879] - Environment.type() - type over system keyboard with arg(s) [
]
INFO  [2015-09-23 15:23:16.880] - [profile] TStart: Region.type
INFO  [2015-09-23 15:23:16.880] - [log]  TYPE "#ENTER."
INFO  [2015-09-23 15:23:16.880] - [profile] TLap: (0.000 sec): (before getting Robot) Region.type
INFO  [2015-09-23 15:23:16.881] - [profile] TLap: (0.000 sec): (before typing) Region.type
INFO  [2015-09-23 15:23:16.985] - [profile] TLap: (0.105 sec): (after typing, before waitForIdle) Region.type
INFO  [2015-09-23 15:23:16.986] - [profile] TEnd (0.106 sec): Region.type
INFO  [2015-09-23 15:23:16.986] - reset sahi-proxy-timer
INFO  [2015-09-23 15:23:16.987] - wait 500ms for sahi refresh
INFO  [2015-09-23 15:23:17.487] - sahi-proxy-timer modified to 170 ms
INFO  [2015-09-23 15:23:17.487] - Environment.type() - type over system keyboard with arg(s) [
]
INFO  [2015-09-23 15:23:17.488] - [profile] TStart: Region.type
INFO  [2015-09-23 15:23:17.488] - [log]  TYPE "#ENTER."
INFO  [2015-09-23 15:23:17.488] - [profile] TLap: (0.000 sec): (before getting Robot) Region.type
INFO  [2015-09-23 15:23:17.488] - [profile] TLap: (0.000 sec): (before typing) Region.type
INFO  [2015-09-23 15:23:17.612] - [profile] TLap: (0.123 sec): (after typing, before waitForIdle) Region.type
INFO  [2015-09-23 15:23:17.612] - [profile] TEnd (0.124 sec): Region.type
INFO  [2015-09-23 15:23:17.612] - reset sahi-proxy-timer
INFO  [2015-09-23 15:23:17.782] - _highlight(_span("Angemeldet als:"));
INFO  [2015-09-23 15:23:17.814] - Environment.sleep() - sleep and do nothing for x seconds with arg(s) [1]
INFO  [2015-09-23 15:23:18.919] - _highlight(_span("user"));
INFO  [2015-09-23 15:23:19.019] - "test case [id=test_case_1, name=test_case_1]" TestCaseAction.addTestCaseStep() - add a step to the current test case with arg(s) [Login, 1443014579562, 1443014599018, 0]
INFO  [2015-09-23 15:23:19.019] - Environment.sleep() - sleep and do nothing for x seconds with arg(s) [10]
INFO  [2015-09-23 15:23:29.096] - create screen shot for error "end"
INFO  [2015-09-23 15:23:29.251] - screen shot saved to file "/root/Desktop/git/sakuli-example-testautomation-day/docker_e2e/consol_cm_test_suites/test_assign_ticket/_logs/_screenshots/2015_09_23_15_23_29_96_end.jpg"
ERROR [2015-09-23 15:23:29.251] - org.sakuli.exceptions.SakuliException: end
org.sakuli.exceptions.SakuliExceptionWithScreenshot: org.sakuli.exceptions.SakuliException: end
	at org.sakuli.exceptions.SakuliExceptionHandler.transformException(SakuliExceptionHandler.java:302) [sakuli.jar:na]
	at org.sakuli.exceptions.SakuliExceptionHandler.processException(SakuliExceptionHandler.java:182) [sakuli.jar:na]
	at org.sakuli.exceptions.SakuliExceptionHandler.handleException(SakuliExceptionHandler.java:170) [sakuli.jar:na]
	at org.sakuli.exceptions.SakuliExceptionHandler.handleException(SakuliExceptionHandler.java:313) [sakuli.jar:na]
	at org.sakuli.exceptions.SakuliExceptionHandler.handleException(SakuliExceptionHandler.java:317) [sakuli.jar:na]
	at org.sakuli.actions.TestCaseAction.handleException(TestCaseAction.java:235) [sakuli.jar:na]
	at sun.reflect.NativeMethodAccessorImpl.invoke0(Native Method) ~[na:1.8.0_60]
	at sun.reflect.NativeMethodAccessorImpl.invoke(Unknown Source) ~[na:1.8.0_60]
	at sun.reflect.DelegatingMethodAccessorImpl.invoke(Unknown Source) ~[na:1.8.0_60]
	at java.lang.reflect.Method.invoke(Unknown Source) ~[na:1.8.0_60]
	at org.mozilla.javascript.MemberBox.invoke(MemberBox.java:161) [js-1.7R2.jar:na]
	at org.mozilla.javascript.NativeJavaMethod.call(NativeJavaMethod.java:247) [js-1.7R2.jar:na]
	at org.mozilla.javascript.Interpreter.interpretLoop(Interpreter.java:3330) [js-1.7R2.jar:na]
	at org.mozilla.javascript.Interpreter.interpret(Interpreter.java:2487) [js-1.7R2.jar:na]
	at org.mozilla.javascript.InterpretedFunction.call(InterpretedFunction.java:164) [js-1.7R2.jar:na]
	at org.mozilla.javascript.ContextFactory.doTopCall(ContextFactory.java:398) [js-1.7R2.jar:na]
	at org.mozilla.javascript.ScriptRuntime.doTopCall(ScriptRuntime.java:3065) [js-1.7R2.jar:na]
	at org.mozilla.javascript.InterpretedFunction.exec(InterpretedFunction.java:175) [js-1.7R2.jar:na]
	at org.mozilla.javascript.Context.evaluateString(Context.java:1104) [js-1.7R2.jar:na]
	at net.sf.sahi.rhino.RhinoScriptRunner.run(RhinoScriptRunner.java:114) [sakuli.jar:na]
	at java.lang.Thread.run(Unknown Source) [na:1.8.0_60]
Caused by: org.sakuli.exceptions.SakuliException: end
	... 17 common frames omitted
INFO  [2015-09-23 15:23:29.385] - _click(_image("logout.png"));
INFO  [2015-09-23 15:23:29.468] - =========== SAVE Test Case 'test_case_1' ==================
INFO  [2015-09-23 15:23:29.818] - _sahi.setServerVar('lastURL', window.document.location.href);
INFO  [2015-09-23 15:23:29.981] - _sahi.setServerVar('browser', navigator.userAgent);
INFO  [2015-09-23 15:23:30.081] - "test case [id=test_case_1, name=test_case_1]" TestCaseAction.saveResult() - save the result of the current test case with arg(s) [test_case_1, 1443014567970, 1443014609469, http://10.4.14.128:8080/cm-client/login?signoutRedirect=true, Mozilla/5.0 (X11, Linux x86_64, rv:38.0) Gecko/20100101 Firefox/38.0]
INFO  [2015-09-23 15:23:30.083] - Total Memory in JVM (Xmx) is: 446.625 MB;<br/>Memory currently in use is: 29.3125 MB;<br/>Memory increment during this test is: 0.25 MB
INFO  [2015-09-23 15:42:24.360] - set logback configuration file '/root/sakuli/sakuli-v0.9.1-SNAPSHOT/config/sakuli-log-config.xml'
INFO  [2015-09-23 15:42:24.367] - initialize test suite with id 'consol_cm_assign_ticket'
INFO  [2015-09-23 15:42:24.382] - 
--- TestSuite initialization: read test suite information of file "/root/Desktop/git/sakuli-example-testautomation-day/docker_e2e/consol_cm_test_suites/test_assign_ticket/testsuite.suite" ----
// format:
// testcase_folder/testcase.sah http://www.starturl.de
//
test_case_1/tc_assign_ticket.js http://sahi.example.com/_s_/dyn/Driver_initialized
 --- End of File "/root/Desktop/git/sakuli-example-testautomation-day/docker_e2e/consol_cm_test_suites/test_assign_ticket/testsuite.suite" ---
INFO  [2015-09-23 15:42:24.383] - test suite with guid 'consol_cm_assign_ticket__2015_09_23_15_42_24_367' has been initialized!
INFO  [2015-09-23 15:42:24.384] - Initialize Sahi Proxy! 
INFO  [2015-09-23 15:42:24.384] - START Sahi-PROXY: Sahi-Home folder '/root/sakuli/sahi', Sahi-Configuration folder '/root/sakuli/sahi/userdata'
INFO  [2015-09-23 15:42:24.610] - Start Sakuli-Test-Suite from folder "/root/Desktop/git/sakuli-example-testautomation-day/docker_e2e/consol_cm_test_suites/test_assign_ticket"
INFO  [2015-09-23 15:42:24.610] - connect Sahi-TestRunner:http://localhost:9999
INFO  [2015-09-23 15:42:24.613] - Sahi-Script-Runner starts!

INFO  [2015-09-23 15:42:24.850] - Add RhinoScriptRunner to the JavaBackEnd
INFO  [2015-09-23 15:42:26.922] - set default path for images to the test case folder "/root/Desktop/git/sakuli-example-testautomation-day/docker_e2e/consol_cm_test_suites/test_assign_ticket/test_case_1"
INFO  [2015-09-23 15:42:26.929] - "test case not initialized" TestCaseAction.getIdFromPath() - convert the path of the test case file to a valid test case ID with arg(s) [/root/Desktop/git/sakuli-example-testautomation-day/docker_e2e/consol_cm_test_suites/test_assign_ticket/test_case_1/undefined]
INFO  [2015-09-23 15:42:26.930] - Return a test-case-id for "/root/Desktop/git/sakuli-example-testautomation-day/docker_e2e/consol_cm_test_suites/test_assign_ticket/test_case_1/undefined"
INFO  [2015-09-23 15:42:26.930] - test-case-id = test_case_1
INFO  [2015-09-23 15:42:26.930] - "test case not initialized" TestCaseAction.init() - init a new test case with arg(s) [test_case_1, 60, 70, [/root/Desktop/git/sakuli-example-testautomation-day/docker_e2e/consol_cm_test_suites/test_assign_ticket/test_case_1]]
INFO  [2015-09-23 15:42:26.930] - load all pics from "/root/Desktop/git/sakuli-example-testautomation-day/docker_e2e/consol_cm_test_suites/test_assign_ticket/test_case_1" in picLib
INFO  [2015-09-23 15:42:26.962] - loaded image [id=browser_maximize, path=/root/Desktop/git/sakuli-example-testautomation-day/docker_e2e/consol_cm_test_suites/test_assign_ticket/test_case_1/browser_maximize.png ]
INFO  [2015-09-23 15:42:26.963] - set isRequestDelayActive=true
INFO  [2015-09-23 15:42:26.964] - Now start to execute the test case 'test_case_1' ! 
 ....
 ...
....
INFO  [2015-09-23 15:42:26.981] - [info] runcmd: wmctrl -m 
INFO  [2015-09-23 15:42:26.987] - [info] runcmd: xdotool version 
INFO  [2015-09-23 15:42:27.000] - [error] RunTimeAPI: fatal error: java.io.IOException: Cannot run program "xdotool": error=2, No such file or directory
INFO  [2015-09-23 15:42:27.001] - "Firefox" Application.focusWindow() - focus application in window with arg(s) [0]
INFO  [2015-09-23 15:42:27.016] - [log] App.focus:  [0:Firefox]
INFO  [2015-09-23 15:42:28.017] - "Firefox" Application.getRegion() - get a Region object from the application
INFO  [2015-09-23 15:42:28.025] - "R[0,75 1280x922]@S(0)" Region.move() - move this region with arg(s) [0, -40]
INFO  [2015-09-23 15:42:28.025] - "R[0,35 1280x922]@S(0)" Region.setH() - set new height for this region with arg(s) [40]
INFO  [2015-09-23 15:42:28.026] - "R[0,35 1280x40]@S(0)" Region.exists() - check if this region is visible with arg(s) [browser_maximize, 1]
INFO  [2015-09-23 15:42:29.211] - _navigateTo("http://10.4.14.128:8080/cm-client/");
INFO  [2015-09-23 15:42:29.806] - _call(top.location.reload());
INFO  [2015-09-23 15:42:29.822] - "test case [id=test_case_1, name=test_case_1]" TestCaseAction.addTestCaseStep() - add a step to the current test case with arg(s) [Load Consol CM, 1443015746930, 1443015749822, 0]
INFO  [2015-09-23 15:42:29.823] - Environment.sleep() - sleep and do nothing for x seconds with arg(s) [2]
INFO  [2015-09-23 15:42:31.915] - _focus(_textbox("username"));
INFO  [2015-09-23 15:42:32.074] - _click(_textbox("username"));
INFO  [2015-09-23 15:42:32.128] - wait 500ms for sahi refresh
INFO  [2015-09-23 15:42:32.629] - sahi-proxy-timer modified to 2040 ms
INFO  [2015-09-23 15:42:32.630] - Environment.type() - type over system keyboard with arg(s) [bearbeiter_1]
INFO  [2015-09-23 15:42:32.635] - [log]  TYPE "bearbeiter_1"
INFO  [2015-09-23 15:42:33.836] - reset sahi-proxy-timer
INFO  [2015-09-23 15:42:34.283] - _sahi.setServerVar('___lastValue___1443015753838', _getValue(_textbox("username")));
INFO  [2015-09-23 15:42:34.441] - _setValue(_textbox("username"), "bearbeiter_1");
INFO  [2015-09-23 15:42:34.597] - _setValue(_password("password"), "5akuli");
INFO  [2015-09-23 15:42:34.647] - Environment.sleep() - sleep and do nothing for x seconds with arg(s) [1]
INFO  [2015-09-23 15:42:35.648] - wait 500ms for sahi refresh
INFO  [2015-09-23 15:42:36.148] - sahi-proxy-timer modified to 170 ms
INFO  [2015-09-23 15:42:36.149] - Environment.type() - type over system keyboard with arg(s) [
]
INFO  [2015-09-23 15:42:36.150] - [profile] TStart: Region.type
INFO  [2015-09-23 15:42:36.150] - [log]  TYPE "#ENTER."
INFO  [2015-09-23 15:42:36.150] - [profile] TLap: (0.000 sec): (before getting Robot) Region.type
INFO  [2015-09-23 15:42:36.151] - [profile] TLap: (0.001 sec): (before typing) Region.type
INFO  [2015-09-23 15:42:36.265] - [profile] TLap: (0.115 sec): (after typing, before waitForIdle) Region.type
INFO  [2015-09-23 15:42:36.268] - [profile] TEnd (0.118 sec): Region.type
INFO  [2015-09-23 15:42:36.269] - reset sahi-proxy-timer
INFO  [2015-09-23 15:42:36.269] - wait 500ms for sahi refresh
INFO  [2015-09-23 15:42:36.773] - sahi-proxy-timer modified to 170 ms
INFO  [2015-09-23 15:42:36.773] - Environment.type() - type over system keyboard with arg(s) [
]
INFO  [2015-09-23 15:42:36.774] - [profile] TStart: Region.type
INFO  [2015-09-23 15:42:36.774] - [log]  TYPE "#ENTER."
INFO  [2015-09-23 15:42:36.774] - [profile] TLap: (0.000 sec): (before getting Robot) Region.type
INFO  [2015-09-23 15:42:36.774] - [profile] TLap: (0.000 sec): (before typing) Region.type
INFO  [2015-09-23 15:42:36.898] - [profile] TLap: (0.124 sec): (after typing, before waitForIdle) Region.type
INFO  [2015-09-23 15:42:36.900] - [profile] TEnd (0.126 sec): Region.type
INFO  [2015-09-23 15:42:36.901] - reset sahi-proxy-timer
INFO  [2015-09-23 15:42:37.332] - _highlight(_span("Angemeldet als:"));
INFO  [2015-09-23 15:42:37.411] - Environment.sleep() - sleep and do nothing for x seconds with arg(s) [1]
INFO  [2015-09-23 15:42:38.544] - _highlight(_span("user"));
INFO  [2015-09-23 15:42:38.617] - "test case [id=test_case_1, name=test_case_1]" TestCaseAction.addTestCaseStep() - add a step to the current test case with arg(s) [Login, 1443015749822, 1443015758617, 0]
INFO  [2015-09-23 15:42:38.693] - _highlight(_link("Neuer Vorgang"));
INFO  [2015-09-23 15:42:38.852] - _click(_link("Neuer Vorgang"));
INFO  [2015-09-23 15:42:39.901] - _setValue(_textbox("createTicket:r:2:w:i:r:1:c:header:r:1:c:c:form:subject:subjectBorder:subjectBorder_body:subject"), "Probleme bei Hr. Bohne");
INFO  [2015-09-23 15:42:40.054] - _highlight(_select("createTicket:r:2:w:i:r:1:c:header:r:1:c:c:form:cf:r:1:i:t:r:0:dr:1:d:c"));
INFO  [2015-09-23 15:42:40.246] - _setSelected(_select("createTicket:r:2:w:i:r:1:c:header:r:1:c:c:form:cf:r:1:i:t:r:0:dr:1:d:c"), "446");
INFO  [2015-09-23 15:42:40.424] - _highlight(_select("createTicket:r:2:w:i:r:1:c:header:r:1:c:c:form:cf:r:1:i:t:r:1:dr:1:d:c"));
INFO  [2015-09-23 15:42:40.604] - _uncheck(_checkbox("checkbox"));
INFO  [2015-09-23 15:42:40.778] - _setValue(_textbox("createTicket:r:2:w:i:r:1:c:header:r:1:c:c:form:attrs:container:autoCompleteEngineer:searchField"), "Tea");
INFO  [2015-09-23 15:42:43.298] - _click(_div("name[0]", _in(_div("/.*autocomplete/"))));
INFO  [2015-09-23 15:42:43.553] - _highlight(_div("Endkunden"));
INFO  [2015-09-23 15:42:43.816] - _click(_div("Endkunden"));
INFO  [2015-09-23 15:42:46.162] - _setSelected(_select("frm_field_valid w_consumerMasterData.salutation t_enum"), "401");
INFO  [2015-09-23 15:42:46.347] - _focus(_textbox("frm_field_valid placeholder_default_watermark w_consumerMasterData.name t_string indexed"));
INFO  [2015-09-23 15:42:46.412] - wait 500ms for sahi refresh
INFO  [2015-09-23 15:42:46.920] - sahi-proxy-timer modified to 170 ms
INFO  [2015-09-23 15:42:46.920] - Environment.type() - type over system keyboard with arg(s) [B]
INFO  [2015-09-23 15:42:46.921] - [profile] TStart: Region.type
INFO  [2015-09-23 15:42:46.921] - [log]  TYPE "B"
INFO  [2015-09-23 15:42:46.921] - [profile] TLap: (0.000 sec): (before getting Robot) Region.type
INFO  [2015-09-23 15:42:46.921] - [profile] TLap: (0.000 sec): (before typing) Region.type
INFO  [2015-09-23 15:42:47.048] - [profile] TLap: (0.127 sec): (after typing, before waitForIdle) Region.type
INFO  [2015-09-23 15:42:47.049] - [profile] TEnd (0.128 sec): Region.type
INFO  [2015-09-23 15:42:47.050] - reset sahi-proxy-timer
INFO  [2015-09-23 15:42:47.264] - _sahi.setServerVar('___lastValue___1443015767051', _getValue(_textbox("frm_field_valid placeholder_default_watermark w_consumerMasterData.name t_string indexed")));
INFO  [2015-09-23 15:42:49.484] - _highlight(_link("Boris Bohne", _under(_heading4("Vorschlge"))));
INFO  [2015-09-23 15:42:49.639] - _click(_link("Boris Bohne", _under(_heading4("Vorschlge"))));
INFO  [2015-09-23 15:42:49.822] - _click(_button("Auswhlen", _under(_heading4("Vorschlge"))));
INFO  [2015-09-23 15:42:50.094] - _doubleClick(_link("Linksbndig"));
INFO  [2015-09-23 15:42:50.183] - wait 500ms for sahi refresh
INFO  [2015-09-23 15:42:50.684] - sahi-proxy-timer modified to 1870 ms
INFO  [2015-09-23 15:42:50.684] - Environment.type() - type over system keyboard with arg(s) [KOMMENTAR!!]
INFO  [2015-09-23 15:42:50.684] - [profile] TStart: Region.type
INFO  [2015-09-23 15:42:50.684] - [log]  TYPE "KOMMENTAR!!"
INFO  [2015-09-23 15:42:50.684] - [profile] TLap: (0.000 sec): (before getting Robot) Region.type
INFO  [2015-09-23 15:42:50.685] - [profile] TLap: (0.000 sec): (before typing) Region.type
INFO  [2015-09-23 15:42:51.980] - [profile] TLap: (1.295 sec): (after typing, before waitForIdle) Region.type
INFO  [2015-09-23 15:42:51.982] - [profile] TEnd (1.298 sec): Region.type
INFO  [2015-09-23 15:42:51.983] - reset sahi-proxy-timer
INFO  [2015-09-23 15:42:52.144] - _click(_submit("Erzeugen"));
INFO  [2015-09-23 15:42:52.333] - _click(_image("logout.png"));
INFO  [2015-09-23 15:42:52.395] - Environment.sleep() - sleep and do nothing for x seconds with arg(s) [2]
INFO  [2015-09-23 15:42:54.604] - _focus(_textbox("username"));
INFO  [2015-09-23 15:42:54.803] - _click(_textbox("username"));
INFO  [2015-09-23 15:42:54.900] - wait 500ms for sahi refresh
INFO  [2015-09-23 15:42:55.400] - sahi-proxy-timer modified to 2040 ms
INFO  [2015-09-23 15:42:55.401] - Environment.type() - type over system keyboard with arg(s) [bearbeiter_2]
INFO  [2015-09-23 15:42:55.401] - [profile] TStart: Region.type
INFO  [2015-09-23 15:42:55.401] - [log]  TYPE "bearbeiter_2"
INFO  [2015-09-23 15:42:55.401] - [profile] TLap: (0.000 sec): (before getting Robot) Region.type
INFO  [2015-09-23 15:42:55.401] - [profile] TLap: (0.000 sec): (before typing) Region.type
INFO  [2015-09-23 15:42:56.540] - [profile] TLap: (1.139 sec): (after typing, before waitForIdle) Region.type
INFO  [2015-09-23 15:42:56.542] - [profile] TEnd (1.140 sec): Region.type
INFO  [2015-09-23 15:42:56.542] - reset sahi-proxy-timer
INFO  [2015-09-23 15:42:57.076] - _sahi.setServerVar('___lastValue___1443015776543', _getValue(_textbox("username")));
INFO  [2015-09-23 15:42:57.276] - _setValue(_textbox("username"), "bearbeiter_2");
INFO  [2015-09-23 15:42:57.470] - _setValue(_password("password"), "5akuli");
INFO  [2015-09-23 15:42:57.548] - Environment.sleep() - sleep and do nothing for x seconds with arg(s) [1]
INFO  [2015-09-23 15:42:58.549] - wait 500ms for sahi refresh
INFO  [2015-09-23 15:42:59.049] - sahi-proxy-timer modified to 170 ms
INFO  [2015-09-23 15:42:59.050] - Environment.type() - type over system keyboard with arg(s) [
]
INFO  [2015-09-23 15:42:59.050] - [profile] TStart: Region.type
INFO  [2015-09-23 15:42:59.051] - [log]  TYPE "#ENTER."
INFO  [2015-09-23 15:42:59.051] - [profile] TLap: (0.000 sec): (before getting Robot) Region.type
INFO  [2015-09-23 15:42:59.051] - [profile] TLap: (0.000 sec): (before typing) Region.type
INFO  [2015-09-23 15:42:59.145] - [profile] TLap: (0.094 sec): (after typing, before waitForIdle) Region.type
INFO  [2015-09-23 15:42:59.147] - [profile] TEnd (0.096 sec): Region.type
INFO  [2015-09-23 15:42:59.148] - reset sahi-proxy-timer
INFO  [2015-09-23 15:42:59.148] - wait 500ms for sahi refresh
INFO  [2015-09-23 15:42:59.649] - sahi-proxy-timer modified to 170 ms
INFO  [2015-09-23 15:42:59.649] - Environment.type() - type over system keyboard with arg(s) [
]
INFO  [2015-09-23 15:42:59.649] - [profile] TStart: Region.type
INFO  [2015-09-23 15:42:59.649] - [log]  TYPE "#ENTER."
INFO  [2015-09-23 15:42:59.649] - [profile] TLap: (0.000 sec): (before getting Robot) Region.type
INFO  [2015-09-23 15:42:59.650] - [profile] TLap: (0.001 sec): (before typing) Region.type
INFO  [2015-09-23 15:42:59.751] - [profile] TLap: (0.101 sec): (after typing, before waitForIdle) Region.type
INFO  [2015-09-23 15:42:59.752] - [profile] TEnd (0.102 sec): Region.type
INFO  [2015-09-23 15:42:59.752] - reset sahi-proxy-timer
INFO  [2015-09-23 15:43:00.646] - _highlight(_span("Angemeldet als:"));
INFO  [2015-09-23 15:43:00.672] - Environment.sleep() - sleep and do nothing for x seconds with arg(s) [1]
INFO  [2015-09-23 15:43:01.845] - _highlight(_span("user"));
INFO  [2015-09-23 15:43:01.873] - "test case [id=test_case_1, name=test_case_1]" TestCaseAction.addTestCaseStep() - add a step to the current test case with arg(s) [Login, 1443015758617, 1443015781873, 0]
INFO  [2015-09-23 15:43:02.095] - _highlight(_div(0, _in(_div("/accordion_item first .*/"))));
INFO  [2015-09-23 15:43:02.380] - _highlight(_div(1, _in(_div("/accordion_item first .*/"))));
INFO  [2015-09-23 15:43:02.640] - _sahi.setServerVar('___lastValue___1443015782483', _exists(_link(0, _in(_div(1, _in(_div("/accordion_item first .*/")))))));
INFO  [2015-09-23 15:43:03.529] - _sahi.setServerVar('___lastValue___1443015782688', _count("_div", "/cl_item tt_init .*/"));
INFO  [2015-09-23 15:43:03.608] - Environment.sleep() - sleep and do nothing for x seconds with arg(s) [1]
INFO  [2015-09-23 15:43:04.839] - _highlight(_link(0, _in(_div("/cl_item tt_init .*/["+1+"]"))));
INFO  [2015-09-23 15:43:04.921] - Environment.sleep() - sleep and do nothing for x seconds with arg(s) [1]
INFO  [2015-09-23 15:43:06.131] - _click(_link(0, _in(_div("/cl_item tt_init .*/["+1+"]"))));
INFO  [2015-09-23 15:43:06.820] - _highlight(_link(">>> Direkt schlieen (verwerfen)..."));
INFO  [2015-09-23 15:43:06.858] - Environment.sleep() - sleep and do nothing for x seconds with arg(s) [1]
INFO  [2015-09-23 15:43:08.002] - _click(_link(">>> Direkt schlieen (verwerfen)..."));
INFO  [2015-09-23 15:43:08.164] - _highlight(_select("frm_field_valid w_serviceCommonACFOnly.directCloseReason t_enum"));
INFO  [2015-09-23 15:43:08.260] - Environment.sleep() - sleep and do nothing for x seconds with arg(s) [1]
INFO  [2015-09-23 15:43:09.382] - _setSelected(_select("frm_field_valid w_serviceCommonACFOnly.directCloseReason t_enum"), "403");
INFO  [2015-09-23 15:43:09.640] - _click(_button("OK", _in(_div("/activity_control_form .*/"))));
INFO  [2015-09-23 15:43:09.662] - Environment.sleep() - sleep and do nothing for x seconds with arg(s) [2]
INFO  [2015-09-23 15:43:11.784] - _click(_image("logout.png"));
INFO  [2015-09-23 15:43:22.495] - _click(_image("logout.png"));
Error: The parameter passed to _click was not found on the browser
INFO  [2015-09-23 15:43:22.495] - =========== SAVE Test Case 'test_case_1' ==================
INFO  [2015-09-23 15:43:22.672] - _sahi.setServerVar('lastURL', window.document.location.href);
INFO  [2015-09-23 15:43:22.861] - _sahi.setServerVar('browser', navigator.userAgent);
INFO  [2015-09-23 15:43:22.917] - "test case [id=test_case_1, name=test_case_1]" TestCaseAction.saveResult() - save the result of the current test case with arg(s) [test_case_1, 1443015746930, 1443015802495, http://10.4.14.128:8080/cm-client/login?signoutRedirect=true, Mozilla/5.0 (X11, Linux x86_64, rv:38.0) Gecko/20100101 Firefox/38.0]
INFO  [2015-09-23 15:43:22.918] - Total Memory in JVM (Xmx) is: 446.625 MB;<br/>Memory currently in use is: 29.25 MB;<br/>Memory increment during this test is: 0.1875 MB
INFO  [2015-09-23 15:43:26.898] - test suite 'consol_cm_assign_ticket' stopped at 2015_09_23_15_43_26_898
INFO  [2015-09-23 15:43:26.898] - Sahi-Script-Runner executed with SUCCESS
INFO  [2015-09-23 15:43:26.898] - test suite finished
INFO  [2015-09-23 15:43:26.898] - SHUTDOWN SAHI-Proxy SUCCESSFULLY
INFO  [2015-09-23 15:43:26.923] - 
=========== RESULT of SAKULI Testsuite "consol_cm_assign_ticket" - OK =================
test suite id: consol_cm_assign_ticket
guid: consol_cm_assign_ticket__2015_09_23_15_42_24_367
name: CM-Showroom Comment
RESULT STATE: OK
result code: 0
db primary key: -1
duration: 62.531 sec.
warning time: 120 sec.
critical time: 140 sec.
start time: 23-09-2015 15:42:24
end time: 23-09-2015 15:43:26
db primary key of job table: -1
browser: Mozilla/5.0 (X11, Linux x86_64, rv:38.0) Gecko/20100101 Firefox/38.0
	======== test case "test_case_1" ended with OK =================
	test case id: test_case_1
	name: test_case_1
	RESULT STATE: OK
	result code: 0
	db primary key: -1
	duration: 55.565 sec.
	warning time: 60 sec.
	critical time: 70 sec.
	start time: 23-09-2015 15:42:26
	end time: 23-09-2015 15:43:22
	start URL: http://sahi.example.com/_s_/dyn/Driver_initialized
	last URL: http://10.4.14.128:8080/cm-client/login?signoutRedirect=true
		======== test case step "Load_Consol_CM" ended with OK =================
		name: Load_Consol_CM
		RESULT STATE: OK
		result code: 0
		db primary key: -1
		duration: 2.892 sec.
		warning time: 0 sec.
		start time: 23-09-2015 15:42:26
		end time: 23-09-2015 15:42:29
		======== test case step "Login" ended with OK =================
		name: Login
		RESULT STATE: OK
		result code: 0
		db primary key: -1
		duration: 23.256 sec.
		warning time: 0 sec.
		start time: 23-09-2015 15:42:38
		end time: 23-09-2015 15:43:01
===========  SAKULI Testsuite "consol_cm_assign_ticket" execution FINISHED - OK ======================

